<?xml version="1.0" encoding="UTF-8"?>
<!-- Generated by org.testng.reporters.JUnitXMLReporter -->
<testsuite hostname="CISM-I-458" ignored="0" name="Default test" tests="3" failures="0" timestamp="2022-03-03T13:30:59 IST" time="76.785" errors="0">
  <testcase name="qq_VerifyCKEditor" time="6.927" classname="com.md.testcases.QuickQuotesTest"/>
  <testcase name="qq_VerifyAwardLotPopup" time="21.79" classname="com.md.testcases.QuickQuotesTest"/>
  <testcase name="qq_VerifyCurrencySymbol" time="18.042" classname="com.md.testcases.QuickQuotesTest"/>
</testsuite> <!-- Default test -->
