<?xml version="1.0" encoding="UTF-8"?>
<!-- Generated by org.testng.reporters.JUnitXMLReporter -->
<testsuite hostname="CISM-I-458" ignored="0" name="Default test" tests="3" failures="0" timestamp="2022-02-24T15:23:30 IST" time="104.208" errors="0">
  <testcase name="qq_VerifyAwardLotPopup" time="21.664" classname="com.md.testcases.QuickQuotesTest"/>
  <testcase name="qq_VerifyCKEditor" time="7.315" classname="com.md.testcases.QuickQuotesTest"/>
  <testcase name="qq_VerifyCurrencySymbol" time="17.852" classname="com.md.testcases.QuickQuotesTest"/>
</testsuite> <!-- Default test -->
