<?xml version="1.0" encoding="UTF-8"?>
<!-- Generated by org.testng.reporters.JUnitXMLReporter -->
<testsuite hostname="CISM-I-458" ignored="0" name="Default test" tests="5" failures="0" timestamp="2022-01-03T23:14:42 IST" time="160.461" errors="0">
  <testcase name="qq_VerifyDeleteQuote" time="17.799" classname="com.md.testcases.QuickQuotesTest"/>
  <testcase name="qq_VerifyDeleteQuote" time="17.348" classname="com.md.testcases.QuickQuotesTest"/>
  <testcase name="qq_VerifyDeleteQuote" time="17.06" classname="com.md.testcases.QuickQuotesTest"/>
  <testcase name="qq_VerifyDeleteQuote" time="16.996" classname="com.md.testcases.QuickQuotesTest"/>
  <testcase name="qq_VerifyDeleteQuote" time="17.29" classname="com.md.testcases.QuickQuotesTest"/>
</testsuite> <!-- Default test -->
