<?xml version="1.0" encoding="UTF-8"?>
<!-- Generated by org.testng.reporters.JUnitXMLReporter -->
<testsuite hostname="CISM-I-458" ignored="0" name="Default test" tests="19" failures="0" timestamp="2022-04-06T20:24:10 IST" time="843.34" errors="0">
  <testcase name="qq_VerifyTitleTest" time="0.029" classname="com.md.testcases.QuickQuotesTest"/>
  <testcase name="qq_VerifyUserName" time="0.067" classname="com.md.testcases.QuickQuotesTest"/>
  <testcase name="qq_VerifyCompanyLogo" time="0.039" classname="com.md.testcases.QuickQuotesTest"/>
  <testcase name="qq_VerifyValidationMessageOnNamefield" time="15.247" classname="com.md.testcases.QuickQuotesTest"/>
  <testcase name="qq_VerifyGetQuoteButtonIsDisable" time="2.297" classname="com.md.testcases.QuickQuotesTest"/>
  <testcase name="qq_VerifyToasterMessage" time="4.502" classname="com.md.testcases.QuickQuotesTest"/>
  <testcase name="qq_VerifyQuotebyName" time="6.093" classname="com.md.testcases.QuickQuotesTest"/>
  <testcase name="qq_VerifyEditContent" time="12.971" classname="com.md.testcases.QuickQuotesTest"/>
  <testcase name="qq_VerifyDeleteQuote" time="12.635" classname="com.md.testcases.QuickQuotesTest"/>
  <testcase name="qq_VerifyParticpantAddedFromGroup" time="11.956" classname="com.md.testcases.QuickQuotesTest"/>
  <testcase name="qq_VerfiyQQEventWithAllDetails" time="17.477" classname="com.md.testcases.QuickQuotesTest"/>
  <testcase name="qq_VerifyCreateMessageinSandpit" time="172.89" classname="com.md.testcases.QuickQuotesTest"/>
  <testcase name="qq_VerfiyEditQQEvent" time="123.49" classname="com.md.testcases.QuickQuotesTest"/>
  <testcase name="qq_VerifySearchQuote" time="11.573" classname="com.md.testcases.QuickQuotesTest"/>
  <testcase name="qq_VerifyQuestionnaireAndAllowResubmissioninSandpit" time="244.218" classname="com.md.testcases.QuickQuotesTest"/>
  <testcase name="qq_VerifyClosedReopenEvent" time="19.61" classname="com.md.testcases.QuickQuotesTest"/>
  <testcase name="qq_VerifyCKEditor" time="7.181" classname="com.md.testcases.QuickQuotesTest"/>
  <testcase name="qq_VerifyAwardLotPopup" time="21.681" classname="com.md.testcases.QuickQuotesTest"/>
  <testcase name="qq_VerifyCurrencySymbol" time="24.086" classname="com.md.testcases.QuickQuotesTest"/>
</testsuite> <!-- Default test -->
