<?xml version="1.0" encoding="UTF-8"?>
<!-- Generated by org.testng.reporters.JUnitXMLReporter -->
<testsuite hostname="CISM-I-458" ignored="0" name="Default test" tests="3" failures="0" timestamp="2021-12-29T17:34:15 IST" time="84.291" errors="0">
  <testcase name="qq_VerifyDeleteQuote" time="15.166" classname="com.md.testcases.QuickQuotesTest"/>
  <testcase name="qq_VerifyDeleteQuote" time="14.292" classname="com.md.testcases.QuickQuotesTest"/>
  <testcase name="qq_VerifyDeleteQuote" time="14.208" classname="com.md.testcases.QuickQuotesTest"/>
</testsuite> <!-- Default test -->
