<?xml version="1.0" encoding="UTF-8"?>
<!-- Generated by org.testng.reporters.JUnitXMLReporter -->
<testsuite hostname="CISM-I-458" ignored="12" name="Default test" tests="26" failures="5" timestamp="2022-05-24T11:50:52 IST" time="1652.145" errors="0">
  <testcase name="contract_VerifyHeadingOnContractListingPage" time="34.633" classname="com.md.testcases.ContractTest"/>
  <testcase name="contract_VerifyUserIsAbleToAddContract" time="114.616" classname="com.md.testcases.ContractTest"/>
  <testcase name="contract_VerifyUserIsAbleToSearchContract" time="36.769" classname="com.md.testcases.ContractTest"/>
  <testcase name="contract_VerifyAlertMsgOnSearchingContracts" time="41.644" classname="com.md.testcases.ContractTest"/>
  <testcase name="contract_VerifySearchContractUsingTitle" time="37.977" classname="com.md.testcases.ContractTest"/>
  <testcase name="contract_VerifySearchContractUsingStartDate" time="41.351" classname="com.md.testcases.ContractTest"/>
  <testcase name="contract_VerifySearchContractUsingExpiryDate" time="43.553" classname="com.md.testcases.ContractTest"/>
  <testcase name="contract_VerifySearchContractUsingSupplier" time="48.642" classname="com.md.testcases.ContractTest">
    <failure type="org.openqa.selenium.json.JsonException" message="java.lang.reflect.InvocationTargetException
Build info: version: &amp;apos;4.1.4&amp;apos;, revision: &amp;apos;535d840ee2&amp;apos;
System info: host: &amp;apos;CISM-I-458&amp;apos;, ip: &amp;apos;192.168.2.203&amp;apos;, os.name: &amp;apos;Windows 10&amp;apos;, os.arch: &amp;apos;amd64&amp;apos;, os.version: &amp;apos;10.0&amp;apos;, java.version: &amp;apos;1.8.0_281&amp;apos;
Driver info: org.openqa.selenium.chrome.ChromeDriver
Command: [7c7a47ff690fa62a5cdf7c67e36622a5, actions {actions=[org.openqa.selenium.interactions.Sequence@6f798482]}]
Capabilities {acceptInsecureCerts: false, browserName: chrome, browserVersion: 99.0.4844.82, chrome: {chromedriverVersion: 99.0.4844.51 (d537ec02474b5..., userDataDir: C:\Users\cis\AppData\Local\...}, goog:chromeOptions: {debuggerAddress: localhost:50043}, javascriptEnabled: true, networkConnectionEnabled: false, pageLoadStrategy: normal, platform: WINDOWS, platformName: WINDOWS, proxy: Proxy(), se:cdp: ws://localhost:50043/devtoo..., se:cdpVersion: 99.0.4844.82, setWindowRect: true, strictFileInteractability: false, timeouts: {implicit: 0, pageLoad: 300000, script: 30000}, unhandledPromptBehavior: dismiss and notify, webauthn:extension:credBlob: true, webauthn:extension:largeBlob: true, webauthn:virtualAuthenticators: true}
Session ID: 7c7a47ff690fa62a5cdf7c67e36622a5">
      <![CDATA[org.openqa.selenium.json.JsonException: java.lang.reflect.InvocationTargetException
Build info: version: '4.1.4', revision: '535d840ee2'
System info: host: 'CISM-I-458', ip: '192.168.2.203', os.name: 'Windows 10', os.arch: 'amd64', os.version: '10.0', java.version: '1.8.0_281'
Driver info: org.openqa.selenium.chrome.ChromeDriver
Command: [7c7a47ff690fa62a5cdf7c67e36622a5, actions {actions=[org.openqa.selenium.interactions.Sequence@6f798482]}]
Capabilities {acceptInsecureCerts: false, browserName: chrome, browserVersion: 99.0.4844.82, chrome: {chromedriverVersion: 99.0.4844.51 (d537ec02474b5..., userDataDir: C:\Users\cis\AppData\Local\...}, goog:chromeOptions: {debuggerAddress: localhost:50043}, javascriptEnabled: true, networkConnectionEnabled: false, pageLoadStrategy: normal, platform: WINDOWS, platformName: WINDOWS, proxy: Proxy(), se:cdp: ws://localhost:50043/devtoo..., se:cdpVersion: 99.0.4844.82, setWindowRect: true, strictFileInteractability: false, timeouts: {implicit: 0, pageLoad: 300000, script: 30000}, unhandledPromptBehavior: dismiss and notify, webauthn:extension:credBlob: true, webauthn:extension:largeBlob: true, webauthn:virtualAuthenticators: true}
Session ID: 7c7a47ff690fa62a5cdf7c67e36622a5
at org.openqa.selenium.json.JsonOutput.convertUsingMethod(JsonOutput.java:362)
at org.openqa.selenium.json.JsonOutput.lambda$new$16(JsonOutput.java:154)
at org.openqa.selenium.json.JsonOutput.write(JsonOutput.java:287)
at org.openqa.selenium.json.JsonOutput.lambda$new$22(JsonOutput.java:169)
at java.util.stream.ForEachOps$ForEachOp$OfRef.accept(ForEachOps.java:184)
at java.util.stream.ReferencePipeline$2$1.accept(ReferencePipeline.java:175)
at java.util.Iterator.forEachRemaining(Iterator.java:116)
at java.util.Spliterators$IteratorSpliterator.forEachRemaining(Spliterators.java:1801)
at java.util.stream.AbstractPipeline.copyInto(AbstractPipeline.java:482)
at java.util.stream.AbstractPipeline.wrapAndCopyInto(AbstractPipeline.java:472)
at java.util.stream.ForEachOps$ForEachOp.evaluateSequential(ForEachOps.java:151)
at java.util.stream.ForEachOps$ForEachOp$OfRef.evaluateSequential(ForEachOps.java:174)
at java.util.stream.AbstractPipeline.evaluate(AbstractPipeline.java:234)
at java.util.stream.ReferencePipeline.forEach(ReferencePipeline.java:418)
at org.openqa.selenium.json.JsonOutput.lambda$new$23(JsonOutput.java:169)
at org.openqa.selenium.json.JsonOutput.write(JsonOutput.java:287)
at org.openqa.selenium.json.JsonOutput.lambda$new$24(JsonOutput.java:182)
at com.google.common.collect.SingletonImmutableBiMap.forEach(SingletonImmutableBiMap.java:68)
at org.openqa.selenium.json.JsonOutput.lambda$new$25(JsonOutput.java:177)
at org.openqa.selenium.json.JsonOutput.write(JsonOutput.java:287)
at org.openqa.selenium.json.JsonOutput.write(JsonOutput.java:278)
at org.openqa.selenium.json.Json.toJson(Json.java:42)
at org.openqa.selenium.remote.codec.AbstractHttpCommandCodec.encode(AbstractHttpCommandCodec.java:259)
at org.openqa.selenium.remote.codec.AbstractHttpCommandCodec.encode(AbstractHttpCommandCodec.java:127)
at org.openqa.selenium.remote.HttpCommandExecutor.execute(HttpCommandExecutor.java:172)
at org.openqa.selenium.remote.service.DriverCommandExecutor.invokeExecute(DriverCommandExecutor.java:167)
at org.openqa.selenium.remote.service.DriverCommandExecutor.execute(DriverCommandExecutor.java:142)
at org.openqa.selenium.remote.RemoteWebDriver.execute(RemoteWebDriver.java:567)
at org.openqa.selenium.remote.RemoteWebDriver.perform(RemoteWebDriver.java:635)
at org.openqa.selenium.interactions.Actions$BuiltAction.perform(Actions.java:656)
at com.md.pages.ContractPage.VerifySearchContractUsingSupplier(ContractPage.java:659)
at com.md.testcases.ContractTest.contract_VerifySearchContractUsingSupplier(ContractTest.java:83)
at sun.reflect.NativeMethodAccessorImpl.invoke0(Native Method)
at sun.reflect.NativeMethodAccessorImpl.invoke(NativeMethodAccessorImpl.java:62)
at sun.reflect.DelegatingMethodAccessorImpl.invoke(DelegatingMethodAccessorImpl.java:43)
at java.lang.reflect.Method.invoke(Method.java:498)
at org.testng.internal.MethodInvocationHelper.invokeMethod(MethodInvocationHelper.java:132)
at org.testng.internal.TestInvoker.invokeMethod(TestInvoker.java:599)
at org.testng.internal.TestInvoker.invokeTestMethod(TestInvoker.java:174)
at org.testng.internal.MethodRunner.runInSequence(MethodRunner.java:46)
at org.testng.internal.TestInvoker$MethodInvocationAgent.invoke(TestInvoker.java:822)
at org.testng.internal.TestInvoker.invokeTestMethods(TestInvoker.java:147)
at org.testng.internal.TestMethodWorker.invokeTestMethods(TestMethodWorker.java:146)
at org.testng.internal.TestMethodWorker.run(TestMethodWorker.java:128)
at java.util.ArrayList.forEach(ArrayList.java:1259)
at org.testng.TestRunner.privateRun(TestRunner.java:764)
at org.testng.TestRunner.run(TestRunner.java:585)
at org.testng.SuiteRunner.runTest(SuiteRunner.java:384)
at org.testng.SuiteRunner.runSequentially(SuiteRunner.java:378)
at org.testng.SuiteRunner.privateRun(SuiteRunner.java:337)
at org.testng.SuiteRunner.run(SuiteRunner.java:286)
at org.testng.SuiteRunnerWorker.runSuite(SuiteRunnerWorker.java:53)
at org.testng.SuiteRunnerWorker.run(SuiteRunnerWorker.java:96)
at org.testng.TestNG.runSuitesSequentially(TestNG.java:1218)
at org.testng.TestNG.runSuitesLocally(TestNG.java:1140)
at org.testng.TestNG.runSuites(TestNG.java:1069)
at org.testng.TestNG.run(TestNG.java:1037)
at org.testng.remote.AbstractRemoteTestNG.run(AbstractRemoteTestNG.java:115)
at org.testng.remote.RemoteTestNG.initAndRun(RemoteTestNG.java:251)
at org.testng.remote.RemoteTestNG.main(RemoteTestNG.java:77)
Suppressed: org.openqa.selenium.json.JsonException: Attempting to close incomplete json stream
Build info: version: '4.1.4', revision: '535d840ee2'
System info: host: 'CISM-I-458', ip: '192.168.2.203', os.name: 'Windows 10', os.arch: 'amd64', os.version: '10.0', java.version: '1.8.0_281'
Driver info: driver.version: RemoteWebDriver
at org.openqa.selenium.json.JsonOutput.close(JsonOutput.java:303)
at org.openqa.selenium.json.Json.toJson(Json.java:40)
... 38 more
Caused by: java.lang.reflect.InvocationTargetException
at sun.reflect.NativeMethodAccessorImpl.invoke0(Native Method)
at sun.reflect.NativeMethodAccessorImpl.invoke(NativeMethodAccessorImpl.java:62)
at sun.reflect.DelegatingMethodAccessorImpl.invoke(DelegatingMethodAccessorImpl.java:43)
at java.lang.reflect.Method.invoke(Method.java:498)
at org.openqa.selenium.json.JsonOutput.convertUsingMethod(JsonOutput.java:358)
... 59 more
Caused by: org.openqa.selenium.NoSuchElementException: no such element: Unable to locate element: {"method":"xpath","selector":"//tr[@class='search-row']/td[7]/div/div//input[@id='search_input']"}
  (Session info: chrome=99.0.4844.82)
For documentation on this error, please visit: https://selenium.dev/exceptions/#no_such_element
Build info: version: '4.1.4', revision: '535d840ee2'
System info: host: 'CISM-I-458', ip: '192.168.2.203', os.name: 'Windows 10', os.arch: 'amd64', os.version: '10.0', java.version: '1.8.0_281'
Driver info: org.openqa.selenium.chrome.ChromeDriver
Command: [7c7a47ff690fa62a5cdf7c67e36622a5, findElement {using=xpath, value=//tr[@class='search-row']/td[7]/div/div//input[@id='search_input']}]
Capabilities {acceptInsecureCerts: false, browserName: chrome, browserVersion: 99.0.4844.82, chrome: {chromedriverVersion: 99.0.4844.51 (d537ec02474b5..., userDataDir: C:\Users\cis\AppData\Local\...}, goog:chromeOptions: {debuggerAddress: localhost:50043}, javascriptEnabled: true, networkConnectionEnabled: false, pageLoadStrategy: normal, platform: WINDOWS, platformName: WINDOWS, proxy: Proxy(), se:cdp: ws://localhost:50043/devtoo..., se:cdpVersion: 99.0.4844.82, setWindowRect: true, strictFileInteractability: false, timeouts: {implicit: 0, pageLoad: 300000, script: 30000}, unhandledPromptBehavior: dismiss and notify, webauthn:extension:credBlob: true, webauthn:extension:largeBlob: true, webauthn:virtualAuthenticators: true}
Session ID: 7c7a47ff690fa62a5cdf7c67e36622a5
at sun.reflect.NativeConstructorAccessorImpl.newInstance0(Native Method)
at sun.reflect.NativeConstructorAccessorImpl.newInstance(NativeConstructorAccessorImpl.java:62)
at sun.reflect.DelegatingConstructorAccessorImpl.newInstance(DelegatingConstructorAccessorImpl.java:45)
at java.lang.reflect.Constructor.newInstance(Constructor.java:423)
at org.openqa.selenium.remote.codec.w3c.W3CHttpResponseCodec.createException(W3CHttpResponseCodec.java:200)
at org.openqa.selenium.remote.codec.w3c.W3CHttpResponseCodec.decode(W3CHttpResponseCodec.java:133)
at org.openqa.selenium.remote.codec.w3c.W3CHttpResponseCodec.decode(W3CHttpResponseCodec.java:53)
at org.openqa.selenium.remote.HttpCommandExecutor.execute(HttpCommandExecutor.java:184)
at org.openqa.selenium.remote.service.DriverCommandExecutor.invokeExecute(DriverCommandExecutor.java:167)
at org.openqa.selenium.remote.service.DriverCommandExecutor.execute(DriverCommandExecutor.java:142)
at org.openqa.selenium.remote.RemoteWebDriver.execute(RemoteWebDriver.java:567)
at org.openqa.selenium.remote.ElementLocation$ElementFinder$2.findElement(ElementLocation.java:162)
at org.openqa.selenium.remote.ElementLocation.findElement(ElementLocation.java:60)
at org.openqa.selenium.remote.RemoteWebDriver.findElement(RemoteWebDriver.java:385)
at org.openqa.selenium.remote.RemoteWebDriver.findElement(RemoteWebDriver.java:377)
at org.openqa.selenium.support.pagefactory.DefaultElementLocator.findElement(DefaultElementLocator.java:70)
at org.openqa.selenium.support.pagefactory.internal.LocatingElementHandler.invoke(LocatingElementHandler.java:39)
at com.sun.proxy.$Proxy30.getWrappedElement(Unknown Source)
at org.openqa.selenium.interactions.PointerInput$Origin.asArg(PointerInput.java:234)
at org.openqa.selenium.interactions.PointerInput$Move.encode(PointerInput.java:185)
at org.openqa.selenium.interactions.Sequence.encode(Sequence.java:73)
at org.openqa.selenium.interactions.Sequence.toJson(Sequence.java:82)
... 64 more
]]>
    </failure>
  </testcase> <!-- contract_VerifySearchContractUsingSupplier -->
  <testcase name="contract_VerifySearchContractUsingValue" time="43.077" classname="com.md.testcases.ContractTest">
    <failure type="org.openqa.selenium.json.JsonException" message="java.lang.reflect.InvocationTargetException
Build info: version: &amp;apos;4.1.4&amp;apos;, revision: &amp;apos;535d840ee2&amp;apos;
System info: host: &amp;apos;CISM-I-458&amp;apos;, ip: &amp;apos;192.168.2.203&amp;apos;, os.name: &amp;apos;Windows 10&amp;apos;, os.arch: &amp;apos;amd64&amp;apos;, os.version: &amp;apos;10.0&amp;apos;, java.version: &amp;apos;1.8.0_281&amp;apos;
Driver info: org.openqa.selenium.chrome.ChromeDriver
Command: [7c7a47ff690fa62a5cdf7c67e36622a5, actions {actions=[org.openqa.selenium.interactions.Sequence@656f62dc]}]
Capabilities {acceptInsecureCerts: false, browserName: chrome, browserVersion: 99.0.4844.82, chrome: {chromedriverVersion: 99.0.4844.51 (d537ec02474b5..., userDataDir: C:\Users\cis\AppData\Local\...}, goog:chromeOptions: {debuggerAddress: localhost:50043}, javascriptEnabled: true, networkConnectionEnabled: false, pageLoadStrategy: normal, platform: WINDOWS, platformName: WINDOWS, proxy: Proxy(), se:cdp: ws://localhost:50043/devtoo..., se:cdpVersion: 99.0.4844.82, setWindowRect: true, strictFileInteractability: false, timeouts: {implicit: 0, pageLoad: 300000, script: 30000}, unhandledPromptBehavior: dismiss and notify, webauthn:extension:credBlob: true, webauthn:extension:largeBlob: true, webauthn:virtualAuthenticators: true}
Session ID: 7c7a47ff690fa62a5cdf7c67e36622a5">
      <![CDATA[org.openqa.selenium.json.JsonException: java.lang.reflect.InvocationTargetException
Build info: version: '4.1.4', revision: '535d840ee2'
System info: host: 'CISM-I-458', ip: '192.168.2.203', os.name: 'Windows 10', os.arch: 'amd64', os.version: '10.0', java.version: '1.8.0_281'
Driver info: org.openqa.selenium.chrome.ChromeDriver
Command: [7c7a47ff690fa62a5cdf7c67e36622a5, actions {actions=[org.openqa.selenium.interactions.Sequence@656f62dc]}]
Capabilities {acceptInsecureCerts: false, browserName: chrome, browserVersion: 99.0.4844.82, chrome: {chromedriverVersion: 99.0.4844.51 (d537ec02474b5..., userDataDir: C:\Users\cis\AppData\Local\...}, goog:chromeOptions: {debuggerAddress: localhost:50043}, javascriptEnabled: true, networkConnectionEnabled: false, pageLoadStrategy: normal, platform: WINDOWS, platformName: WINDOWS, proxy: Proxy(), se:cdp: ws://localhost:50043/devtoo..., se:cdpVersion: 99.0.4844.82, setWindowRect: true, strictFileInteractability: false, timeouts: {implicit: 0, pageLoad: 300000, script: 30000}, unhandledPromptBehavior: dismiss and notify, webauthn:extension:credBlob: true, webauthn:extension:largeBlob: true, webauthn:virtualAuthenticators: true}
Session ID: 7c7a47ff690fa62a5cdf7c67e36622a5
at org.openqa.selenium.json.JsonOutput.convertUsingMethod(JsonOutput.java:362)
at org.openqa.selenium.json.JsonOutput.lambda$new$16(JsonOutput.java:154)
at org.openqa.selenium.json.JsonOutput.write(JsonOutput.java:287)
at org.openqa.selenium.json.JsonOutput.lambda$new$22(JsonOutput.java:169)
at java.util.stream.ForEachOps$ForEachOp$OfRef.accept(ForEachOps.java:184)
at java.util.stream.ReferencePipeline$2$1.accept(ReferencePipeline.java:175)
at java.util.Iterator.forEachRemaining(Iterator.java:116)
at java.util.Spliterators$IteratorSpliterator.forEachRemaining(Spliterators.java:1801)
at java.util.stream.AbstractPipeline.copyInto(AbstractPipeline.java:482)
at java.util.stream.AbstractPipeline.wrapAndCopyInto(AbstractPipeline.java:472)
at java.util.stream.ForEachOps$ForEachOp.evaluateSequential(ForEachOps.java:151)
at java.util.stream.ForEachOps$ForEachOp$OfRef.evaluateSequential(ForEachOps.java:174)
at java.util.stream.AbstractPipeline.evaluate(AbstractPipeline.java:234)
at java.util.stream.ReferencePipeline.forEach(ReferencePipeline.java:418)
at org.openqa.selenium.json.JsonOutput.lambda$new$23(JsonOutput.java:169)
at org.openqa.selenium.json.JsonOutput.write(JsonOutput.java:287)
at org.openqa.selenium.json.JsonOutput.lambda$new$24(JsonOutput.java:182)
at com.google.common.collect.SingletonImmutableBiMap.forEach(SingletonImmutableBiMap.java:68)
at org.openqa.selenium.json.JsonOutput.lambda$new$25(JsonOutput.java:177)
at org.openqa.selenium.json.JsonOutput.write(JsonOutput.java:287)
at org.openqa.selenium.json.JsonOutput.write(JsonOutput.java:278)
at org.openqa.selenium.json.Json.toJson(Json.java:42)
at org.openqa.selenium.remote.codec.AbstractHttpCommandCodec.encode(AbstractHttpCommandCodec.java:259)
at org.openqa.selenium.remote.codec.AbstractHttpCommandCodec.encode(AbstractHttpCommandCodec.java:127)
at org.openqa.selenium.remote.HttpCommandExecutor.execute(HttpCommandExecutor.java:172)
at org.openqa.selenium.remote.service.DriverCommandExecutor.invokeExecute(DriverCommandExecutor.java:167)
at org.openqa.selenium.remote.service.DriverCommandExecutor.execute(DriverCommandExecutor.java:142)
at org.openqa.selenium.remote.RemoteWebDriver.execute(RemoteWebDriver.java:567)
at org.openqa.selenium.remote.RemoteWebDriver.perform(RemoteWebDriver.java:635)
at org.openqa.selenium.interactions.Actions$BuiltAction.perform(Actions.java:656)
at com.md.pages.ContractPage.VerifySearchContractUsingValue(ContractPage.java:724)
at com.md.testcases.ContractTest.contract_VerifySearchContractUsingValue(ContractTest.java:90)
at sun.reflect.NativeMethodAccessorImpl.invoke0(Native Method)
at sun.reflect.NativeMethodAccessorImpl.invoke(NativeMethodAccessorImpl.java:62)
at sun.reflect.DelegatingMethodAccessorImpl.invoke(DelegatingMethodAccessorImpl.java:43)
at java.lang.reflect.Method.invoke(Method.java:498)
at org.testng.internal.MethodInvocationHelper.invokeMethod(MethodInvocationHelper.java:132)
at org.testng.internal.TestInvoker.invokeMethod(TestInvoker.java:599)
at org.testng.internal.TestInvoker.invokeTestMethod(TestInvoker.java:174)
at org.testng.internal.MethodRunner.runInSequence(MethodRunner.java:46)
at org.testng.internal.TestInvoker$MethodInvocationAgent.invoke(TestInvoker.java:822)
at org.testng.internal.TestInvoker.invokeTestMethods(TestInvoker.java:147)
at org.testng.internal.TestMethodWorker.invokeTestMethods(TestMethodWorker.java:146)
at org.testng.internal.TestMethodWorker.run(TestMethodWorker.java:128)
at java.util.ArrayList.forEach(ArrayList.java:1259)
at org.testng.TestRunner.privateRun(TestRunner.java:764)
at org.testng.TestRunner.run(TestRunner.java:585)
at org.testng.SuiteRunner.runTest(SuiteRunner.java:384)
at org.testng.SuiteRunner.runSequentially(SuiteRunner.java:378)
at org.testng.SuiteRunner.privateRun(SuiteRunner.java:337)
at org.testng.SuiteRunner.run(SuiteRunner.java:286)
at org.testng.SuiteRunnerWorker.runSuite(SuiteRunnerWorker.java:53)
at org.testng.SuiteRunnerWorker.run(SuiteRunnerWorker.java:96)
at org.testng.TestNG.runSuitesSequentially(TestNG.java:1218)
at org.testng.TestNG.runSuitesLocally(TestNG.java:1140)
at org.testng.TestNG.runSuites(TestNG.java:1069)
at org.testng.TestNG.run(TestNG.java:1037)
at org.testng.remote.AbstractRemoteTestNG.run(AbstractRemoteTestNG.java:115)
at org.testng.remote.RemoteTestNG.initAndRun(RemoteTestNG.java:251)
at org.testng.remote.RemoteTestNG.main(RemoteTestNG.java:77)
Suppressed: org.openqa.selenium.json.JsonException: Attempting to close incomplete json stream
Build info: version: '4.1.4', revision: '535d840ee2'
System info: host: 'CISM-I-458', ip: '192.168.2.203', os.name: 'Windows 10', os.arch: 'amd64', os.version: '10.0', java.version: '1.8.0_281'
Driver info: driver.version: RemoteWebDriver
at org.openqa.selenium.json.JsonOutput.close(JsonOutput.java:303)
at org.openqa.selenium.json.Json.toJson(Json.java:40)
... 38 more
Caused by: java.lang.reflect.InvocationTargetException
at sun.reflect.NativeMethodAccessorImpl.invoke0(Native Method)
at sun.reflect.NativeMethodAccessorImpl.invoke(NativeMethodAccessorImpl.java:62)
at sun.reflect.DelegatingMethodAccessorImpl.invoke(DelegatingMethodAccessorImpl.java:43)
at java.lang.reflect.Method.invoke(Method.java:498)
at org.openqa.selenium.json.JsonOutput.convertUsingMethod(JsonOutput.java:358)
... 59 more
Caused by: org.openqa.selenium.NoSuchElementException: no such element: Unable to locate element: {"method":"xpath","selector":"//tr[@class='search-row']/td[13]/div/div//input[@id='search_input']"}
  (Session info: chrome=99.0.4844.82)
For documentation on this error, please visit: https://selenium.dev/exceptions/#no_such_element
Build info: version: '4.1.4', revision: '535d840ee2'
System info: host: 'CISM-I-458', ip: '192.168.2.203', os.name: 'Windows 10', os.arch: 'amd64', os.version: '10.0', java.version: '1.8.0_281'
Driver info: org.openqa.selenium.chrome.ChromeDriver
Command: [7c7a47ff690fa62a5cdf7c67e36622a5, findElement {using=xpath, value=//tr[@class='search-row']/td[13]/div/div//input[@id='search_input']}]
Capabilities {acceptInsecureCerts: false, browserName: chrome, browserVersion: 99.0.4844.82, chrome: {chromedriverVersion: 99.0.4844.51 (d537ec02474b5..., userDataDir: C:\Users\cis\AppData\Local\...}, goog:chromeOptions: {debuggerAddress: localhost:50043}, javascriptEnabled: true, networkConnectionEnabled: false, pageLoadStrategy: normal, platform: WINDOWS, platformName: WINDOWS, proxy: Proxy(), se:cdp: ws://localhost:50043/devtoo..., se:cdpVersion: 99.0.4844.82, setWindowRect: true, strictFileInteractability: false, timeouts: {implicit: 0, pageLoad: 300000, script: 30000}, unhandledPromptBehavior: dismiss and notify, webauthn:extension:credBlob: true, webauthn:extension:largeBlob: true, webauthn:virtualAuthenticators: true}
Session ID: 7c7a47ff690fa62a5cdf7c67e36622a5
at sun.reflect.NativeConstructorAccessorImpl.newInstance0(Native Method)
at sun.reflect.NativeConstructorAccessorImpl.newInstance(NativeConstructorAccessorImpl.java:62)
at sun.reflect.DelegatingConstructorAccessorImpl.newInstance(DelegatingConstructorAccessorImpl.java:45)
at java.lang.reflect.Constructor.newInstance(Constructor.java:423)
at org.openqa.selenium.remote.codec.w3c.W3CHttpResponseCodec.createException(W3CHttpResponseCodec.java:200)
at org.openqa.selenium.remote.codec.w3c.W3CHttpResponseCodec.decode(W3CHttpResponseCodec.java:133)
at org.openqa.selenium.remote.codec.w3c.W3CHttpResponseCodec.decode(W3CHttpResponseCodec.java:53)
at org.openqa.selenium.remote.HttpCommandExecutor.execute(HttpCommandExecutor.java:184)
at org.openqa.selenium.remote.service.DriverCommandExecutor.invokeExecute(DriverCommandExecutor.java:167)
at org.openqa.selenium.remote.service.DriverCommandExecutor.execute(DriverCommandExecutor.java:142)
at org.openqa.selenium.remote.RemoteWebDriver.execute(RemoteWebDriver.java:567)
at org.openqa.selenium.remote.ElementLocation$ElementFinder$2.findElement(ElementLocation.java:162)
at org.openqa.selenium.remote.ElementLocation.findElement(ElementLocation.java:60)
at org.openqa.selenium.remote.RemoteWebDriver.findElement(RemoteWebDriver.java:385)
at org.openqa.selenium.remote.RemoteWebDriver.findElement(RemoteWebDriver.java:377)
at org.openqa.selenium.support.pagefactory.DefaultElementLocator.findElement(DefaultElementLocator.java:70)
at org.openqa.selenium.support.pagefactory.internal.LocatingElementHandler.invoke(LocatingElementHandler.java:39)
at com.sun.proxy.$Proxy30.getWrappedElement(Unknown Source)
at org.openqa.selenium.interactions.PointerInput$Origin.asArg(PointerInput.java:234)
at org.openqa.selenium.interactions.PointerInput$Move.encode(PointerInput.java:185)
at org.openqa.selenium.interactions.Sequence.encode(Sequence.java:73)
at org.openqa.selenium.interactions.Sequence.toJson(Sequence.java:82)
... 64 more
]]>
    </failure>
  </testcase> <!-- contract_VerifySearchContractUsingValue -->
  <testcase name="contract_VerifySearchContractUsingStakeHolder" time="41.559" classname="com.md.testcases.ContractTest">
    <failure type="org.openqa.selenium.json.JsonException" message="java.lang.reflect.InvocationTargetException
Build info: version: &amp;apos;4.1.4&amp;apos;, revision: &amp;apos;535d840ee2&amp;apos;
System info: host: &amp;apos;CISM-I-458&amp;apos;, ip: &amp;apos;192.168.2.203&amp;apos;, os.name: &amp;apos;Windows 10&amp;apos;, os.arch: &amp;apos;amd64&amp;apos;, os.version: &amp;apos;10.0&amp;apos;, java.version: &amp;apos;1.8.0_281&amp;apos;
Driver info: org.openqa.selenium.chrome.ChromeDriver
Command: [7c7a47ff690fa62a5cdf7c67e36622a5, actions {actions=[org.openqa.selenium.interactions.Sequence@64f981e2]}]
Capabilities {acceptInsecureCerts: false, browserName: chrome, browserVersion: 99.0.4844.82, chrome: {chromedriverVersion: 99.0.4844.51 (d537ec02474b5..., userDataDir: C:\Users\cis\AppData\Local\...}, goog:chromeOptions: {debuggerAddress: localhost:50043}, javascriptEnabled: true, networkConnectionEnabled: false, pageLoadStrategy: normal, platform: WINDOWS, platformName: WINDOWS, proxy: Proxy(), se:cdp: ws://localhost:50043/devtoo..., se:cdpVersion: 99.0.4844.82, setWindowRect: true, strictFileInteractability: false, timeouts: {implicit: 0, pageLoad: 300000, script: 30000}, unhandledPromptBehavior: dismiss and notify, webauthn:extension:credBlob: true, webauthn:extension:largeBlob: true, webauthn:virtualAuthenticators: true}
Session ID: 7c7a47ff690fa62a5cdf7c67e36622a5">
      <![CDATA[org.openqa.selenium.json.JsonException: java.lang.reflect.InvocationTargetException
Build info: version: '4.1.4', revision: '535d840ee2'
System info: host: 'CISM-I-458', ip: '192.168.2.203', os.name: 'Windows 10', os.arch: 'amd64', os.version: '10.0', java.version: '1.8.0_281'
Driver info: org.openqa.selenium.chrome.ChromeDriver
Command: [7c7a47ff690fa62a5cdf7c67e36622a5, actions {actions=[org.openqa.selenium.interactions.Sequence@64f981e2]}]
Capabilities {acceptInsecureCerts: false, browserName: chrome, browserVersion: 99.0.4844.82, chrome: {chromedriverVersion: 99.0.4844.51 (d537ec02474b5..., userDataDir: C:\Users\cis\AppData\Local\...}, goog:chromeOptions: {debuggerAddress: localhost:50043}, javascriptEnabled: true, networkConnectionEnabled: false, pageLoadStrategy: normal, platform: WINDOWS, platformName: WINDOWS, proxy: Proxy(), se:cdp: ws://localhost:50043/devtoo..., se:cdpVersion: 99.0.4844.82, setWindowRect: true, strictFileInteractability: false, timeouts: {implicit: 0, pageLoad: 300000, script: 30000}, unhandledPromptBehavior: dismiss and notify, webauthn:extension:credBlob: true, webauthn:extension:largeBlob: true, webauthn:virtualAuthenticators: true}
Session ID: 7c7a47ff690fa62a5cdf7c67e36622a5
at org.openqa.selenium.json.JsonOutput.convertUsingMethod(JsonOutput.java:362)
at org.openqa.selenium.json.JsonOutput.lambda$new$16(JsonOutput.java:154)
at org.openqa.selenium.json.JsonOutput.write(JsonOutput.java:287)
at org.openqa.selenium.json.JsonOutput.lambda$new$22(JsonOutput.java:169)
at java.util.stream.ForEachOps$ForEachOp$OfRef.accept(ForEachOps.java:184)
at java.util.stream.ReferencePipeline$2$1.accept(ReferencePipeline.java:175)
at java.util.Iterator.forEachRemaining(Iterator.java:116)
at java.util.Spliterators$IteratorSpliterator.forEachRemaining(Spliterators.java:1801)
at java.util.stream.AbstractPipeline.copyInto(AbstractPipeline.java:482)
at java.util.stream.AbstractPipeline.wrapAndCopyInto(AbstractPipeline.java:472)
at java.util.stream.ForEachOps$ForEachOp.evaluateSequential(ForEachOps.java:151)
at java.util.stream.ForEachOps$ForEachOp$OfRef.evaluateSequential(ForEachOps.java:174)
at java.util.stream.AbstractPipeline.evaluate(AbstractPipeline.java:234)
at java.util.stream.ReferencePipeline.forEach(ReferencePipeline.java:418)
at org.openqa.selenium.json.JsonOutput.lambda$new$23(JsonOutput.java:169)
at org.openqa.selenium.json.JsonOutput.write(JsonOutput.java:287)
at org.openqa.selenium.json.JsonOutput.lambda$new$24(JsonOutput.java:182)
at com.google.common.collect.SingletonImmutableBiMap.forEach(SingletonImmutableBiMap.java:68)
at org.openqa.selenium.json.JsonOutput.lambda$new$25(JsonOutput.java:177)
at org.openqa.selenium.json.JsonOutput.write(JsonOutput.java:287)
at org.openqa.selenium.json.JsonOutput.write(JsonOutput.java:278)
at org.openqa.selenium.json.Json.toJson(Json.java:42)
at org.openqa.selenium.remote.codec.AbstractHttpCommandCodec.encode(AbstractHttpCommandCodec.java:259)
at org.openqa.selenium.remote.codec.AbstractHttpCommandCodec.encode(AbstractHttpCommandCodec.java:127)
at org.openqa.selenium.remote.HttpCommandExecutor.execute(HttpCommandExecutor.java:172)
at org.openqa.selenium.remote.service.DriverCommandExecutor.invokeExecute(DriverCommandExecutor.java:167)
at org.openqa.selenium.remote.service.DriverCommandExecutor.execute(DriverCommandExecutor.java:142)
at org.openqa.selenium.remote.RemoteWebDriver.execute(RemoteWebDriver.java:567)
at org.openqa.selenium.remote.RemoteWebDriver.perform(RemoteWebDriver.java:635)
at org.openqa.selenium.interactions.Actions$BuiltAction.perform(Actions.java:656)
at com.md.pages.ContractPage.VerifySearchContractUsingStakeHolder(ContractPage.java:748)
at com.md.testcases.ContractTest.contract_VerifySearchContractUsingStakeHolder(ContractTest.java:96)
at sun.reflect.NativeMethodAccessorImpl.invoke0(Native Method)
at sun.reflect.NativeMethodAccessorImpl.invoke(NativeMethodAccessorImpl.java:62)
at sun.reflect.DelegatingMethodAccessorImpl.invoke(DelegatingMethodAccessorImpl.java:43)
at java.lang.reflect.Method.invoke(Method.java:498)
at org.testng.internal.MethodInvocationHelper.invokeMethod(MethodInvocationHelper.java:132)
at org.testng.internal.TestInvoker.invokeMethod(TestInvoker.java:599)
at org.testng.internal.TestInvoker.invokeTestMethod(TestInvoker.java:174)
at org.testng.internal.MethodRunner.runInSequence(MethodRunner.java:46)
at org.testng.internal.TestInvoker$MethodInvocationAgent.invoke(TestInvoker.java:822)
at org.testng.internal.TestInvoker.invokeTestMethods(TestInvoker.java:147)
at org.testng.internal.TestMethodWorker.invokeTestMethods(TestMethodWorker.java:146)
at org.testng.internal.TestMethodWorker.run(TestMethodWorker.java:128)
at java.util.ArrayList.forEach(ArrayList.java:1259)
at org.testng.TestRunner.privateRun(TestRunner.java:764)
at org.testng.TestRunner.run(TestRunner.java:585)
at org.testng.SuiteRunner.runTest(SuiteRunner.java:384)
at org.testng.SuiteRunner.runSequentially(SuiteRunner.java:378)
at org.testng.SuiteRunner.privateRun(SuiteRunner.java:337)
at org.testng.SuiteRunner.run(SuiteRunner.java:286)
at org.testng.SuiteRunnerWorker.runSuite(SuiteRunnerWorker.java:53)
at org.testng.SuiteRunnerWorker.run(SuiteRunnerWorker.java:96)
at org.testng.TestNG.runSuitesSequentially(TestNG.java:1218)
at org.testng.TestNG.runSuitesLocally(TestNG.java:1140)
at org.testng.TestNG.runSuites(TestNG.java:1069)
at org.testng.TestNG.run(TestNG.java:1037)
at org.testng.remote.AbstractRemoteTestNG.run(AbstractRemoteTestNG.java:115)
at org.testng.remote.RemoteTestNG.initAndRun(RemoteTestNG.java:251)
at org.testng.remote.RemoteTestNG.main(RemoteTestNG.java:77)
Suppressed: org.openqa.selenium.json.JsonException: Attempting to close incomplete json stream
Build info: version: '4.1.4', revision: '535d840ee2'
System info: host: 'CISM-I-458', ip: '192.168.2.203', os.name: 'Windows 10', os.arch: 'amd64', os.version: '10.0', java.version: '1.8.0_281'
Driver info: driver.version: RemoteWebDriver
at org.openqa.selenium.json.JsonOutput.close(JsonOutput.java:303)
at org.openqa.selenium.json.Json.toJson(Json.java:40)
... 38 more
Caused by: java.lang.reflect.InvocationTargetException
at sun.reflect.NativeMethodAccessorImpl.invoke0(Native Method)
at sun.reflect.NativeMethodAccessorImpl.invoke(NativeMethodAccessorImpl.java:62)
at sun.reflect.DelegatingMethodAccessorImpl.invoke(DelegatingMethodAccessorImpl.java:43)
at java.lang.reflect.Method.invoke(Method.java:498)
at org.openqa.selenium.json.JsonOutput.convertUsingMethod(JsonOutput.java:358)
... 59 more
Caused by: org.openqa.selenium.NoSuchElementException: no such element: Unable to locate element: {"method":"xpath","selector":"//tr[@class='search-row']/td[13]/div/div//input[@id='search_input']"}
  (Session info: chrome=99.0.4844.82)
For documentation on this error, please visit: https://selenium.dev/exceptions/#no_such_element
Build info: version: '4.1.4', revision: '535d840ee2'
System info: host: 'CISM-I-458', ip: '192.168.2.203', os.name: 'Windows 10', os.arch: 'amd64', os.version: '10.0', java.version: '1.8.0_281'
Driver info: org.openqa.selenium.chrome.ChromeDriver
Command: [7c7a47ff690fa62a5cdf7c67e36622a5, findElement {using=xpath, value=//tr[@class='search-row']/td[13]/div/div//input[@id='search_input']}]
Capabilities {acceptInsecureCerts: false, browserName: chrome, browserVersion: 99.0.4844.82, chrome: {chromedriverVersion: 99.0.4844.51 (d537ec02474b5..., userDataDir: C:\Users\cis\AppData\Local\...}, goog:chromeOptions: {debuggerAddress: localhost:50043}, javascriptEnabled: true, networkConnectionEnabled: false, pageLoadStrategy: normal, platform: WINDOWS, platformName: WINDOWS, proxy: Proxy(), se:cdp: ws://localhost:50043/devtoo..., se:cdpVersion: 99.0.4844.82, setWindowRect: true, strictFileInteractability: false, timeouts: {implicit: 0, pageLoad: 300000, script: 30000}, unhandledPromptBehavior: dismiss and notify, webauthn:extension:credBlob: true, webauthn:extension:largeBlob: true, webauthn:virtualAuthenticators: true}
Session ID: 7c7a47ff690fa62a5cdf7c67e36622a5
at sun.reflect.NativeConstructorAccessorImpl.newInstance0(Native Method)
at sun.reflect.NativeConstructorAccessorImpl.newInstance(NativeConstructorAccessorImpl.java:62)
at sun.reflect.DelegatingConstructorAccessorImpl.newInstance(DelegatingConstructorAccessorImpl.java:45)
at java.lang.reflect.Constructor.newInstance(Constructor.java:423)
at org.openqa.selenium.remote.codec.w3c.W3CHttpResponseCodec.createException(W3CHttpResponseCodec.java:200)
at org.openqa.selenium.remote.codec.w3c.W3CHttpResponseCodec.decode(W3CHttpResponseCodec.java:133)
at org.openqa.selenium.remote.codec.w3c.W3CHttpResponseCodec.decode(W3CHttpResponseCodec.java:53)
at org.openqa.selenium.remote.HttpCommandExecutor.execute(HttpCommandExecutor.java:184)
at org.openqa.selenium.remote.service.DriverCommandExecutor.invokeExecute(DriverCommandExecutor.java:167)
at org.openqa.selenium.remote.service.DriverCommandExecutor.execute(DriverCommandExecutor.java:142)
at org.openqa.selenium.remote.RemoteWebDriver.execute(RemoteWebDriver.java:567)
at org.openqa.selenium.remote.ElementLocation$ElementFinder$2.findElement(ElementLocation.java:162)
at org.openqa.selenium.remote.ElementLocation.findElement(ElementLocation.java:60)
at org.openqa.selenium.remote.RemoteWebDriver.findElement(RemoteWebDriver.java:385)
at org.openqa.selenium.remote.RemoteWebDriver.findElement(RemoteWebDriver.java:377)
at org.openqa.selenium.support.pagefactory.DefaultElementLocator.findElement(DefaultElementLocator.java:70)
at org.openqa.selenium.support.pagefactory.internal.LocatingElementHandler.invoke(LocatingElementHandler.java:39)
at com.sun.proxy.$Proxy30.getWrappedElement(Unknown Source)
at org.openqa.selenium.interactions.PointerInput$Origin.asArg(PointerInput.java:234)
at org.openqa.selenium.interactions.PointerInput$Move.encode(PointerInput.java:185)
at org.openqa.selenium.interactions.Sequence.encode(Sequence.java:73)
at org.openqa.selenium.interactions.Sequence.toJson(Sequence.java:82)
... 64 more
]]>
    </failure>
  </testcase> <!-- contract_VerifySearchContractUsingStakeHolder -->
  <testcase name="contract_VerifyContractValidationMsg" time="64.111" classname="com.md.testcases.ContractTest"/>
  <testcase name="contract_VerifyUserNavigationToContractForm" time="57.75" classname="com.md.testcases.ContractTest"/>
  <testcase name="contract_VerifyOneMonthNoticePeriodIsSelectedByDefault" time="69.47" classname="com.md.testcases.ContractTest"/>
  <testcase name="contract_VerifyUserIsAbleToEditContract" time="68.553" classname="com.md.testcases.ContractTest">
    <failure type="org.openqa.selenium.TimeoutException" message="Expected condition failed: waiting for visibility of Proxy element for: DefaultElementLocator &amp;apos;By.xpath: //button[contains(text(),&amp;apos;Add New Contract&amp;apos;)]&amp;apos; (tried for 20 second(s) with 500 milliseconds interval)">
      <![CDATA[org.openqa.selenium.TimeoutException: Expected condition failed: waiting for visibility of Proxy element for: DefaultElementLocator 'By.xpath: //button[contains(text(),'Add New Contract')]' (tried for 20 second(s) with 500 milliseconds interval)
at org.openqa.selenium.support.ui.WebDriverWait.timeoutException(WebDriverWait.java:87)
at org.openqa.selenium.support.ui.FluentWait.until(FluentWait.java:231)
at com.md.pages.ContractPage.VerifyUserIsAbleToEditContract(ContractPage.java:960)
at com.md.testcases.ContractTest.contract_VerifyUserIsAbleToEditContract(ContractTest.java:129)
at sun.reflect.NativeMethodAccessorImpl.invoke0(Native Method)
at sun.reflect.NativeMethodAccessorImpl.invoke(NativeMethodAccessorImpl.java:62)
at sun.reflect.DelegatingMethodAccessorImpl.invoke(DelegatingMethodAccessorImpl.java:43)
at java.lang.reflect.Method.invoke(Method.java:498)
at org.testng.internal.MethodInvocationHelper.invokeMethod(MethodInvocationHelper.java:132)
at org.testng.internal.TestInvoker.invokeMethod(TestInvoker.java:599)
at org.testng.internal.TestInvoker.invokeTestMethod(TestInvoker.java:174)
at org.testng.internal.MethodRunner.runInSequence(MethodRunner.java:46)
at org.testng.internal.TestInvoker$MethodInvocationAgent.invoke(TestInvoker.java:822)
at org.testng.internal.TestInvoker.invokeTestMethods(TestInvoker.java:147)
at org.testng.internal.TestMethodWorker.invokeTestMethods(TestMethodWorker.java:146)
at org.testng.internal.TestMethodWorker.run(TestMethodWorker.java:128)
at java.util.ArrayList.forEach(ArrayList.java:1259)
at org.testng.TestRunner.privateRun(TestRunner.java:764)
at org.testng.TestRunner.run(TestRunner.java:585)
at org.testng.SuiteRunner.runTest(SuiteRunner.java:384)
at org.testng.SuiteRunner.runSequentially(SuiteRunner.java:378)
at org.testng.SuiteRunner.privateRun(SuiteRunner.java:337)
at org.testng.SuiteRunner.run(SuiteRunner.java:286)
at org.testng.SuiteRunnerWorker.runSuite(SuiteRunnerWorker.java:53)
at org.testng.SuiteRunnerWorker.run(SuiteRunnerWorker.java:96)
at org.testng.TestNG.runSuitesSequentially(TestNG.java:1218)
at org.testng.TestNG.runSuitesLocally(TestNG.java:1140)
at org.testng.TestNG.runSuites(TestNG.java:1069)
at org.testng.TestNG.run(TestNG.java:1037)
at org.testng.remote.AbstractRemoteTestNG.run(AbstractRemoteTestNG.java:115)
at org.testng.remote.RemoteTestNG.initAndRun(RemoteTestNG.java:251)
at org.testng.remote.RemoteTestNG.main(RemoteTestNG.java:77)
Caused by: org.openqa.selenium.NoSuchElementException: no such element: Unable to locate element: {"method":"xpath","selector":"//button[contains(text(),'Add New Contract')]"}
  (Session info: chrome=99.0.4844.82)
For documentation on this error, please visit: https://selenium.dev/exceptions/#no_such_element
Build info: version: '4.1.4', revision: '535d840ee2'
System info: host: 'CISM-I-458', ip: '192.168.2.203', os.name: 'Windows 10', os.arch: 'amd64', os.version: '10.0', java.version: '1.8.0_281'
Driver info: org.openqa.selenium.chrome.ChromeDriver
Command: [7c7a47ff690fa62a5cdf7c67e36622a5, findElement {using=xpath, value=//button[contains(text(),'Add New Contract')]}]
Capabilities {acceptInsecureCerts: false, browserName: chrome, browserVersion: 99.0.4844.82, chrome: {chromedriverVersion: 99.0.4844.51 (d537ec02474b5..., userDataDir: C:\Users\cis\AppData\Local\...}, goog:chromeOptions: {debuggerAddress: localhost:50043}, javascriptEnabled: true, networkConnectionEnabled: false, pageLoadStrategy: normal, platform: WINDOWS, platformName: WINDOWS, proxy: Proxy(), se:cdp: ws://localhost:50043/devtoo..., se:cdpVersion: 99.0.4844.82, setWindowRect: true, strictFileInteractability: false, timeouts: {implicit: 0, pageLoad: 300000, script: 30000}, unhandledPromptBehavior: dismiss and notify, webauthn:extension:credBlob: true, webauthn:extension:largeBlob: true, webauthn:virtualAuthenticators: true}
Session ID: 7c7a47ff690fa62a5cdf7c67e36622a5
at sun.reflect.NativeConstructorAccessorImpl.newInstance0(Native Method)
at sun.reflect.NativeConstructorAccessorImpl.newInstance(NativeConstructorAccessorImpl.java:62)
at sun.reflect.DelegatingConstructorAccessorImpl.newInstance(DelegatingConstructorAccessorImpl.java:45)
at java.lang.reflect.Constructor.newInstance(Constructor.java:423)
at org.openqa.selenium.remote.codec.w3c.W3CHttpResponseCodec.createException(W3CHttpResponseCodec.java:200)
at org.openqa.selenium.remote.codec.w3c.W3CHttpResponseCodec.decode(W3CHttpResponseCodec.java:133)
at org.openqa.selenium.remote.codec.w3c.W3CHttpResponseCodec.decode(W3CHttpResponseCodec.java:53)
at org.openqa.selenium.remote.HttpCommandExecutor.execute(HttpCommandExecutor.java:184)
at org.openqa.selenium.remote.service.DriverCommandExecutor.invokeExecute(DriverCommandExecutor.java:167)
at org.openqa.selenium.remote.service.DriverCommandExecutor.execute(DriverCommandExecutor.java:142)
at org.openqa.selenium.remote.RemoteWebDriver.execute(RemoteWebDriver.java:567)
at org.openqa.selenium.remote.ElementLocation$ElementFinder$2.findElement(ElementLocation.java:162)
at org.openqa.selenium.remote.ElementLocation.findElement(ElementLocation.java:60)
at org.openqa.selenium.remote.RemoteWebDriver.findElement(RemoteWebDriver.java:385)
at org.openqa.selenium.remote.RemoteWebDriver.findElement(RemoteWebDriver.java:377)
at org.openqa.selenium.support.pagefactory.DefaultElementLocator.findElement(DefaultElementLocator.java:70)
at org.openqa.selenium.support.pagefactory.internal.LocatingElementHandler.invoke(LocatingElementHandler.java:39)
at com.sun.proxy.$Proxy30.isDisplayed(Unknown Source)
at org.openqa.selenium.support.ui.ExpectedConditions.elementIfVisible(ExpectedConditions.java:307)
at org.openqa.selenium.support.ui.ExpectedConditions.access$000(ExpectedConditions.java:40)
at org.openqa.selenium.support.ui.ExpectedConditions$10.apply(ExpectedConditions.java:293)
at org.openqa.selenium.support.ui.ExpectedConditions$10.apply(ExpectedConditions.java:290)
at org.openqa.selenium.support.ui.FluentWait.until(FluentWait.java:208)
... 30 more
]]>
    </failure>
  </testcase> <!-- contract_VerifyUserIsAbleToEditContract -->
  <testcase name="contract_VerifyAutoSuggestionForSupplierContact" time="64.569" classname="com.md.testcases.ContractTest"/>
  <testcase name="contract_VerifyAutoSuggestionForStakeHolder" time="65.754" classname="com.md.testcases.ContractTest"/>
  <testcase name="contract_VerifyDisplayOfSupplierContactDetails" time="65.065" classname="com.md.testcases.ContractTest"/>
  <testcase name="contract_VerifyAlertMsgIfHostAddedToSupplierContact" time="61.272" classname="com.md.testcases.ContractTest"/>
  <testcase name="contract_VerifyRemovalOfSupplierContact" time="68.62" classname="com.md.testcases.ContractTest"/>
  <testcase name="contract_VerifyAlertMsgIfParticipantAddedToStakeHolder" time="62.948" classname="com.md.testcases.ContractTest"/>
  <testcase name="contract_VerifyDisplayOfDropbox" time="60.638" classname="com.md.testcases.ContractTest"/>
  <testcase name="contract_VerifyNoticePeriodChangeAccordingToPeriodSelected" time="76.7" classname="com.md.testcases.ContractTest"/>
  <testcase name="contract_VerifySupplierAndStakeHolderInRecipientPopup" time="70.51" classname="com.md.testcases.ContractTest">
    <failure type="java.lang.AssertionError" message="Stake holder name does not match expected [true] but found [false]">
      <![CDATA[java.lang.AssertionError: Stake holder name does not match expected [true] but found [false]
at org.testng.Assert.fail(Assert.java:99)
at org.testng.Assert.failNotEquals(Assert.java:1037)
at org.testng.Assert.assertTrue(Assert.java:45)
at com.md.pages.ContractPage.VerifySupplierAndStakeHolderInRecipientPopup(ContractPage.java:1769)
at com.md.testcases.ContractTest.contract_VerifySupplierAndStakeHolderInRecipientPopup(ContractTest.java:213)
at sun.reflect.NativeMethodAccessorImpl.invoke0(Native Method)
at sun.reflect.NativeMethodAccessorImpl.invoke(NativeMethodAccessorImpl.java:62)
at sun.reflect.DelegatingMethodAccessorImpl.invoke(DelegatingMethodAccessorImpl.java:43)
at java.lang.reflect.Method.invoke(Method.java:498)
at org.testng.internal.MethodInvocationHelper.invokeMethod(MethodInvocationHelper.java:132)
at org.testng.internal.TestInvoker.invokeMethod(TestInvoker.java:599)
at org.testng.internal.TestInvoker.invokeTestMethod(TestInvoker.java:174)
at org.testng.internal.MethodRunner.runInSequence(MethodRunner.java:46)
at org.testng.internal.TestInvoker$MethodInvocationAgent.invoke(TestInvoker.java:822)
at org.testng.internal.TestInvoker.invokeTestMethods(TestInvoker.java:147)
at org.testng.internal.TestMethodWorker.invokeTestMethods(TestMethodWorker.java:146)
at org.testng.internal.TestMethodWorker.run(TestMethodWorker.java:128)
at java.util.ArrayList.forEach(ArrayList.java:1259)
at org.testng.TestRunner.privateRun(TestRunner.java:764)
at org.testng.TestRunner.run(TestRunner.java:585)
at org.testng.SuiteRunner.runTest(SuiteRunner.java:384)
at org.testng.SuiteRunner.runSequentially(SuiteRunner.java:378)
at org.testng.SuiteRunner.privateRun(SuiteRunner.java:337)
at org.testng.SuiteRunner.run(SuiteRunner.java:286)
at org.testng.SuiteRunnerWorker.runSuite(SuiteRunnerWorker.java:53)
at org.testng.SuiteRunnerWorker.run(SuiteRunnerWorker.java:96)
at org.testng.TestNG.runSuitesSequentially(TestNG.java:1218)
at org.testng.TestNG.runSuitesLocally(TestNG.java:1140)
at org.testng.TestNG.runSuites(TestNG.java:1069)
at org.testng.TestNG.run(TestNG.java:1037)
at org.testng.remote.AbstractRemoteTestNG.run(AbstractRemoteTestNG.java:115)
at org.testng.remote.RemoteTestNG.initAndRun(RemoteTestNG.java:251)
at org.testng.remote.RemoteTestNG.main(RemoteTestNG.java:77)
]]>
    </failure>
  </testcase> <!-- contract_VerifySupplierAndStakeHolderInRecipientPopup -->
  <testcase name="contract_VerifyDisplayOfParentHeirarchyDropdown" time="57.915" classname="com.md.testcases.ContractTest"/>
  <testcase name="contract_VerifyLanguageChange" time="96.573" classname="com.md.testcases.ContractTest"/>
  <testcase name="contract_VerifyContractListingOnLanguageChange" time="97.758" classname="com.md.testcases.ContractTest"/>
  <testcase name="contract_VerifyDisplayOfExpiryNotiticationLink" time="0.0" classname="com.md.testcases.ContractTest">
    <ignored/>
  </testcase> <!-- contract_VerifyDisplayOfExpiryNotiticationLink -->
  <testcase name="contract_VerifyAtleastOneValueInSupplierContact" time="0.0" classname="com.md.testcases.ContractTest">
    <ignored/>
  </testcase> <!-- contract_VerifyAtleastOneValueInSupplierContact -->
  <testcase name="contract_VerifySelectedParentNotDisplayInChildDropdown" time="0.0" classname="com.md.testcases.ContractTest">
    <ignored/>
  </testcase> <!-- contract_VerifySelectedParentNotDisplayInChildDropdown -->
  <testcase name="VerifySelectedChildNotDisplayInParentDropdown" time="0.0" classname="com.md.testcases.ContractTest">
    <ignored/>
  </testcase> <!-- VerifySelectedChildNotDisplayInParentDropdown -->
  <testcase name="contract_VerifySearchContractUsingCategory" time="0.0" classname="com.md.testcases.ContractTest">
    <ignored/>
  </testcase> <!-- contract_VerifySearchContractUsingCategory -->
  <testcase name="contract_VerifySearchContractUsingOwner" time="0.0" classname="com.md.testcases.ContractTest">
    <ignored/>
  </testcase> <!-- contract_VerifySearchContractUsingOwner -->
  <testcase name="VerifyDisplayOfArchivedContracts" time="0.0" classname="com.md.testcases.ContractTest">
    <ignored/>
  </testcase> <!-- VerifyDisplayOfArchivedContracts -->
  <testcase name="contract_VerifyDisplayOfCategoryInContractForm" time="0.0" classname="com.md.testcases.ContractTest">
    <ignored/>
  </testcase> <!-- contract_VerifyDisplayOfCategoryInContractForm -->
  <testcase name="contract_VerifyDisplayOfCustomNotiticationLink" time="0.0" classname="com.md.testcases.ContractTest">
    <ignored/>
  </testcase> <!-- contract_VerifyDisplayOfCustomNotiticationLink -->
  <testcase name="contract_VerifyActiveHeadingsDisplayInContractListingPage" time="0.0" classname="com.md.testcases.ContractTest">
    <ignored/>
  </testcase> <!-- contract_VerifyActiveHeadingsDisplayInContractListingPage -->
  <testcase name="contract_VerifyCustomFieldDisplayInContractForm" time="0.0" classname="com.md.testcases.ContractTest">
    <ignored/>
  </testcase> <!-- contract_VerifyCustomFieldDisplayInContractForm -->
  <testcase name="contract_VerifyActiveHeadingsDisplayInContractForm" time="0.0" classname="com.md.testcases.ContractTest">
    <ignored/>
  </testcase> <!-- contract_VerifyActiveHeadingsDisplayInContractForm -->
</testsuite> <!-- Default test -->
