<?xml version="1.0" encoding="UTF-8"?>
<!-- Generated by org.testng.reporters.JUnitXMLReporter -->
<testsuite hostname="CISM-I-458" ignored="0" name="Default test" tests="18" failures="0" timestamp="2022-05-17T17:05:13 IST" time="627.09" errors="0">
  <testcase name="qq_VerifyTitleTest" time="0.028" classname="com.md.testcases.QuickQuotesTest"/>
  <testcase name="qq_VerifyUserName" time="0.042" classname="com.md.testcases.QuickQuotesTest"/>
  <testcase name="qq_VerifyCompanyLogo" time="0.042" classname="com.md.testcases.QuickQuotesTest"/>
  <testcase name="qq_VerifyValidationMessageOnNamefield" time="15.323" classname="com.md.testcases.QuickQuotesTest"/>
  <testcase name="qq_VerifyGetQuoteButtonIsDisable" time="2.246" classname="com.md.testcases.QuickQuotesTest"/>
  <testcase name="qq_VerifyToasterMessage" time="4.204" classname="com.md.testcases.QuickQuotesTest"/>
  <testcase name="qq_VerifyQuotebyName" time="5.753" classname="com.md.testcases.QuickQuotesTest"/>
  <testcase name="qq_VerifyEditContent" time="12.878" classname="com.md.testcases.QuickQuotesTest"/>
  <testcase name="qq_VerifyDeleteQuote" time="12.689" classname="com.md.testcases.QuickQuotesTest"/>
  <testcase name="qq_VerifyParticpantAddedFromGroup" time="11.974" classname="com.md.testcases.QuickQuotesTest"/>
  <testcase name="qq_VerifyCKEditor" time="6.864" classname="com.md.testcases.QuickQuotesTest"/>
  <testcase name="qq_VerfiyEditQQEvent" time="51.218" classname="com.md.testcases.QuickQuotesTest"/>
  <testcase name="qq_VerifyQuestionnaireAndAllowResubmissioninSandpit" time="280.025" classname="com.md.testcases.QuickQuotesTest"/>
  <testcase name="qq_VerifyCurrencySymbol" time="23.911" classname="com.md.testcases.QuickQuotesTest"/>
  <testcase name="qq_VerfiyQQEventWithAllDetails" time="17.178" classname="com.md.testcases.QuickQuotesTest"/>
  <testcase name="qq_VerifyClosedReopenEvent" time="20.338" classname="com.md.testcases.QuickQuotesTest"/>
  <testcase name="qq_VerifyAwardLotPopup" time="23.133" classname="com.md.testcases.QuickQuotesTest"/>
  <testcase name="qq_VerifySearchQuote" time="11.603" classname="com.md.testcases.QuickQuotesTest"/>
</testsuite> <!-- Default test -->
