<?xml version="1.0" encoding="UTF-8"?>
<!-- Generated by org.testng.reporters.JUnitXMLReporter -->
<testsuite hostname="CISM-I-458" ignored="0" name="Default test" tests="4" failures="0" timestamp="2022-01-10T18:51:08 IST" time="78.484" errors="0">
  <testcase name="qq_VerifyDeleteQuote" time="30.487" classname="com.md.testcases.QuickQuotesTest"/>
  <testcase name="qq_VerifyTitleTest" time="0.025" classname="com.md.testcases.QuickQuotesTest"/>
  <testcase name="qq_VerifyUserName" time="0.078" classname="com.md.testcases.QuickQuotesTest"/>
  <testcase name="qq_VerifyCompanyLogo" time="0.061" classname="com.md.testcases.QuickQuotesTest"/>
</testsuite> <!-- Default test -->
