<?xml version="1.0" encoding="UTF-8"?>
<!-- Generated by org.testng.reporters.JUnitXMLReporter -->
<testsuite hostname="CISM-I-458" ignored="10" name="Default test" tests="28" failures="0" timestamp="2022-04-29T12:07:26 IST" time="0.292" errors="0">
  <testcase name="@BeforeClass setUp" time="0.11" classname="com.md.testcases.ContractTest">
    <failure type="java.lang.IllegalStateException" message="The driver executable does not exist: D:\Selinium Workspace\md">
      <![CDATA[java.lang.IllegalStateException: The driver executable does not exist: D:\Selinium Workspace\md
at com.google.common.base.Preconditions.checkState(Preconditions.java:585)
at org.openqa.selenium.remote.service.DriverService.checkExecutable(DriverService.java:146)
at org.openqa.selenium.remote.service.DriverService.findExecutable(DriverService.java:141)
at org.openqa.selenium.chrome.ChromeDriverService.access$000(ChromeDriverService.java:35)
at org.openqa.selenium.chrome.ChromeDriverService$Builder.findDefaultExecutable(ChromeDriverService.java:159)
at org.openqa.selenium.remote.service.DriverService$Builder.build(DriverService.java:355)
at org.openqa.selenium.chrome.ChromeDriverService.createDefaultService(ChromeDriverService.java:94)
at org.openqa.selenium.chrome.ChromeDriver.<init>(ChromeDriver.java:157)
at com.md.base.TestBase.initializationAndLogin(TestBase.java:82)
at com.md.testcases.ContractTest.setUp(ContractTest.java:19)
at sun.reflect.NativeMethodAccessorImpl.invoke0(Native Method)
at sun.reflect.NativeMethodAccessorImpl.invoke(NativeMethodAccessorImpl.java:62)
at sun.reflect.DelegatingMethodAccessorImpl.invoke(DelegatingMethodAccessorImpl.java:43)
at java.lang.reflect.Method.invoke(Method.java:498)
at org.testng.internal.MethodInvocationHelper.invokeMethod(MethodInvocationHelper.java:132)
at org.testng.internal.MethodInvocationHelper.invokeMethodConsideringTimeout(MethodInvocationHelper.java:61)
at org.testng.internal.ConfigInvoker.invokeConfigurationMethod(ConfigInvoker.java:366)
at org.testng.internal.ConfigInvoker.invokeConfigurations(ConfigInvoker.java:320)
at org.testng.internal.TestMethodWorker.invokeBeforeClassMethods(TestMethodWorker.java:176)
at org.testng.internal.TestMethodWorker.run(TestMethodWorker.java:122)
at java.util.ArrayList.forEach(ArrayList.java:1259)
at org.testng.TestRunner.privateRun(TestRunner.java:764)
at org.testng.TestRunner.run(TestRunner.java:585)
at org.testng.SuiteRunner.runTest(SuiteRunner.java:384)
at org.testng.SuiteRunner.runSequentially(SuiteRunner.java:378)
at org.testng.SuiteRunner.privateRun(SuiteRunner.java:337)
at org.testng.SuiteRunner.run(SuiteRunner.java:286)
at org.testng.SuiteRunnerWorker.runSuite(SuiteRunnerWorker.java:53)
at org.testng.SuiteRunnerWorker.run(SuiteRunnerWorker.java:96)
at org.testng.TestNG.runSuitesSequentially(TestNG.java:1218)
at org.testng.TestNG.runSuitesLocally(TestNG.java:1140)
at org.testng.TestNG.runSuites(TestNG.java:1069)
at org.testng.TestNG.run(TestNG.java:1037)
at org.testng.remote.AbstractRemoteTestNG.run(AbstractRemoteTestNG.java:115)
at org.testng.remote.RemoteTestNG.initAndRun(RemoteTestNG.java:251)
at org.testng.remote.RemoteTestNG.main(RemoteTestNG.java:77)
]]>
    </failure>
  </testcase> <!-- @BeforeClass setUp -->
  <testcase name="@AfterClass Teardown" time="-1.651214246069E9" classname="com.md.testcases.ContractTest">
    <skipped/>
  </testcase> <!-- @AfterClass Teardown -->
  <testcase name="contract_VerifyHeadingOnContractListingPage" time="0.0" classname="com.md.testcases.ContractTest">
    <skipped/>
  </testcase> <!-- contract_VerifyHeadingOnContractListingPage -->
  <testcase name="contract_VerifyUserIsAbleToAddContract" time="0.0" classname="com.md.testcases.ContractTest">
    <skipped/>
  </testcase> <!-- contract_VerifyUserIsAbleToAddContract -->
  <testcase name="contract_VerifyUserIsAbleToSearchContract" time="0.0" classname="com.md.testcases.ContractTest">
    <skipped/>
  </testcase> <!-- contract_VerifyUserIsAbleToSearchContract -->
  <testcase name="contract_VerifyAlertMsgOnSearchingContracts" time="0.0" classname="com.md.testcases.ContractTest">
    <skipped/>
  </testcase> <!-- contract_VerifyAlertMsgOnSearchingContracts -->
  <testcase name="contract_VerifySearchContractUsingTitle" time="0.0" classname="com.md.testcases.ContractTest">
    <skipped/>
  </testcase> <!-- contract_VerifySearchContractUsingTitle -->
  <testcase name="contract_VerifySearchContractUsingStartDate" time="0.0" classname="com.md.testcases.ContractTest">
    <skipped/>
  </testcase> <!-- contract_VerifySearchContractUsingStartDate -->
  <testcase name="contract_VerifySearchContractUsingExpiryDate" time="0.0" classname="com.md.testcases.ContractTest">
    <skipped/>
  </testcase> <!-- contract_VerifySearchContractUsingExpiryDate -->
  <testcase name="contract_VerifySearchContractUsingSupplier" time="0.0" classname="com.md.testcases.ContractTest">
    <skipped/>
  </testcase> <!-- contract_VerifySearchContractUsingSupplier -->
  <testcase name="contract_VerifySearchContractUsingValue" time="0.0" classname="com.md.testcases.ContractTest">
    <skipped/>
  </testcase> <!-- contract_VerifySearchContractUsingValue -->
  <testcase name="contract_VerifySearchContractUsingStakeHolder" time="0.0" classname="com.md.testcases.ContractTest">
    <skipped/>
  </testcase> <!-- contract_VerifySearchContractUsingStakeHolder -->
  <testcase name="contract_VerifyContractValidationMsg" time="0.0" classname="com.md.testcases.ContractTest">
    <skipped/>
  </testcase> <!-- contract_VerifyContractValidationMsg -->
  <testcase name="contract_VerifyUserNavigationToContractForm" time="0.0" classname="com.md.testcases.ContractTest">
    <skipped/>
  </testcase> <!-- contract_VerifyUserNavigationToContractForm -->
  <testcase name="contract_VerifyOneMonthNoticePeriodIsSelectedByDefault" time="0.0" classname="com.md.testcases.ContractTest">
    <skipped/>
  </testcase> <!-- contract_VerifyOneMonthNoticePeriodIsSelectedByDefault -->
  <testcase name="contract_VerifyUserIsAbleToEditContract" time="0.0" classname="com.md.testcases.ContractTest">
    <skipped/>
  </testcase> <!-- contract_VerifyUserIsAbleToEditContract -->
  <testcase name="contract_VerifyAutoSuggestionForSupplierContact" time="0.0" classname="com.md.testcases.ContractTest">
    <skipped/>
  </testcase> <!-- contract_VerifyAutoSuggestionForSupplierContact -->
  <testcase name="contract_VerifyAutoSuggestionForStakeHolder" time="0.0" classname="com.md.testcases.ContractTest">
    <skipped/>
  </testcase> <!-- contract_VerifyAutoSuggestionForStakeHolder -->
  <testcase name="contract_VerifyDisplayOfSupplierContactDetails" time="0.0" classname="com.md.testcases.ContractTest">
    <skipped/>
  </testcase> <!-- contract_VerifyDisplayOfSupplierContactDetails -->
  <testcase name="contract_VerifyAlertMsgIfHostAddedToSupplierContact" time="0.0" classname="com.md.testcases.ContractTest">
    <skipped/>
  </testcase> <!-- contract_VerifyAlertMsgIfHostAddedToSupplierContact -->
  <testcase name="contract_VerifyRemovalOfSupplierContact" time="0.0" classname="com.md.testcases.ContractTest">
    <skipped/>
  </testcase> <!-- contract_VerifyRemovalOfSupplierContact -->
  <testcase name="contract_VerifyAlertMsgIfParticipantAddedToStakeHolder" time="0.0" classname="com.md.testcases.ContractTest">
    <skipped/>
  </testcase> <!-- contract_VerifyAlertMsgIfParticipantAddedToStakeHolder -->
  <testcase name="contract_VerifyDisplayOfDropbox" time="0.0" classname="com.md.testcases.ContractTest">
    <skipped/>
  </testcase> <!-- contract_VerifyDisplayOfDropbox -->
  <testcase name="contract_VerifyNoticePeriodChangeAccordingToPeriodSelected" time="0.0" classname="com.md.testcases.ContractTest">
    <skipped/>
  </testcase> <!-- contract_VerifyNoticePeriodChangeAccordingToPeriodSelected -->
  <testcase name="contract_VerifySupplierAndStakeHolderInRecipientPopup" time="0.0" classname="com.md.testcases.ContractTest">
    <skipped/>
  </testcase> <!-- contract_VerifySupplierAndStakeHolderInRecipientPopup -->
  <testcase name="contract_VerifyDisplayOfParentHeirarchyDropdown" time="0.0" classname="com.md.testcases.ContractTest">
    <skipped/>
  </testcase> <!-- contract_VerifyDisplayOfParentHeirarchyDropdown -->
  <testcase name="contract_VerifyLanguageChange" time="0.0" classname="com.md.testcases.ContractTest">
    <skipped/>
  </testcase> <!-- contract_VerifyLanguageChange -->
  <testcase name="contract_VerifyActiveHeadingsDisplayInContractForm" time="0.0" classname="com.md.testcases.ContractTest">
    <skipped/>
  </testcase> <!-- contract_VerifyActiveHeadingsDisplayInContractForm -->
  <testcase name="contract_VerifyActiveHeadingsDisplayInContractListingPage" time="0.0" classname="com.md.testcases.ContractTest">
    <skipped/>
  </testcase> <!-- contract_VerifyActiveHeadingsDisplayInContractListingPage -->
  <testcase name="contract_VerifyContractListingOnLanguageChange" time="0.0" classname="com.md.testcases.ContractTest">
    <skipped/>
  </testcase> <!-- contract_VerifyContractListingOnLanguageChange -->
  <testcase name="contract_VerifyDisplayOfExpiryNotiticationLink" time="0.0" classname="com.md.testcases.ContractTest">
    <ignored/>
  </testcase> <!-- contract_VerifyDisplayOfExpiryNotiticationLink -->
  <testcase name="contract_VerifyAtleastOneValueInSupplierContact" time="0.0" classname="com.md.testcases.ContractTest">
    <ignored/>
  </testcase> <!-- contract_VerifyAtleastOneValueInSupplierContact -->
  <testcase name="contract_VerifySelectedParentNotDisplayInChildDropdown" time="0.0" classname="com.md.testcases.ContractTest">
    <ignored/>
  </testcase> <!-- contract_VerifySelectedParentNotDisplayInChildDropdown -->
  <testcase name="VerifySelectedChildNotDisplayInParentDropdown" time="0.0" classname="com.md.testcases.ContractTest">
    <ignored/>
  </testcase> <!-- VerifySelectedChildNotDisplayInParentDropdown -->
  <testcase name="contract_VerifySearchContractUsingCategory" time="0.0" classname="com.md.testcases.ContractTest">
    <ignored/>
  </testcase> <!-- contract_VerifySearchContractUsingCategory -->
  <testcase name="contract_VerifySearchContractUsingOwner" time="0.0" classname="com.md.testcases.ContractTest">
    <ignored/>
  </testcase> <!-- contract_VerifySearchContractUsingOwner -->
  <testcase name="VerifyDisplayOfArchivedContracts" time="0.0" classname="com.md.testcases.ContractTest">
    <ignored/>
  </testcase> <!-- VerifyDisplayOfArchivedContracts -->
  <testcase name="contract_VerifyDisplayOfCategoryInContractForm" time="0.0" classname="com.md.testcases.ContractTest">
    <ignored/>
  </testcase> <!-- contract_VerifyDisplayOfCategoryInContractForm -->
  <testcase name="contract_VerifyDisplayOfCustomNotiticationLink" time="0.0" classname="com.md.testcases.ContractTest">
    <ignored/>
  </testcase> <!-- contract_VerifyDisplayOfCustomNotiticationLink -->
  <testcase name="contract_VerifyCustomFieldDisplayInContractForm" time="0.0" classname="com.md.testcases.ContractTest">
    <ignored/>
  </testcase> <!-- contract_VerifyCustomFieldDisplayInContractForm -->
</testsuite> <!-- Default test -->
