<?xml version="1.0" encoding="UTF-8"?>
<!-- Generated by org.testng.reporters.JUnitXMLReporter -->
<testsuite hostname="CISM-I-458" ignored="3" tests="0" failures="0" timestamp="2022-03-03T10:46:02 IST" time="0.012" errors="0">
  <testcase name="qq_VerifyCKEditor" time="0.0" classname="com.md.testcases.QuickQuotesTest">
    <ignored/>
  </testcase> <!-- qq_VerifyCKEditor -->
  <testcase name="qq_VerifyCurrencySymbol" time="0.0" classname="com.md.testcases.QuickQuotesTest">
    <ignored/>
  </testcase> <!-- qq_VerifyCurrencySymbol -->
  <testcase name="qq_VerifyAwardLotPopup" time="0.0" classname="com.md.testcases.QuickQuotesTest">
    <ignored/>
  </testcase> <!-- qq_VerifyAwardLotPopup -->
</testsuite>
