<?xml version="1.0" encoding="UTF-8"?>
<!-- Generated by org.testng.reporters.JUnitXMLReporter -->
<testsuite hostname="CISM-I-458" ignored="2" name="Default test" tests="45" failures="0" timestamp="2021-07-06T15:29:43 IST" time="0.543" errors="0">
  <testcase name="@BeforeTest setUp" time="0.054" classname="com.md.testcases.ContractTest">
    <failure type="java.lang.IllegalStateException" message="The driver executable does not exist: D:\Selinium Workspace\MarketDojoAutomation">
      <![CDATA[java.lang.IllegalStateException: The driver executable does not exist: D:\Selinium Workspace\MarketDojoAutomation
at com.google.common.base.Preconditions.checkState(Preconditions.java:585)
at org.openqa.selenium.remote.service.DriverService.checkExecutable(DriverService.java:146)
at org.openqa.selenium.remote.service.DriverService.findExecutable(DriverService.java:141)
at org.openqa.selenium.chrome.ChromeDriverService.access$000(ChromeDriverService.java:35)
at org.openqa.selenium.chrome.ChromeDriverService$Builder.findDefaultExecutable(ChromeDriverService.java:159)
at org.openqa.selenium.remote.service.DriverService$Builder.build(DriverService.java:355)
at org.openqa.selenium.chrome.ChromeDriverService.createDefaultService(ChromeDriverService.java:94)
at org.openqa.selenium.chrome.ChromeDriver.<init>(ChromeDriver.java:157)
at com.md.base.TestBase.initialization(TestBase.java:70)
at com.md.testcases.ContractTest.setUp(ContractTest.java:37)
at sun.reflect.NativeMethodAccessorImpl.invoke0(Native Method)
at sun.reflect.NativeMethodAccessorImpl.invoke(NativeMethodAccessorImpl.java:62)
at sun.reflect.DelegatingMethodAccessorImpl.invoke(DelegatingMethodAccessorImpl.java:43)
at java.lang.reflect.Method.invoke(Method.java:498)
at org.testng.internal.MethodInvocationHelper.invokeMethod(MethodInvocationHelper.java:132)
at org.testng.internal.MethodInvocationHelper.invokeMethodConsideringTimeout(MethodInvocationHelper.java:61)
at org.testng.internal.ConfigInvoker.invokeConfigurationMethod(ConfigInvoker.java:366)
at org.testng.internal.ConfigInvoker.invokeConfigurations(ConfigInvoker.java:320)
at org.testng.TestRunner.invokeTestConfigurations(TestRunner.java:617)
at org.testng.TestRunner.beforeRun(TestRunner.java:607)
at org.testng.TestRunner.run(TestRunner.java:578)
at org.testng.SuiteRunner.runTest(SuiteRunner.java:384)
at org.testng.SuiteRunner.runSequentially(SuiteRunner.java:378)
at org.testng.SuiteRunner.privateRun(SuiteRunner.java:337)
at org.testng.SuiteRunner.run(SuiteRunner.java:286)
at org.testng.SuiteRunnerWorker.runSuite(SuiteRunnerWorker.java:53)
at org.testng.SuiteRunnerWorker.run(SuiteRunnerWorker.java:96)
at org.testng.TestNG.runSuitesSequentially(TestNG.java:1218)
at org.testng.TestNG.runSuitesLocally(TestNG.java:1140)
at org.testng.TestNG.runSuites(TestNG.java:1069)
at org.testng.TestNG.run(TestNG.java:1037)
at org.testng.remote.AbstractRemoteTestNG.run(AbstractRemoteTestNG.java:115)
at org.testng.remote.RemoteTestNG.initAndRun(RemoteTestNG.java:251)
at org.testng.remote.RemoteTestNG.main(RemoteTestNG.java:77)
]]>
    </failure>
  </testcase> <!-- @BeforeTest setUp -->
  <testcase name="@BeforeTest setUp" time="-1.625565582456E9" classname="com.md.testcases.QuickQuotesTest">
    <skipped/>
  </testcase> <!-- @BeforeTest setUp -->
  <testcase name="@AfterMethod tearDown" time="-1.625565582488E9" classname="com.md.ExtentReportListener.ExtentReporterNG">
    <skipped/>
  </testcase> <!-- @AfterMethod tearDown -->
  <testcase name="@AfterMethod tearDown" time="-1.625565582503E9" classname="com.md.ExtentReportListener.ExtentReporterNG">
    <skipped/>
  </testcase> <!-- @AfterMethod tearDown -->
  <testcase name="@AfterMethod tearDown" time="-1.625565582534E9" classname="com.md.ExtentReportListener.ExtentReporterNG">
    <skipped/>
  </testcase> <!-- @AfterMethod tearDown -->
  <testcase name="@AfterMethod tearDown" time="-1.62556558255E9" classname="com.md.ExtentReportListener.ExtentReporterNG">
    <skipped/>
  </testcase> <!-- @AfterMethod tearDown -->
  <testcase name="@AfterMethod tearDown" time="-1.62556558255E9" classname="com.md.ExtentReportListener.ExtentReporterNG">
    <skipped/>
  </testcase> <!-- @AfterMethod tearDown -->
  <testcase name="@AfterMethod tearDown" time="-1.625565582565E9" classname="com.md.ExtentReportListener.ExtentReporterNG">
    <skipped/>
  </testcase> <!-- @AfterMethod tearDown -->
  <testcase name="@AfterMethod tearDown" time="-1.625565582581E9" classname="com.md.ExtentReportListener.ExtentReporterNG">
    <skipped/>
  </testcase> <!-- @AfterMethod tearDown -->
  <testcase name="@AfterMethod tearDown" time="-1.625565582581E9" classname="com.md.ExtentReportListener.ExtentReporterNG">
    <skipped/>
  </testcase> <!-- @AfterMethod tearDown -->
  <testcase name="@AfterMethod tearDown" time="-1.625565582597E9" classname="com.md.ExtentReportListener.ExtentReporterNG">
    <skipped/>
  </testcase> <!-- @AfterMethod tearDown -->
  <testcase name="@AfterMethod tearDown" time="-1.625565582612E9" classname="com.md.ExtentReportListener.ExtentReporterNG">
    <skipped/>
  </testcase> <!-- @AfterMethod tearDown -->
  <testcase name="@AfterMethod tearDown" time="-1.625565582628E9" classname="com.md.ExtentReportListener.ExtentReporterNG">
    <skipped/>
  </testcase> <!-- @AfterMethod tearDown -->
  <testcase name="@AfterMethod tearDown" time="-1.625565582644E9" classname="com.md.ExtentReportListener.ExtentReporterNG">
    <skipped/>
  </testcase> <!-- @AfterMethod tearDown -->
  <testcase name="@AfterMethod tearDown" time="-1.625565582647E9" classname="com.md.ExtentReportListener.ExtentReporterNG">
    <skipped/>
  </testcase> <!-- @AfterMethod tearDown -->
  <testcase name="@AfterMethod tearDown" time="-1.625565582647E9" classname="com.md.ExtentReportListener.ExtentReporterNG">
    <skipped/>
  </testcase> <!-- @AfterMethod tearDown -->
  <testcase name="@AfterMethod tearDown" time="-1.625565582663E9" classname="com.md.ExtentReportListener.ExtentReporterNG">
    <skipped/>
  </testcase> <!-- @AfterMethod tearDown -->
  <testcase name="@AfterMethod tearDown" time="-1.625565582663E9" classname="com.md.ExtentReportListener.ExtentReporterNG">
    <skipped/>
  </testcase> <!-- @AfterMethod tearDown -->
  <testcase name="@AfterMethod tearDown" time="-1.625565582678E9" classname="com.md.ExtentReportListener.ExtentReporterNG">
    <skipped/>
  </testcase> <!-- @AfterMethod tearDown -->
  <testcase name="@AfterMethod tearDown" time="-1.625565582694E9" classname="com.md.ExtentReportListener.ExtentReporterNG">
    <skipped/>
  </testcase> <!-- @AfterMethod tearDown -->
  <testcase name="@AfterMethod tearDown" time="-1.625565582694E9" classname="com.md.ExtentReportListener.ExtentReporterNG">
    <skipped/>
  </testcase> <!-- @AfterMethod tearDown -->
  <testcase name="@AfterMethod tearDown" time="-1.625565582694E9" classname="com.md.ExtentReportListener.ExtentReporterNG">
    <skipped/>
  </testcase> <!-- @AfterMethod tearDown -->
  <testcase name="@AfterMethod tearDown" time="-1.625565582706E9" classname="com.md.ExtentReportListener.ExtentReporterNG">
    <skipped/>
  </testcase> <!-- @AfterMethod tearDown -->
  <testcase name="@AfterMethod tearDown" time="-1.625565582722E9" classname="com.md.ExtentReportListener.ExtentReporterNG">
    <skipped/>
  </testcase> <!-- @AfterMethod tearDown -->
  <testcase name="@AfterMethod tearDown" time="-1.625565582737E9" classname="com.md.ExtentReportListener.ExtentReporterNG">
    <skipped/>
  </testcase> <!-- @AfterMethod tearDown -->
  <testcase name="@AfterMethod tearDown" time="-1.625565582737E9" classname="com.md.ExtentReportListener.ExtentReporterNG">
    <skipped/>
  </testcase> <!-- @AfterMethod tearDown -->
  <testcase name="@AfterMethod tearDown" time="-1.625565582753E9" classname="com.md.ExtentReportListener.ExtentReporterNG">
    <skipped/>
  </testcase> <!-- @AfterMethod tearDown -->
  <testcase name="@AfterMethod tearDown" time="-1.625565582768E9" classname="com.md.ExtentReportListener.ExtentReporterNG">
    <skipped/>
  </testcase> <!-- @AfterMethod tearDown -->
  <testcase name="@AfterMethod tearDown" time="-1.625565582768E9" classname="com.md.ExtentReportListener.ExtentReporterNG">
    <skipped/>
  </testcase> <!-- @AfterMethod tearDown -->
  <testcase name="@AfterMethod tearDown" time="-1.625565582784E9" classname="com.md.ExtentReportListener.ExtentReporterNG">
    <skipped/>
  </testcase> <!-- @AfterMethod tearDown -->
  <testcase name="@AfterMethod tearDown" time="-1.6255655828E9" classname="com.md.ExtentReportListener.ExtentReporterNG">
    <skipped/>
  </testcase> <!-- @AfterMethod tearDown -->
  <testcase name="@AfterMethod tearDown" time="-1.6255655828E9" classname="com.md.ExtentReportListener.ExtentReporterNG">
    <skipped/>
  </testcase> <!-- @AfterMethod tearDown -->
  <testcase name="@AfterMethod tearDown" time="-1.6255655828E9" classname="com.md.ExtentReportListener.ExtentReporterNG">
    <skipped/>
  </testcase> <!-- @AfterMethod tearDown -->
  <testcase name="@AfterMethod tearDown" time="-1.625565582815E9" classname="com.md.ExtentReportListener.ExtentReporterNG">
    <skipped/>
  </testcase> <!-- @AfterMethod tearDown -->
  <testcase name="@AfterMethod tearDown" time="-1.625565582831E9" classname="com.md.ExtentReportListener.ExtentReporterNG">
    <skipped/>
  </testcase> <!-- @AfterMethod tearDown -->
  <testcase name="@AfterMethod tearDown" time="-1.625565582831E9" classname="com.md.ExtentReportListener.ExtentReporterNG">
    <skipped/>
  </testcase> <!-- @AfterMethod tearDown -->
  <testcase name="@AfterMethod tearDown" time="-1.625565582847E9" classname="com.md.ExtentReportListener.ExtentReporterNG">
    <skipped/>
  </testcase> <!-- @AfterMethod tearDown -->
  <testcase name="@AfterMethod tearDown" time="-1.625565582855E9" classname="com.md.ExtentReportListener.ExtentReporterNG">
    <skipped/>
  </testcase> <!-- @AfterMethod tearDown -->
  <testcase name="@AfterMethod tearDown" time="-1.625565582863E9" classname="com.md.ExtentReportListener.ExtentReporterNG">
    <skipped/>
  </testcase> <!-- @AfterMethod tearDown -->
  <testcase name="@AfterMethod tearDown" time="-1.625565582865E9" classname="com.md.ExtentReportListener.ExtentReporterNG">
    <skipped/>
  </testcase> <!-- @AfterMethod tearDown -->
  <testcase name="@AfterMethod tearDown" time="-1.625565582873E9" classname="com.md.ExtentReportListener.ExtentReporterNG">
    <skipped/>
  </testcase> <!-- @AfterMethod tearDown -->
  <testcase name="@AfterMethod tearDown" time="-1.625565582885E9" classname="com.md.ExtentReportListener.ExtentReporterNG">
    <skipped/>
  </testcase> <!-- @AfterMethod tearDown -->
  <testcase name="@AfterMethod tearDown" time="-1.625565582896E9" classname="com.md.ExtentReportListener.ExtentReporterNG">
    <skipped/>
  </testcase> <!-- @AfterMethod tearDown -->
  <testcase name="@AfterMethod tearDown" time="-1.625565582906E9" classname="com.md.ExtentReportListener.ExtentReporterNG">
    <skipped/>
  </testcase> <!-- @AfterMethod tearDown -->
  <testcase name="@AfterMethod tearDown" time="-1.625565582916E9" classname="com.md.ExtentReportListener.ExtentReporterNG">
    <skipped/>
  </testcase> <!-- @AfterMethod tearDown -->
  <testcase name="@AfterMethod tearDown" time="-1.625565582926E9" classname="com.md.ExtentReportListener.ExtentReporterNG">
    <skipped/>
  </testcase> <!-- @AfterMethod tearDown -->
  <testcase name="@AfterMethod tearDown" time="-1.625565582936E9" classname="com.md.ExtentReportListener.ExtentReporterNG">
    <skipped/>
  </testcase> <!-- @AfterMethod tearDown -->
  <testcase name="@AfterTest Teardown" time="-1.625565582936E9" classname="com.md.testcases.ContractTest">
    <skipped/>
  </testcase> <!-- @AfterTest Teardown -->
  <testcase name="@AfterTest Teardown" time="-1.625565582936E9" classname="com.md.testcases.QuickQuotesTest">
    <skipped/>
  </testcase> <!-- @AfterTest Teardown -->
  <testcase name="VerifyUserIsAbleToAddContract" time="0.0" classname="com.md.testcases.ContractTest">
    <skipped/>
  </testcase> <!-- VerifyUserIsAbleToAddContract -->
  <testcase name="VerifyHeadingOnContractListingPage" time="0.0" classname="com.md.testcases.ContractTest">
    <skipped/>
  </testcase> <!-- VerifyHeadingOnContractListingPage -->
  <testcase name="VerifyUserIsAbleToSearchContract" time="0.0" classname="com.md.testcases.ContractTest">
    <skipped/>
  </testcase> <!-- VerifyUserIsAbleToSearchContract -->
  <testcase name="VerifyDisplayOfArchivedContracts" time="0.0" classname="com.md.testcases.ContractTest">
    <skipped/>
  </testcase> <!-- VerifyDisplayOfArchivedContracts -->
  <testcase name="VerifyAlertMsgOnSearchingContracts" time="0.0" classname="com.md.testcases.ContractTest">
    <skipped/>
  </testcase> <!-- VerifyAlertMsgOnSearchingContracts -->
  <testcase name="VerifySearchContractUsingOwner" time="0.0" classname="com.md.testcases.ContractTest">
    <skipped/>
  </testcase> <!-- VerifySearchContractUsingOwner -->
  <testcase name="VerifySearchContractUsingTitle" time="0.0" classname="com.md.testcases.ContractTest">
    <skipped/>
  </testcase> <!-- VerifySearchContractUsingTitle -->
  <testcase name="VerifySearchContractUsingCategory" time="0.0" classname="com.md.testcases.ContractTest">
    <skipped/>
  </testcase> <!-- VerifySearchContractUsingCategory -->
  <testcase name="VerifySearchContractUsingSupplier" time="0.0" classname="com.md.testcases.ContractTest">
    <skipped/>
  </testcase> <!-- VerifySearchContractUsingSupplier -->
  <testcase name="VerifySearchContractUsingStartDate" time="0.0" classname="com.md.testcases.ContractTest">
    <skipped/>
  </testcase> <!-- VerifySearchContractUsingStartDate -->
  <testcase name="VerifySearchContractUsingExpiryDate" time="0.0" classname="com.md.testcases.ContractTest">
    <skipped/>
  </testcase> <!-- VerifySearchContractUsingExpiryDate -->
  <testcase name="VerifySearchContractUsingValue" time="0.0" classname="com.md.testcases.ContractTest">
    <skipped/>
  </testcase> <!-- VerifySearchContractUsingValue -->
  <testcase name="VerifySearchContractUsingStakeHolder" time="0.0" classname="com.md.testcases.ContractTest">
    <skipped/>
  </testcase> <!-- VerifySearchContractUsingStakeHolder -->
  <testcase name="VerifySearchContractUsingState" time="0.0" classname="com.md.testcases.ContractTest">
    <skipped/>
  </testcase> <!-- VerifySearchContractUsingState -->
  <testcase name="VerifyContractValidationMsg" time="0.0" classname="com.md.testcases.ContractTest">
    <skipped/>
  </testcase> <!-- VerifyContractValidationMsg -->
  <testcase name="VerifyOneMonthNoticePeriodIsSelectedByDefault" time="0.0" classname="com.md.testcases.ContractTest">
    <skipped/>
  </testcase> <!-- VerifyOneMonthNoticePeriodIsSelectedByDefault -->
  <testcase name="VerifyUserNavigationToContractForm" time="0.0" classname="com.md.testcases.ContractTest">
    <skipped/>
  </testcase> <!-- VerifyUserNavigationToContractForm -->
  <testcase name="VerifyUserIsAbleToEditContract" time="0.0" classname="com.md.testcases.ContractTest">
    <skipped/>
  </testcase> <!-- VerifyUserIsAbleToEditContract -->
  <testcase name="VerifyDisplayOfCategoryInContractForm" time="0.0" classname="com.md.testcases.ContractTest">
    <skipped/>
  </testcase> <!-- VerifyDisplayOfCategoryInContractForm -->
  <testcase name="VerifyAutoSuggestionForSupplierContact" time="0.0" classname="com.md.testcases.ContractTest">
    <skipped/>
  </testcase> <!-- VerifyAutoSuggestionForSupplierContact -->
  <testcase name="VerifyAutoSuggestionForStakeHolder" time="0.0" classname="com.md.testcases.ContractTest">
    <skipped/>
  </testcase> <!-- VerifyAutoSuggestionForStakeHolder -->
  <testcase name="VerifyDisplayOfSupplierContactDetails" time="0.0" classname="com.md.testcases.ContractTest">
    <skipped/>
  </testcase> <!-- VerifyDisplayOfSupplierContactDetails -->
  <testcase name="VerifyAlertMsgIfHostAddedToSupplierContact" time="0.0" classname="com.md.testcases.ContractTest">
    <skipped/>
  </testcase> <!-- VerifyAlertMsgIfHostAddedToSupplierContact -->
  <testcase name="VerifyRemovalOfSupplierContact" time="0.0" classname="com.md.testcases.ContractTest">
    <skipped/>
  </testcase> <!-- VerifyRemovalOfSupplierContact -->
  <testcase name="VerifyAtleastOneValueInSupplierContact" time="0.0" classname="com.md.testcases.ContractTest">
    <skipped/>
  </testcase> <!-- VerifyAtleastOneValueInSupplierContact -->
  <testcase name="VerifyAlertMsgIfParticipantAddedToStakeHolder" time="0.0" classname="com.md.testcases.ContractTest">
    <skipped/>
  </testcase> <!-- VerifyAlertMsgIfParticipantAddedToStakeHolder -->
  <testcase name="VerifyDisplayOfDropbox" time="0.0" classname="com.md.testcases.ContractTest">
    <skipped/>
  </testcase> <!-- VerifyDisplayOfDropbox -->
  <testcase name="VerifyNoticePeriodChangeAccordingToPeriodSelected" time="0.0" classname="com.md.testcases.ContractTest">
    <skipped/>
  </testcase> <!-- VerifyNoticePeriodChangeAccordingToPeriodSelected -->
  <testcase name="VerifyDisplayOfExpiryNotiticationLink" time="0.0" classname="com.md.testcases.ContractTest">
    <skipped/>
  </testcase> <!-- VerifyDisplayOfExpiryNotiticationLink -->
  <testcase name="VerifySupplierAndStakeHolderInRecipientPopup" time="0.0" classname="com.md.testcases.ContractTest">
    <skipped/>
  </testcase> <!-- VerifySupplierAndStakeHolderInRecipientPopup -->
  <testcase name="VerifyDisplayOfCustomNotiticationLink" time="0.0" classname="com.md.testcases.ContractTest">
    <skipped/>
  </testcase> <!-- VerifyDisplayOfCustomNotiticationLink -->
  <testcase name="VerifyDisplayOfParentHeirarchyDropdown" time="0.0" classname="com.md.testcases.ContractTest">
    <skipped/>
  </testcase> <!-- VerifyDisplayOfParentHeirarchyDropdown -->
  <testcase name="VerifySelectedParentNotDisplayInChildDropdown" time="0.0" classname="com.md.testcases.ContractTest">
    <skipped/>
  </testcase> <!-- VerifySelectedParentNotDisplayInChildDropdown -->
  <testcase name="VerifySelectedChildNotDisplayInParentDropdown" time="0.0" classname="com.md.testcases.ContractTest">
    <skipped/>
  </testcase> <!-- VerifySelectedChildNotDisplayInParentDropdown -->
  <testcase name="VerifyLanguageChange" time="0.0" classname="com.md.testcases.ContractTest">
    <skipped/>
  </testcase> <!-- VerifyLanguageChange -->
  <testcase name="VerifyActiveHeadingsDisplayInContractForm" time="0.0" classname="com.md.testcases.ContractTest">
    <skipped/>
  </testcase> <!-- VerifyActiveHeadingsDisplayInContractForm -->
  <testcase name="VerifyActiveHeadingsDisplayInContractListingPage" time="0.0" classname="com.md.testcases.ContractTest">
    <skipped/>
  </testcase> <!-- VerifyActiveHeadingsDisplayInContractListingPage -->
  <testcase name="VerifyContractListingOnLanguageChange" time="0.0" classname="com.md.testcases.ContractTest">
    <skipped/>
  </testcase> <!-- VerifyContractListingOnLanguageChange -->
  <testcase name="VerifyCustomFieldDisplayInContractForm" time="0.0" classname="com.md.testcases.ContractTest">
    <skipped/>
  </testcase> <!-- VerifyCustomFieldDisplayInContractForm -->
  <testcase name="verifyValidationMessageOnNamefield" time="0.0" classname="com.md.testcases.QuickQuotesTest">
    <skipped/>
  </testcase> <!-- verifyValidationMessageOnNamefield -->
  <testcase name="verifyGetQuoteButtonIsDisable" time="0.0" classname="com.md.testcases.QuickQuotesTest">
    <skipped/>
  </testcase> <!-- verifyGetQuoteButtonIsDisable -->
  <testcase name="verifyToasterMessage" time="0.0" classname="com.md.testcases.QuickQuotesTest">
    <skipped/>
  </testcase> <!-- verifyToasterMessage -->
  <testcase name="createQuotebyName" time="0.0" classname="com.md.testcases.QuickQuotesTest">
    <skipped/>
  </testcase> <!-- createQuotebyName -->
  <testcase name="verfiyQQEventWithAllDetails" time="0.0" classname="com.md.testcases.QuickQuotesTest">
    <skipped/>
  </testcase> <!-- verfiyQQEventWithAllDetails -->
  <testcase name="verifySandpitEventWithQuestionnaire" time="0.0" classname="com.md.testcases.QuickQuotesTest">
    <skipped/>
  </testcase> <!-- verifySandpitEventWithQuestionnaire -->
  <testcase name="@BeforeSuite createReport" time="0.0" classname="com.md.ExtentReportListener.ExtentReporterNG">
    <ignored/>
  </testcase> <!-- @BeforeSuite createReport -->
  <testcase name="@AfterSuite reportTeardown" time="0.0" classname="com.md.ExtentReportListener.ExtentReporterNG">
    <ignored/>
  </testcase> <!-- @AfterSuite reportTeardown -->
</testsuite> <!-- Default test -->
