<?xml version="1.0" encoding="UTF-8"?>
<!-- Generated by org.testng.reporters.JUnitXMLReporter -->
<testsuite hostname="CISM-I-458" ignored="0" name="Default test" tests="7" failures="0" timestamp="2021-10-19T10:26:11 IST" time="354.156" errors="0">
  <testcase name="qq_VerifyValidationMessageOnNamefield" time="17.709" classname="com.md.testcases.QuickQuotesTest"/>
  <testcase name="qq_VerifyGetQuoteButtonIsDisable" time="2.06" classname="com.md.testcases.QuickQuotesTest"/>
  <testcase name="qq_VerifyToasterMessage" time="8.928" classname="com.md.testcases.QuickQuotesTest"/>
  <testcase name="qq_VerifyQuotebyName" time="9.847" classname="com.md.testcases.QuickQuotesTest"/>
  <testcase name="qq_VerfiyQQEventWithAllDetails" time="29.025" classname="com.md.testcases.QuickQuotesTest"/>
  <testcase name="qq_VerifySandpitEventWithQuestionnaireAndAllowResubmission" time="236.325" classname="com.md.testcases.QuickQuotesTest"/>
  <testcase name="qq_VerifyEditContent" time="10.065" classname="com.md.testcases.QuickQuotesTest"/>
</testsuite> <!-- Default test -->
