<?xml version="1.0" encoding="UTF-8"?>
<!-- Generated by org.testng.reporters.JUnitXMLReporter -->
<testsuite hostname="CISM-I-458" ignored="0" name="Default test" tests="5" failures="0" timestamp="2022-01-03T23:27:25 IST" time="234.516" errors="0">
  <testcase name="qq_VerifyDeleteQuote" time="23.192" classname="com.md.testcases.QuickQuotesTest"/>
  <testcase name="qq_VerifyDeleteQuote" time="23.077" classname="com.md.testcases.QuickQuotesTest"/>
  <testcase name="qq_VerifyDeleteQuote" time="23.037" classname="com.md.testcases.QuickQuotesTest"/>
  <testcase name="qq_VerifyDeleteQuote" time="23.022" classname="com.md.testcases.QuickQuotesTest"/>
  <testcase name="qq_VerifyDeleteQuote" time="23.038" classname="com.md.testcases.QuickQuotesTest"/>
</testsuite> <!-- Default test -->
