<?xml version="1.0" encoding="UTF-8"?>
<!-- Generated by org.testng.reporters.JUnitXMLReporter -->
<testsuite hostname="CISM-I-458" ignored="0" name="Default test" tests="4" failures="0" timestamp="2021-12-23T17:40:03 IST" time="480.394" errors="0">
  <testcase name="qq_VerifyCreateMessageinSandpit" time="151.873" classname="com.md.testcases.QuickQuotesTest"/>
  <testcase name="qq_VerfiyEditQQEvent" time="32.276" classname="com.md.testcases.QuickQuotesTest"/>
  <testcase name="qq_VerifySearchQuote" time="10.545" classname="com.md.testcases.QuickQuotesTest"/>
  <testcase name="qq_VerifyQuestionnaireAndAllowResubmissioninSandpit" time="237.737" classname="com.md.testcases.QuickQuotesTest"/>
</testsuite> <!-- Default test -->
