<?xml version="1.0" encoding="UTF-8"?>
<!-- Generated by org.testng.reporters.JUnitXMLReporter -->
<testsuite hostname="CISM-I-458" ignored="0" name="Default test" tests="10" failures="0" timestamp="2022-04-13T13:23:52 IST" time="314.013" errors="0">
  <testcase name="@BeforeMethod Test" time="33.085" classname="com.md.testcases.QuickQuotesTest">
    <failure type="org.openqa.selenium.NoSuchElementException" message="no such element: Unable to locate element: {&amp;quot;method&amp;quot;:&amp;quot;xpath&amp;quot;,&amp;quot;selector&amp;quot;:&amp;quot;//li[@class=&amp;apos;mobile-menu-hidden&amp;apos;]//a[@class=&amp;apos;menu-item-tab header-main-link&amp;apos;][normalize-space()=&amp;apos;Quotes&amp;apos;]&amp;quot;}
  (Session info: chrome=99.0.4844.82)
For documentation on this error, please visit: https://www.seleniumhq.org/exceptions/no_such_element.html
Build info: version: &amp;apos;3.141.59&amp;apos;, revision: &amp;apos;e82be7d358&amp;apos;, time: &amp;apos;2018-11-14T08:25:53&amp;apos;
System info: host: &amp;apos;CISM-I-458&amp;apos;, ip: &amp;apos;192.168.2.203&amp;apos;, os.name: &amp;apos;Windows 10&amp;apos;, os.arch: &amp;apos;amd64&amp;apos;, os.version: &amp;apos;10.0&amp;apos;, java.version: &amp;apos;1.8.0_281&amp;apos;
Driver info: org.openqa.selenium.chrome.ChromeDriver
Capabilities {acceptInsecureCerts: false, browserName: chrome, browserVersion: 99.0.4844.82, chrome: {chromedriverVersion: 99.0.4844.51 (d537ec02474b5..., userDataDir: C:\Users\cis\AppData\Local\...}, goog:chromeOptions: {debuggerAddress: localhost:55011}, javascriptEnabled: true, networkConnectionEnabled: false, pageLoadStrategy: normal, platform: WINDOWS, platformName: WINDOWS, proxy: Proxy(), setWindowRect: true, strictFileInteractability: false, timeouts: {implicit: 0, pageLoad: 300000, script: 30000}, unhandledPromptBehavior: dismiss and notify, webauthn:extension:credBlob: true, webauthn:extension:largeBlob: true, webauthn:virtualAuthenticators: true}
Session ID: c2476a17ed664daef08f3d53bf1eb21e
*** Element info: {Using=xpath, value=//li[@class=&amp;apos;mobile-menu-hidden&amp;apos;]//a[@class=&amp;apos;menu-item-tab header-main-link&amp;apos;][normalize-space()=&amp;apos;Quotes&amp;apos;]}">
      <![CDATA[org.openqa.selenium.NoSuchElementException: no such element: Unable to locate element: {"method":"xpath","selector":"//li[@class='mobile-menu-hidden']//a[@class='menu-item-tab header-main-link'][normalize-space()='Quotes']"}
  (Session info: chrome=99.0.4844.82)
For documentation on this error, please visit: https://www.seleniumhq.org/exceptions/no_such_element.html
Build info: version: '3.141.59', revision: 'e82be7d358', time: '2018-11-14T08:25:53'
System info: host: 'CISM-I-458', ip: '192.168.2.203', os.name: 'Windows 10', os.arch: 'amd64', os.version: '10.0', java.version: '1.8.0_281'
Driver info: org.openqa.selenium.chrome.ChromeDriver
Capabilities {acceptInsecureCerts: false, browserName: chrome, browserVersion: 99.0.4844.82, chrome: {chromedriverVersion: 99.0.4844.51 (d537ec02474b5..., userDataDir: C:\Users\cis\AppData\Local\...}, goog:chromeOptions: {debuggerAddress: localhost:55011}, javascriptEnabled: true, networkConnectionEnabled: false, pageLoadStrategy: normal, platform: WINDOWS, platformName: WINDOWS, proxy: Proxy(), setWindowRect: true, strictFileInteractability: false, timeouts: {implicit: 0, pageLoad: 300000, script: 30000}, unhandledPromptBehavior: dismiss and notify, webauthn:extension:credBlob: true, webauthn:extension:largeBlob: true, webauthn:virtualAuthenticators: true}
Session ID: c2476a17ed664daef08f3d53bf1eb21e
*** Element info: {Using=xpath, value=//li[@class='mobile-menu-hidden']//a[@class='menu-item-tab header-main-link'][normalize-space()='Quotes']}
at sun.reflect.NativeConstructorAccessorImpl.newInstance0(Native Method)
at sun.reflect.NativeConstructorAccessorImpl.newInstance(NativeConstructorAccessorImpl.java:62)
at sun.reflect.DelegatingConstructorAccessorImpl.newInstance(DelegatingConstructorAccessorImpl.java:45)
at java.lang.reflect.Constructor.newInstance(Constructor.java:423)
at org.openqa.selenium.remote.http.W3CHttpResponseCodec.createException(W3CHttpResponseCodec.java:187)
at org.openqa.selenium.remote.http.W3CHttpResponseCodec.decode(W3CHttpResponseCodec.java:122)
at org.openqa.selenium.remote.http.W3CHttpResponseCodec.decode(W3CHttpResponseCodec.java:49)
at org.openqa.selenium.remote.HttpCommandExecutor.execute(HttpCommandExecutor.java:158)
at org.openqa.selenium.remote.service.DriverCommandExecutor.execute(DriverCommandExecutor.java:83)
at org.openqa.selenium.remote.RemoteWebDriver.execute(RemoteWebDriver.java:552)
at org.openqa.selenium.remote.RemoteWebDriver.findElement(RemoteWebDriver.java:323)
at org.openqa.selenium.remote.RemoteWebDriver.findElementByXPath(RemoteWebDriver.java:428)
at org.openqa.selenium.By$ByXPath.findElement(By.java:353)
at org.openqa.selenium.remote.RemoteWebDriver.findElement(RemoteWebDriver.java:315)
at org.openqa.selenium.support.pagefactory.DefaultElementLocator.findElement(DefaultElementLocator.java:69)
at org.openqa.selenium.support.pagefactory.internal.LocatingElementHandler.invoke(LocatingElementHandler.java:38)
at com.sun.proxy.$Proxy10.click(Unknown Source)
at com.md.pages.QuickQuotesPage.quoteListingToCreate(QuickQuotesPage.java:527)
at com.md.testcases.QuickQuotesTest.Test(QuickQuotesTest.java:38)
at sun.reflect.NativeMethodAccessorImpl.invoke0(Native Method)
at sun.reflect.NativeMethodAccessorImpl.invoke(NativeMethodAccessorImpl.java:62)
at sun.reflect.DelegatingMethodAccessorImpl.invoke(DelegatingMethodAccessorImpl.java:43)
at java.lang.reflect.Method.invoke(Method.java:498)
at org.testng.internal.MethodInvocationHelper.invokeMethod(MethodInvocationHelper.java:132)
at org.testng.internal.MethodInvocationHelper.invokeMethodConsideringTimeout(MethodInvocationHelper.java:61)
at org.testng.internal.ConfigInvoker.invokeConfigurationMethod(ConfigInvoker.java:366)
at org.testng.internal.ConfigInvoker.invokeConfigurations(ConfigInvoker.java:320)
at org.testng.internal.TestInvoker.runConfigMethods(TestInvoker.java:701)
at org.testng.internal.TestInvoker.invokeMethod(TestInvoker.java:527)
at org.testng.internal.TestInvoker.invokeTestMethod(TestInvoker.java:174)
at org.testng.internal.MethodRunner.runInSequence(MethodRunner.java:46)
at org.testng.internal.TestInvoker$MethodInvocationAgent.invoke(TestInvoker.java:822)
at org.testng.internal.TestInvoker.invokeTestMethods(TestInvoker.java:147)
at org.testng.internal.TestMethodWorker.invokeTestMethods(TestMethodWorker.java:146)
at org.testng.internal.TestMethodWorker.run(TestMethodWorker.java:128)
at java.util.ArrayList.forEach(ArrayList.java:1259)
at org.testng.TestRunner.privateRun(TestRunner.java:764)
at org.testng.TestRunner.run(TestRunner.java:585)
at org.testng.SuiteRunner.runTest(SuiteRunner.java:384)
at org.testng.SuiteRunner.runSequentially(SuiteRunner.java:378)
at org.testng.SuiteRunner.privateRun(SuiteRunner.java:337)
at org.testng.SuiteRunner.run(SuiteRunner.java:286)
at org.testng.SuiteRunnerWorker.runSuite(SuiteRunnerWorker.java:53)
at org.testng.SuiteRunnerWorker.run(SuiteRunnerWorker.java:96)
at org.testng.TestNG.runSuitesSequentially(TestNG.java:1218)
at org.testng.TestNG.runSuitesLocally(TestNG.java:1140)
at org.testng.TestNG.runSuites(TestNG.java:1069)
at org.testng.TestNG.run(TestNG.java:1037)
at org.testng.remote.AbstractRemoteTestNG.run(AbstractRemoteTestNG.java:115)
at org.testng.remote.RemoteTestNG.initAndRun(RemoteTestNG.java:251)
at org.testng.remote.RemoteTestNG.main(RemoteTestNG.java:77)
]]>
    </failure>
  </testcase> <!-- @BeforeMethod Test -->
  <testcase name="@BeforeMethod Test" time="-1.649836432556E9" classname="com.md.testcases.QuickQuotesTest">
    <skipped/>
  </testcase> <!-- @BeforeMethod Test -->
  <testcase name="@BeforeMethod Test" time="-1.649836432565E9" classname="com.md.testcases.QuickQuotesTest">
    <skipped/>
  </testcase> <!-- @BeforeMethod Test -->
  <testcase name="@BeforeMethod Test" time="-1.649836432571E9" classname="com.md.testcases.QuickQuotesTest">
    <skipped/>
  </testcase> <!-- @BeforeMethod Test -->
  <testcase name="@BeforeMethod Test" time="-1.649836432577E9" classname="com.md.testcases.QuickQuotesTest">
    <skipped/>
  </testcase> <!-- @BeforeMethod Test -->
  <testcase name="@BeforeMethod Test" time="-1.649836432587E9" classname="com.md.testcases.QuickQuotesTest">
    <skipped/>
  </testcase> <!-- @BeforeMethod Test -->
  <testcase name="@BeforeMethod Test" time="-1.649836432596E9" classname="com.md.testcases.QuickQuotesTest">
    <skipped/>
  </testcase> <!-- @BeforeMethod Test -->
  <testcase name="@AfterClass Teardown" time="-1.649836432605E9" classname="com.md.testcases.QuickQuotesTest">
    <skipped/>
  </testcase> <!-- @AfterClass Teardown -->
  <testcase name="qq_VerifyParticpantAddedFromGroup" time="12.046" classname="com.md.testcases.QuickQuotesTest"/>
  <testcase name="qq_VerfiyQQEventWithAllDetails" time="17.404" classname="com.md.testcases.QuickQuotesTest"/>
  <testcase name="qq_VerifyCreateMessageinSandpit" time="180.594" classname="com.md.testcases.QuickQuotesTest"/>
  <testcase name="qq_VerfiyEditQQEvent" time="0.0" classname="com.md.testcases.QuickQuotesTest">
    <skipped/>
  </testcase> <!-- qq_VerfiyEditQQEvent -->
  <testcase name="qq_VerifySearchQuote" time="0.0" classname="com.md.testcases.QuickQuotesTest">
    <skipped/>
  </testcase> <!-- qq_VerifySearchQuote -->
  <testcase name="qq_VerifyQuestionnaireAndAllowResubmissioninSandpit" time="0.0" classname="com.md.testcases.QuickQuotesTest">
    <skipped/>
  </testcase> <!-- qq_VerifyQuestionnaireAndAllowResubmissioninSandpit -->
  <testcase name="qq_VerifyClosedReopenEvent" time="0.0" classname="com.md.testcases.QuickQuotesTest">
    <skipped/>
  </testcase> <!-- qq_VerifyClosedReopenEvent -->
  <testcase name="qq_VerifyCKEditor" time="0.0" classname="com.md.testcases.QuickQuotesTest">
    <skipped/>
  </testcase> <!-- qq_VerifyCKEditor -->
  <testcase name="qq_VerifyAwardLotPopup" time="0.0" classname="com.md.testcases.QuickQuotesTest">
    <skipped/>
  </testcase> <!-- qq_VerifyAwardLotPopup -->
  <testcase name="qq_VerifyCurrencySymbol" time="0.0" classname="com.md.testcases.QuickQuotesTest">
    <skipped/>
  </testcase> <!-- qq_VerifyCurrencySymbol -->
</testsuite> <!-- Default test -->
