<?xml version="1.0" encoding="UTF-8"?>
<!-- Generated by org.testng.reporters.JUnitXMLReporter -->
<testsuite hostname="CISM-I-458" ignored="0" name="Test" tests="4" failures="1" timestamp="2021-10-14T16:54:50 IST" time="153.845" errors="0">
  <testcase name="qq_VerifyGetQuoteButtonIsDisable" time="1.818" classname="com.md.testcases.QuickQuotesTest"/>
  <testcase name="qq_VerifyToasterMessage" time="8.876" classname="com.md.testcases.QuickQuotesTest"/>
  <testcase name="qq_VerifyQuotebyName" time="9.997" classname="com.md.testcases.QuickQuotesTest">
    <failure type="java.lang.AssertionError" message="expected [false] but found [true]">
      <![CDATA[java.lang.AssertionError: expected [false] but found [true]
at com.md.testcases.QuickQuotesTest.qq_VerifyQuotebyName(QuickQuotesTest.java:54)
at java.util.ArrayList.forEach(ArrayList.java:1259)
... Removed 31 stack frames]]>
    </failure>
  </testcase> <!-- qq_VerifyQuotebyName -->
  <testcase name="contract_VerifyHeadingOnContractListingPage" time="27.356" classname="com.md.testcases.ContractTest"/>
</testsuite> <!-- Test -->
