<?xml version="1.0" encoding="UTF-8"?>
<!-- Generated by org.testng.reporters.JUnitXMLReporter -->
<testsuite hostname="CISM-I-458" ignored="0" name="Test" tests="2" failures="0" timestamp="2021-10-18T17:47:01 IST" time="225.032" errors="0">
  <testcase name="qq_VerifyGetQuoteButtonIsDisable" time="2.579" classname="com.md.testcases.QuickQuotesTest"/>
  <testcase name="contract_VerifyHeadingOnContractListingPage" time="62.056" classname="com.md.testcases.ContractTest"/>
</testsuite> <!-- Test -->
