<?xml version="1.0" encoding="UTF-8"?>
<testng-results skipped="0" failed="0" ignored="3" total="3" passed="0">
  <reporter-output>
  </reporter-output>
  <suite name="Default suite" duration-ms="12" started-at="2022-03-03T10:46:01 IST" finished-at="2022-03-03T10:46:01 IST">
    <groups>
    </groups>
    <test name="Default test" duration-ms="12" started-at="2022-03-03T10:46:01 IST" finished-at="2022-03-03T10:46:01 IST">
    </test> <!-- Default test -->
  </suite> <!-- Default suite -->
</testng-results>
