<?xml version="1.0" encoding="UTF-8"?>
<testng-results skipped="0" failed="0" ignored="0" total="1" passed="1">
  <reporter-output>
  </reporter-output>
  <suite name="Default suite" duration-ms="194641" started-at="2021-08-04T19:16:52 IST" finished-at="2021-08-04T19:20:07 IST">
    <groups>
    </groups>
    <test name="Default test" duration-ms="194641" started-at="2021-08-04T19:16:52 IST" finished-at="2021-08-04T19:20:07 IST">
      <class name="com.md.testcases.QuickQuotesTest">
        <test-method status="PASS" signature="createReport()[pri:0, instance:com.md.testcases.QuickQuotesTest@34cd072c]" name="createReport" is-config="true" duration-ms="95" started-at="2021-08-04T19:16:52 IST" finished-at="2021-08-04T19:16:52 IST">
          <reporter-output>
          </reporter-output>
        </test-method> <!-- createReport -->
        <test-method status="PASS" signature="setUp()[pri:0, instance:com.md.testcases.QuickQuotesTest@34cd072c]" name="setUp" is-config="true" duration-ms="50566" started-at="2021-08-04T19:16:52 IST" finished-at="2021-08-04T19:17:43 IST">
          <reporter-output>
          </reporter-output>
        </test-method> <!-- setUp -->
        <test-method status="PASS" signature="verifySandpitEventWithQuestionnaire()[pri:6, instance:com.md.testcases.QuickQuotesTest@34cd072c]" name="verifySandpitEventWithQuestionnaire" duration-ms="144041" started-at="2021-08-04T19:17:43 IST" finished-at="2021-08-04T19:20:07 IST">
          <reporter-output>
          </reporter-output>
        </test-method> <!-- verifySandpitEventWithQuestionnaire -->
        <test-method status="PASS" signature="tearDown(org.testng.ITestResult)[pri:0, instance:com.md.testcases.QuickQuotesTest@34cd072c]" name="tearDown" is-config="true" duration-ms="15" started-at="2021-08-04T19:20:07 IST" finished-at="2021-08-04T19:20:07 IST">
          <params>
            <param index="0">
              <value>
                <![CDATA[[TestResult name=verifySandpitEventWithQuestionnaire status=SUCCESS method=QuickQuotesTest.verifySandpitEventWithQuestionnaire()[pri:6, instance:com.md.testcases.QuickQuotesTest@34cd072c] output={null}]]]>
              </value>
            </param>
          </params>
          <reporter-output>
          </reporter-output>
        </test-method> <!-- tearDown -->
        <test-method status="PASS" signature="reportTeardown()[pri:0, instance:com.md.testcases.QuickQuotesTest@34cd072c]" name="reportTeardown" is-config="true" duration-ms="250" started-at="2021-08-04T19:20:07 IST" finished-at="2021-08-04T19:20:07 IST">
          <reporter-output>
          </reporter-output>
        </test-method> <!-- reportTeardown -->
      </class> <!-- com.md.testcases.QuickQuotesTest -->
    </test> <!-- Default test -->
  </suite> <!-- Default suite -->
</testng-results>
