<?xml version="1.0" encoding="UTF-8"?>
<testng-results skipped="0" failed="0" ignored="0" total="1" passed="1">
  <reporter-output>
  </reporter-output>
  <suite name="Default suite" duration-ms="72742" started-at="2021-07-13T19:18:49 IST" finished-at="2021-07-13T19:20:02 IST">
    <groups>
    </groups>
    <test name="Default test" duration-ms="72742" started-at="2021-07-13T19:18:49 IST" finished-at="2021-07-13T19:20:02 IST">
      <class name="com.md.testcases.QuickQuotesTest">
        <test-method status="PASS" signature="createReport()[pri:0, instance:com.md.testcases.QuickQuotesTest@7a1ebcd8]" name="createReport" is-config="true" duration-ms="108" started-at="2021-07-13T19:18:49 IST" finished-at="2021-07-13T19:18:49 IST">
          <reporter-output>
          </reporter-output>
        </test-method> <!-- createReport -->
        <test-method status="PASS" signature="setUp()[pri:0, instance:com.md.testcases.QuickQuotesTest@7a1ebcd8]" name="setUp" is-config="true" duration-ms="59342" started-at="2021-07-13T19:18:49 IST" finished-at="2021-07-13T19:19:48 IST">
          <reporter-output>
          </reporter-output>
        </test-method> <!-- setUp -->
        <test-method status="PASS" signature="verifyValidationMessageOnNamefield()[pri:1, instance:com.md.testcases.QuickQuotesTest@7a1ebcd8]" name="verifyValidationMessageOnNamefield" duration-ms="13222" started-at="2021-07-13T19:19:48 IST" finished-at="2021-07-13T19:20:02 IST">
          <reporter-output>
          </reporter-output>
        </test-method> <!-- verifyValidationMessageOnNamefield -->
        <test-method status="PASS" signature="tearDown(org.testng.ITestResult)[pri:0, instance:com.md.testcases.QuickQuotesTest@7a1ebcd8]" name="tearDown" is-config="true" duration-ms="2" started-at="2021-07-13T19:20:02 IST" finished-at="2021-07-13T19:20:02 IST">
          <params>
            <param index="0">
              <value>
                <![CDATA[[TestResult name=verifyValidationMessageOnNamefield status=SUCCESS method=QuickQuotesTest.verifyValidationMessageOnNamefield()[pri:1, instance:com.md.testcases.QuickQuotesTest@7a1ebcd8] output={null}]]]>
              </value>
            </param>
          </params>
          <reporter-output>
          </reporter-output>
        </test-method> <!-- tearDown -->
        <test-method status="PASS" signature="Teardown()[pri:0, instance:com.md.testcases.QuickQuotesTest@7a1ebcd8]" name="Teardown" is-config="true" duration-ms="144" started-at="2021-07-13T19:20:02 IST" finished-at="2021-07-13T19:20:02 IST">
          <reporter-output>
          </reporter-output>
        </test-method> <!-- Teardown -->
        <test-method status="PASS" signature="reportTeardown()[pri:0, instance:com.md.testcases.QuickQuotesTest@7a1ebcd8]" name="reportTeardown" is-config="true" duration-ms="397" started-at="2021-07-13T19:20:02 IST" finished-at="2021-07-13T19:20:02 IST">
          <reporter-output>
          </reporter-output>
        </test-method> <!-- reportTeardown -->
      </class> <!-- com.md.testcases.QuickQuotesTest -->
    </test> <!-- Default test -->
  </suite> <!-- Default suite -->
</testng-results>
