<?xml version="1.0" encoding="UTF-8"?>
<testng-results skipped="0" failed="0" ignored="0" total="7" passed="7">
  <reporter-output>
  </reporter-output>
  <suite name="Default suite" duration-ms="354156" started-at="2021-10-19T10:20:17 IST" finished-at="2021-10-19T10:26:11 IST">
    <groups>
    </groups>
    <test name="Default test" duration-ms="354156" started-at="2021-10-19T10:20:17 IST" finished-at="2021-10-19T10:26:11 IST">
      <class name="com.md.testcases.QuickQuotesTest">
        <test-method status="PASS" signature="QQSetUp()[pri:0, instance:com.md.testcases.QuickQuotesTest@1f7030a6]" name="QQSetUp" is-config="true" duration-ms="39710" started-at="2021-10-19T10:20:17 IST" finished-at="2021-10-19T10:20:56 IST">
          <reporter-output>
          </reporter-output>
        </test-method> <!-- QQSetUp -->
        <test-method status="PASS" signature="qq_VerifyValidationMessageOnNamefield()[pri:1, instance:com.md.testcases.QuickQuotesTest@1f7030a6]" name="qq_VerifyValidationMessageOnNamefield" duration-ms="17709" started-at="2021-10-19T10:20:56 IST" finished-at="2021-10-19T10:21:14 IST">
          <reporter-output>
          </reporter-output>
        </test-method> <!-- qq_VerifyValidationMessageOnNamefield -->
        <test-method status="PASS" signature="qq_VerifyGetQuoteButtonIsDisable()[pri:2, instance:com.md.testcases.QuickQuotesTest@1f7030a6]" name="qq_VerifyGetQuoteButtonIsDisable" duration-ms="2060" started-at="2021-10-19T10:21:14 IST" finished-at="2021-10-19T10:21:16 IST">
          <reporter-output>
          </reporter-output>
        </test-method> <!-- qq_VerifyGetQuoteButtonIsDisable -->
        <test-method status="PASS" signature="qq_VerifyToasterMessage()[pri:3, instance:com.md.testcases.QuickQuotesTest@1f7030a6]" name="qq_VerifyToasterMessage" duration-ms="8928" started-at="2021-10-19T10:21:16 IST" finished-at="2021-10-19T10:21:25 IST">
          <reporter-output>
          </reporter-output>
        </test-method> <!-- qq_VerifyToasterMessage -->
        <test-method status="PASS" signature="qq_VerifyQuotebyName()[pri:4, instance:com.md.testcases.QuickQuotesTest@1f7030a6]" name="qq_VerifyQuotebyName" duration-ms="9847" started-at="2021-10-19T10:21:25 IST" finished-at="2021-10-19T10:21:35 IST">
          <reporter-output>
          </reporter-output>
        </test-method> <!-- qq_VerifyQuotebyName -->
        <test-method status="PASS" signature="qq_VerfiyQQEventWithAllDetails()[pri:6, instance:com.md.testcases.QuickQuotesTest@1f7030a6]" name="qq_VerfiyQQEventWithAllDetails" duration-ms="29025" started-at="2021-10-19T10:21:35 IST" finished-at="2021-10-19T10:22:04 IST">
          <reporter-output>
          </reporter-output>
        </test-method> <!-- qq_VerfiyQQEventWithAllDetails -->
        <test-method status="PASS" signature="qq_VerifySandpitEventWithQuestionnaireAndAllowResubmission()[pri:7, instance:com.md.testcases.QuickQuotesTest@1f7030a6]" name="qq_VerifySandpitEventWithQuestionnaireAndAllowResubmission" duration-ms="236325" started-at="2021-10-19T10:22:04 IST" finished-at="2021-10-19T10:26:00 IST">
          <reporter-output>
          </reporter-output>
        </test-method> <!-- qq_VerifySandpitEventWithQuestionnaireAndAllowResubmission -->
        <test-method status="PASS" signature="qq_VerifyEditContent()[pri:8, instance:com.md.testcases.QuickQuotesTest@1f7030a6]" name="qq_VerifyEditContent" duration-ms="10065" started-at="2021-10-19T10:26:00 IST" finished-at="2021-10-19T10:26:10 IST">
          <reporter-output>
          </reporter-output>
        </test-method> <!-- qq_VerifyEditContent -->
        <test-method status="PASS" signature="Teardown()[pri:0, instance:com.md.testcases.QuickQuotesTest@1f7030a6]" name="Teardown" is-config="true" duration-ms="433" started-at="2021-10-19T10:26:10 IST" finished-at="2021-10-19T10:26:11 IST">
          <reporter-output>
          </reporter-output>
        </test-method> <!-- Teardown -->
      </class> <!-- com.md.testcases.QuickQuotesTest -->
    </test> <!-- Default test -->
  </suite> <!-- Default suite -->
</testng-results>
