<?xml version="1.0" encoding="UTF-8"?>
<testng-results skipped="0" failed="0" ignored="0" total="2" passed="2">
  <reporter-output>
  </reporter-output>
  <suite name="Suite" duration-ms="225032" started-at="2021-10-18T17:43:15 IST" finished-at="2021-10-18T17:47:00 IST">
    <groups>
    </groups>
    <test name="Test" duration-ms="225032" started-at="2021-10-18T17:43:15 IST" finished-at="2021-10-18T17:47:00 IST">
      <class name="com.md.testcases.ContractTest">
        <test-method status="PASS" signature="setUp()[pri:0, instance:com.md.testcases.ContractTest@7adda9cc]" name="setUp" is-config="true" duration-ms="98289" started-at="2021-10-18T17:44:16 IST" finished-at="2021-10-18T17:45:54 IST">
          <reporter-output>
          </reporter-output>
        </test-method> <!-- setUp -->
        <test-method status="PASS" signature="contract_VerifyHeadingOnContractListingPage()[pri:12, instance:com.md.testcases.ContractTest@7adda9cc]" name="contract_VerifyHeadingOnContractListingPage" duration-ms="62056" started-at="2021-10-18T17:45:54 IST" finished-at="2021-10-18T17:46:56 IST">
          <reporter-output>
          </reporter-output>
        </test-method> <!-- contract_VerifyHeadingOnContractListingPage -->
        <test-method status="PASS" signature="Teardown()[pri:0, instance:com.md.testcases.ContractTest@7adda9cc]" name="Teardown" is-config="true" duration-ms="4145" started-at="2021-10-18T17:46:56 IST" finished-at="2021-10-18T17:47:00 IST">
          <reporter-output>
          </reporter-output>
        </test-method> <!-- Teardown -->
      </class> <!-- com.md.testcases.ContractTest -->
      <class name="com.md.testcases.QuickQuotesTest">
        <test-method status="PASS" signature="QQSetUp()[pri:0, instance:com.md.testcases.QuickQuotesTest@7c0c77c7]" name="QQSetUp" is-config="true" duration-ms="57821" started-at="2021-10-18T17:43:15 IST" finished-at="2021-10-18T17:44:13 IST">
          <reporter-output>
          </reporter-output>
        </test-method> <!-- QQSetUp -->
        <test-method status="PASS" signature="qq_VerifyGetQuoteButtonIsDisable()[pri:2, instance:com.md.testcases.QuickQuotesTest@7c0c77c7]" name="qq_VerifyGetQuoteButtonIsDisable" duration-ms="2579" started-at="2021-10-18T17:44:13 IST" finished-at="2021-10-18T17:44:16 IST">
          <reporter-output>
          </reporter-output>
        </test-method> <!-- qq_VerifyGetQuoteButtonIsDisable -->
        <test-method status="PASS" signature="Teardown()[pri:0, instance:com.md.testcases.QuickQuotesTest@7c0c77c7]" name="Teardown" is-config="true" duration-ms="103" started-at="2021-10-18T17:44:16 IST" finished-at="2021-10-18T17:44:16 IST">
          <reporter-output>
          </reporter-output>
        </test-method> <!-- Teardown -->
      </class> <!-- com.md.testcases.QuickQuotesTest -->
    </test> <!-- Test -->
  </suite> <!-- Suite -->
</testng-results>
