<?xml version="1.0" encoding="UTF-8"?>
<testng-results skipped="0" failed="0" ignored="0" total="1" passed="1">
  <reporter-output>
  </reporter-output>
  <suite name="Default suite" duration-ms="35861" started-at="2021-11-01T20:02:10 IST" finished-at="2021-11-01T20:02:46 IST">
    <groups>
    </groups>
    <test name="Default test" duration-ms="35861" started-at="2021-11-01T20:02:10 IST" finished-at="2021-11-01T20:02:46 IST">
      <class name="com.md.testcases.QuickQuotesTest">
        <test-method status="PASS" signature="QQSetUp()[pri:0, instance:com.md.testcases.QuickQuotesTest@6950e31]" name="QQSetUp" is-config="true" duration-ms="29312" started-at="2021-11-01T20:02:10 IST" finished-at="2021-11-01T20:02:40 IST">
          <reporter-output>
          </reporter-output>
        </test-method> <!-- QQSetUp -->
        <test-method status="PASS" signature="qq_VerifyValidationMessageOnNamefield()[pri:1, instance:com.md.testcases.QuickQuotesTest@6950e31]" name="qq_VerifyValidationMessageOnNamefield" duration-ms="4452" started-at="2021-11-01T20:02:40 IST" finished-at="2021-11-01T20:02:44 IST">
          <reporter-output>
          </reporter-output>
        </test-method> <!-- qq_VerifyValidationMessageOnNamefield -->
        <test-method status="PASS" signature="Teardown()[pri:0, instance:com.md.testcases.QuickQuotesTest@6950e31]" name="Teardown" is-config="true" duration-ms="2066" started-at="2021-11-01T20:02:44 IST" finished-at="2021-11-01T20:02:46 IST">
          <reporter-output>
          </reporter-output>
        </test-method> <!-- Teardown -->
      </class> <!-- com.md.testcases.QuickQuotesTest -->
    </test> <!-- Default test -->
  </suite> <!-- Default suite -->
</testng-results>
