<?xml version="1.0" encoding="UTF-8"?>
<testng-results skipped="0" failed="0" ignored="0" total="1" passed="1">
  <reporter-output>
  </reporter-output>
  <suite name="Default suite" duration-ms="24104" started-at="2022-05-25T13:22:51 IST" finished-at="2022-05-25T13:23:15 IST">
    <groups>
    </groups>
    <test name="Default test" duration-ms="24104" started-at="2022-05-25T13:22:51 IST" finished-at="2022-05-25T13:23:15 IST">
      <class name="com.md.testcases.MDEventTest">
        <test-method status="PASS" signature="setUp()[pri:0, instance:com.md.testcases.MDEventTest@57d7f8ca]" name="setUp" is-config="true" duration-ms="16251" started-at="2022-05-25T13:22:51 IST" finished-at="2022-05-25T13:23:08 IST">
          <reporter-output>
          </reporter-output>
        </test-method> <!-- setUp -->
        <test-method status="PASS" signature="md_PQQ()[pri:1, instance:com.md.testcases.MDEventTest@57d7f8ca]" name="md_PQQ" duration-ms="7806" started-at="2022-05-25T13:23:08 IST" finished-at="2022-05-25T13:23:15 IST">
          <reporter-output>
          </reporter-output>
        </test-method> <!-- md_PQQ -->
      </class> <!-- com.md.testcases.MDEventTest -->
    </test> <!-- Default test -->
  </suite> <!-- Default suite -->
</testng-results>
