<?xml version="1.0" encoding="UTF-8"?>
<testng-results skipped="0" failed="1" ignored="0" total="1" passed="0">
  <reporter-output>
  </reporter-output>
  <suite name="Default suite" duration-ms="271338" started-at="2021-12-22T22:26:52 IST" finished-at="2021-12-22T22:31:24 IST">
    <groups>
    </groups>
    <test name="Default test" duration-ms="271338" started-at="2021-12-22T22:26:52 IST" finished-at="2021-12-22T22:31:24 IST">
      <class name="com.md.testcases.QuickQuotesTest">
        <test-method status="PASS" signature="QQSetUp()[pri:0, instance:com.md.testcases.QuickQuotesTest@b7dd107]" name="QQSetUp" is-config="true" duration-ms="29237" started-at="2021-12-22T22:26:52 IST" finished-at="2021-12-22T22:27:21 IST">
          <reporter-output>
          </reporter-output>
        </test-method> <!-- QQSetUp -->
        <test-method status="PASS" signature="Test()[pri:0, instance:com.md.testcases.QuickQuotesTest@b7dd107]" name="Test" is-config="true" duration-ms="4436" started-at="2021-12-22T22:27:22 IST" finished-at="2021-12-22T22:27:26 IST">
          <reporter-output>
          </reporter-output>
        </test-method> <!-- Test -->
        <test-method status="FAIL" signature="qq_VerifyQuestionnaireAndAllowResubmissioninSandpit()[pri:12, instance:com.md.testcases.QuickQuotesTest@b7dd107]" name="qq_VerifyQuestionnaireAndAllowResubmissioninSandpit" duration-ms="237453" started-at="2021-12-22T22:27:26 IST" finished-at="2021-12-22T22:31:23 IST">
          <exception class="java.lang.AssertionError">
            <message>
              <![CDATA[expected [2222This is the Automated Answer of Questionnaire122] but found [2222This is the Automated Answer of Questionnaire]]]>
            </message>
            <full-stacktrace>
              <![CDATA[java.lang.AssertionError: expected [2222This is the Automated Answer of Questionnaire122] but found [2222This is the Automated Answer of Questionnaire]
at org.testng.Assert.fail(Assert.java:99)
at org.testng.Assert.failNotEquals(Assert.java:1037)
at org.testng.Assert.assertEqualsImpl(Assert.java:140)
at org.testng.Assert.assertEquals(Assert.java:122)
at org.testng.Assert.assertEquals(Assert.java:629)
at org.testng.Assert.assertEquals(Assert.java:639)
at com.md.pages.QuickQuotesPage.createSandpitEventWithQuestionnaireAndAllowResubmission(QuickQuotesPage.java:713)
at com.md.testcases.QuickQuotesTest.qq_VerifyQuestionnaireAndAllowResubmissioninSandpit(QuickQuotesTest.java:116)
at sun.reflect.NativeMethodAccessorImpl.invoke0(Native Method)
at sun.reflect.NativeMethodAccessorImpl.invoke(NativeMethodAccessorImpl.java:62)
at sun.reflect.DelegatingMethodAccessorImpl.invoke(DelegatingMethodAccessorImpl.java:43)
at java.lang.reflect.Method.invoke(Method.java:498)
at org.testng.internal.MethodInvocationHelper.invokeMethod(MethodInvocationHelper.java:132)
at org.testng.internal.TestInvoker.invokeMethod(TestInvoker.java:599)
at org.testng.internal.TestInvoker.invokeTestMethod(TestInvoker.java:174)
at org.testng.internal.MethodRunner.runInSequence(MethodRunner.java:46)
at org.testng.internal.TestInvoker$MethodInvocationAgent.invoke(TestInvoker.java:822)
at org.testng.internal.TestInvoker.invokeTestMethods(TestInvoker.java:147)
at org.testng.internal.TestMethodWorker.invokeTestMethods(TestMethodWorker.java:146)
at org.testng.internal.TestMethodWorker.run(TestMethodWorker.java:128)
at java.util.ArrayList.forEach(ArrayList.java:1259)
at org.testng.TestRunner.privateRun(TestRunner.java:764)
at org.testng.TestRunner.run(TestRunner.java:585)
at org.testng.SuiteRunner.runTest(SuiteRunner.java:384)
at org.testng.SuiteRunner.runSequentially(SuiteRunner.java:378)
at org.testng.SuiteRunner.privateRun(SuiteRunner.java:337)
at org.testng.SuiteRunner.run(SuiteRunner.java:286)
at org.testng.SuiteRunnerWorker.runSuite(SuiteRunnerWorker.java:53)
at org.testng.SuiteRunnerWorker.run(SuiteRunnerWorker.java:96)
at org.testng.TestNG.runSuitesSequentially(TestNG.java:1218)
at org.testng.TestNG.runSuitesLocally(TestNG.java:1140)
at org.testng.TestNG.runSuites(TestNG.java:1069)
at org.testng.TestNG.run(TestNG.java:1037)
at org.testng.remote.AbstractRemoteTestNG.run(AbstractRemoteTestNG.java:115)
at org.testng.remote.RemoteTestNG.initAndRun(RemoteTestNG.java:251)
at org.testng.remote.RemoteTestNG.main(RemoteTestNG.java:77)
]]>
            </full-stacktrace>
          </exception> <!-- java.lang.AssertionError -->
          <reporter-output>
          </reporter-output>
        </test-method> <!-- qq_VerifyQuestionnaireAndAllowResubmissioninSandpit -->
        <test-method status="PASS" signature="Teardown()[pri:0, instance:com.md.testcases.QuickQuotesTest@b7dd107]" name="Teardown" is-config="true" duration-ms="171" started-at="2021-12-22T22:31:23 IST" finished-at="2021-12-22T22:31:24 IST">
          <reporter-output>
          </reporter-output>
        </test-method> <!-- Teardown -->
      </class> <!-- com.md.testcases.QuickQuotesTest -->
    </test> <!-- Default test -->
  </suite> <!-- Default suite -->
</testng-results>
