<?xml version="1.0" encoding="UTF-8"?>
<testng-results skipped="0" failed="0" ignored="0" total="2" passed="2">
  <reporter-output>
  </reporter-output>
  <suite name="Suite" duration-ms="203281" started-at="2021-10-13T16:59:11 IST" finished-at="2021-10-13T17:02:34 IST">
    <groups>
    </groups>
    <test name="Test" duration-ms="203281" started-at="2021-10-13T16:59:11 IST" finished-at="2021-10-13T17:02:34 IST">
      <class name="com.md.testcases.ContractTest">
        <test-method status="PASS" signature="setUp()[pri:0, instance:com.md.testcases.ContractTest@12405818]" name="setUp" is-config="true" duration-ms="77020" started-at="2021-10-13T17:00:41 IST" finished-at="2021-10-13T17:01:58 IST">
          <reporter-output>
          </reporter-output>
        </test-method> <!-- setUp -->
        <test-method status="PASS" signature="contract_VerifyUserIsAbleToSearchContract()[pri:13, instance:com.md.testcases.ContractTest@12405818]" name="contract_VerifyUserIsAbleToSearchContract" duration-ms="32064" started-at="2021-10-13T17:01:58 IST" finished-at="2021-10-13T17:02:30 IST">
          <reporter-output>
          </reporter-output>
        </test-method> <!-- contract_VerifyUserIsAbleToSearchContract -->
        <test-method status="PASS" signature="Teardown()[pri:0, instance:com.md.testcases.ContractTest@12405818]" name="Teardown" is-config="true" duration-ms="4168" started-at="2021-10-13T17:02:30 IST" finished-at="2021-10-13T17:02:34 IST">
          <reporter-output>
          </reporter-output>
        </test-method> <!-- Teardown -->
      </class> <!-- com.md.testcases.ContractTest -->
      <class name="com.md.testcases.QuickQuotesTest">
        <test-method status="PASS" signature="QQSetUp()[pri:0, instance:com.md.testcases.QuickQuotesTest@6c3f5566]" name="QQSetUp" is-config="true" duration-ms="87290" started-at="2021-10-13T16:59:11 IST" finished-at="2021-10-13T17:00:38 IST">
          <reporter-output>
          </reporter-output>
        </test-method> <!-- QQSetUp -->
        <test-method status="PASS" signature="qq_VerifyGetQuoteButtonIsDisable()[pri:2, instance:com.md.testcases.QuickQuotesTest@6c3f5566]" name="qq_VerifyGetQuoteButtonIsDisable" duration-ms="2561" started-at="2021-10-13T17:00:38 IST" finished-at="2021-10-13T17:00:40 IST">
          <reporter-output>
          </reporter-output>
        </test-method> <!-- qq_VerifyGetQuoteButtonIsDisable -->
        <test-method status="PASS" signature="Teardown()[pri:0, instance:com.md.testcases.QuickQuotesTest@6c3f5566]" name="Teardown" is-config="true" duration-ms="130" started-at="2021-10-13T17:00:40 IST" finished-at="2021-10-13T17:00:41 IST">
          <reporter-output>
          </reporter-output>
        </test-method> <!-- Teardown -->
      </class> <!-- com.md.testcases.QuickQuotesTest -->
    </test> <!-- Test -->
  </suite> <!-- Suite -->
</testng-results>
