<?xml version="1.0" encoding="UTF-8"?>
<testng-results skipped="0" failed="3" ignored="0" total="38" passed="35">
  <reporter-output>
  </reporter-output>
  <suite name="Default suite" duration-ms="2516766" started-at="2021-09-22T11:16:51 IST" finished-at="2021-09-22T11:58:48 IST">
    <groups>
    </groups>
    <test name="Default test" duration-ms="2516766" started-at="2021-09-22T11:16:51 IST" finished-at="2021-09-22T11:58:48 IST">
      <class name="com.md.testcases.ContractTest">
        <test-method status="PASS" signature="createReport()[pri:0, instance:com.md.testcases.ContractTest@528931cf]" name="createReport" is-config="true" duration-ms="94" started-at="2021-09-22T11:16:51 IST" finished-at="2021-09-22T11:16:51 IST">
          <reporter-output>
          </reporter-output>
        </test-method> <!-- createReport -->
        <test-method status="PASS" signature="setUp()[pri:0, instance:com.md.testcases.ContractTest@528931cf]" name="setUp" is-config="true" duration-ms="38864" started-at="2021-09-22T11:16:51 IST" finished-at="2021-09-22T11:17:30 IST">
          <reporter-output>
          </reporter-output>
        </test-method> <!-- setUp -->
        <test-method status="PASS" signature="VerifyUserIsAbleToAddContract()[pri:0, instance:com.md.testcases.ContractTest@528931cf]" name="VerifyUserIsAbleToAddContract" duration-ms="73844" started-at="2021-09-22T11:17:30 IST" finished-at="2021-09-22T11:18:44 IST">
          <reporter-output>
          </reporter-output>
        </test-method> <!-- VerifyUserIsAbleToAddContract -->
        <test-method status="PASS" signature="VerifyHeadingOnContractListingPage()[pri:1, instance:com.md.testcases.ContractTest@528931cf]" name="VerifyHeadingOnContractListingPage" duration-ms="28732" started-at="2021-09-22T11:18:44 IST" finished-at="2021-09-22T11:19:13 IST">
          <reporter-output>
          </reporter-output>
        </test-method> <!-- VerifyHeadingOnContractListingPage -->
        <test-method status="PASS" signature="tearDown(org.testng.ITestResult)[pri:0, instance:com.md.testcases.ContractTest@528931cf]" name="tearDown" is-config="true" duration-ms="0" started-at="2021-09-22T11:18:44 IST" finished-at="2021-09-22T11:18:44 IST">
          <params>
            <param index="0">
              <value>
                <![CDATA[[TestResult name=VerifyUserIsAbleToAddContract status=SUCCESS method=ContractTest.VerifyUserIsAbleToAddContract()[pri:0, instance:com.md.testcases.ContractTest@528931cf] output={null}]]]>
              </value>
            </param>
          </params>
          <reporter-output>
          </reporter-output>
        </test-method> <!-- tearDown -->
        <test-method status="PASS" signature="tearDown(org.testng.ITestResult)[pri:0, instance:com.md.testcases.ContractTest@528931cf]" name="tearDown" is-config="true" duration-ms="1" started-at="2021-09-22T11:19:13 IST" finished-at="2021-09-22T11:19:13 IST">
          <params>
            <param index="0">
              <value>
                <![CDATA[[TestResult name=VerifyHeadingOnContractListingPage status=SUCCESS method=ContractTest.VerifyHeadingOnContractListingPage()[pri:1, instance:com.md.testcases.ContractTest@528931cf] output={null}]]]>
              </value>
            </param>
          </params>
          <reporter-output>
          </reporter-output>
        </test-method> <!-- tearDown -->
        <test-method status="PASS" signature="VerifyUserIsAbleToSearchContract()[pri:2, instance:com.md.testcases.ContractTest@528931cf]" name="VerifyUserIsAbleToSearchContract" duration-ms="29635" started-at="2021-09-22T11:19:13 IST" finished-at="2021-09-22T11:19:42 IST">
          <reporter-output>
          </reporter-output>
        </test-method> <!-- VerifyUserIsAbleToSearchContract -->
        <test-method status="PASS" signature="tearDown(org.testng.ITestResult)[pri:0, instance:com.md.testcases.ContractTest@528931cf]" name="tearDown" is-config="true" duration-ms="0" started-at="2021-09-22T11:19:42 IST" finished-at="2021-09-22T11:19:42 IST">
          <params>
            <param index="0">
              <value>
                <![CDATA[[TestResult name=VerifyUserIsAbleToSearchContract status=SUCCESS method=ContractTest.VerifyUserIsAbleToSearchContract()[pri:2, instance:com.md.testcases.ContractTest@528931cf] output={null}]]]>
              </value>
            </param>
          </params>
          <reporter-output>
          </reporter-output>
        </test-method> <!-- tearDown -->
        <test-method status="FAIL" signature="VerifyDisplayOfArchivedContracts()[pri:3, instance:com.md.testcases.ContractTest@528931cf]" name="VerifyDisplayOfArchivedContracts" duration-ms="59891" started-at="2021-09-22T11:19:42 IST" finished-at="2021-09-22T11:20:42 IST">
          <exception class="org.openqa.selenium.NoSuchElementException">
            <message>
              <![CDATA[no such element: Unable to locate element: {"method":"xpath","selector":"//a[@title='Download Contracts']"}
  (Session info: chrome=92.0.4515.159)
For documentation on this error, please visit: https://www.seleniumhq.org/exceptions/no_such_element.html
Build info: version: '3.141.59', revision: 'e82be7d358', time: '2018-11-14T08:17:03'
System info: host: 'CISM-I-458', ip: '192.168.2.203', os.name: 'Windows 10', os.arch: 'amd64', os.version: '10.0', java.version: '1.8.0_281'
Driver info: org.openqa.selenium.chrome.ChromeDriver
Capabilities {acceptInsecureCerts: false, browserName: chrome, browserVersion: 92.0.4515.159, chrome: {chromedriverVersion: 91.0.4472.19 (1bf021f248676..., userDataDir: C:\Users\cis\AppData\Local\...}, goog:chromeOptions: {debuggerAddress: localhost:58676}, javascriptEnabled: true, networkConnectionEnabled: false, pageLoadStrategy: normal, platform: WINDOWS, platformName: WINDOWS, proxy: Proxy(), setWindowRect: true, strictFileInteractability: false, timeouts: {implicit: 0, pageLoad: 300000, script: 30000}, unhandledPromptBehavior: dismiss and notify, webauthn:extension:largeBlob: true, webauthn:virtualAuthenticators: true}
Session ID: d8048c1eca19ddbbca4880f272c55e73
*** Element info: {Using=xpath, value=//a[@title='Download Contracts']}]]>
            </message>
            <full-stacktrace>
              <![CDATA[org.openqa.selenium.NoSuchElementException: no such element: Unable to locate element: {"method":"xpath","selector":"//a[@title='Download Contracts']"}
  (Session info: chrome=92.0.4515.159)
For documentation on this error, please visit: https://www.seleniumhq.org/exceptions/no_such_element.html
Build info: version: '3.141.59', revision: 'e82be7d358', time: '2018-11-14T08:17:03'
System info: host: 'CISM-I-458', ip: '192.168.2.203', os.name: 'Windows 10', os.arch: 'amd64', os.version: '10.0', java.version: '1.8.0_281'
Driver info: org.openqa.selenium.chrome.ChromeDriver
Capabilities {acceptInsecureCerts: false, browserName: chrome, browserVersion: 92.0.4515.159, chrome: {chromedriverVersion: 91.0.4472.19 (1bf021f248676..., userDataDir: C:\Users\cis\AppData\Local\...}, goog:chromeOptions: {debuggerAddress: localhost:58676}, javascriptEnabled: true, networkConnectionEnabled: false, pageLoadStrategy: normal, platform: WINDOWS, platformName: WINDOWS, proxy: Proxy(), setWindowRect: true, strictFileInteractability: false, timeouts: {implicit: 0, pageLoad: 300000, script: 30000}, unhandledPromptBehavior: dismiss and notify, webauthn:extension:largeBlob: true, webauthn:virtualAuthenticators: true}
Session ID: d8048c1eca19ddbbca4880f272c55e73
*** Element info: {Using=xpath, value=//a[@title='Download Contracts']}
at sun.reflect.NativeConstructorAccessorImpl.newInstance0(Native Method)
at sun.reflect.NativeConstructorAccessorImpl.newInstance(NativeConstructorAccessorImpl.java:62)
at sun.reflect.DelegatingConstructorAccessorImpl.newInstance(DelegatingConstructorAccessorImpl.java:45)
at java.lang.reflect.Constructor.newInstance(Constructor.java:423)
at org.openqa.selenium.remote.http.W3CHttpResponseCodec.createException(W3CHttpResponseCodec.java:187)
at org.openqa.selenium.remote.http.W3CHttpResponseCodec.decode(W3CHttpResponseCodec.java:122)
at org.openqa.selenium.remote.http.W3CHttpResponseCodec.decode(W3CHttpResponseCodec.java:49)
at org.openqa.selenium.remote.HttpCommandExecutor.execute(HttpCommandExecutor.java:158)
at org.openqa.selenium.remote.service.DriverCommandExecutor.execute(DriverCommandExecutor.java:83)
at org.openqa.selenium.remote.RemoteWebDriver.execute(RemoteWebDriver.java:552)
at org.openqa.selenium.remote.RemoteWebDriver.findElement(RemoteWebDriver.java:323)
at org.openqa.selenium.remote.RemoteWebDriver.findElementByXPath(RemoteWebDriver.java:428)
at org.openqa.selenium.By$ByXPath.findElement(By.java:353)
at org.openqa.selenium.remote.RemoteWebDriver.findElement(RemoteWebDriver.java:315)
at org.openqa.selenium.support.pagefactory.DefaultElementLocator.findElement(DefaultElementLocator.java:69)
at org.openqa.selenium.support.pagefactory.internal.LocatingElementHandler.invoke(LocatingElementHandler.java:38)
at com.sun.proxy.$Proxy12.getText(Unknown Source)
at com.md.pages.Contract.VerifyDisplayOfArchivedContracts(Contract.java:698)
at com.md.testcases.ContractTest.VerifyDisplayOfArchivedContracts(ContractTest.java:51)
at sun.reflect.NativeMethodAccessorImpl.invoke0(Native Method)
at sun.reflect.NativeMethodAccessorImpl.invoke(NativeMethodAccessorImpl.java:62)
at sun.reflect.DelegatingMethodAccessorImpl.invoke(DelegatingMethodAccessorImpl.java:43)
at java.lang.reflect.Method.invoke(Method.java:498)
at org.testng.internal.MethodInvocationHelper.invokeMethod(MethodInvocationHelper.java:132)
at org.testng.internal.TestInvoker.invokeMethod(TestInvoker.java:599)
at org.testng.internal.TestInvoker.invokeTestMethod(TestInvoker.java:174)
at org.testng.internal.MethodRunner.runInSequence(MethodRunner.java:46)
at org.testng.internal.TestInvoker$MethodInvocationAgent.invoke(TestInvoker.java:822)
at org.testng.internal.TestInvoker.invokeTestMethods(TestInvoker.java:147)
at org.testng.internal.TestMethodWorker.invokeTestMethods(TestMethodWorker.java:146)
at org.testng.internal.TestMethodWorker.run(TestMethodWorker.java:128)
at java.util.ArrayList.forEach(ArrayList.java:1259)
at org.testng.TestRunner.privateRun(TestRunner.java:764)
at org.testng.TestRunner.run(TestRunner.java:585)
at org.testng.SuiteRunner.runTest(SuiteRunner.java:384)
at org.testng.SuiteRunner.runSequentially(SuiteRunner.java:378)
at org.testng.SuiteRunner.privateRun(SuiteRunner.java:337)
at org.testng.SuiteRunner.run(SuiteRunner.java:286)
at org.testng.SuiteRunnerWorker.runSuite(SuiteRunnerWorker.java:53)
at org.testng.SuiteRunnerWorker.run(SuiteRunnerWorker.java:96)
at org.testng.TestNG.runSuitesSequentially(TestNG.java:1218)
at org.testng.TestNG.runSuitesLocally(TestNG.java:1140)
at org.testng.TestNG.runSuites(TestNG.java:1069)
at org.testng.TestNG.run(TestNG.java:1037)
at org.testng.remote.AbstractRemoteTestNG.run(AbstractRemoteTestNG.java:115)
at org.testng.remote.RemoteTestNG.initAndRun(RemoteTestNG.java:251)
at org.testng.remote.RemoteTestNG.main(RemoteTestNG.java:77)
]]>
            </full-stacktrace>
          </exception> <!-- org.openqa.selenium.NoSuchElementException -->
          <reporter-output>
          </reporter-output>
        </test-method> <!-- VerifyDisplayOfArchivedContracts -->
        <test-method status="PASS" signature="tearDown(org.testng.ITestResult)[pri:0, instance:com.md.testcases.ContractTest@528931cf]" name="tearDown" is-config="true" duration-ms="3" started-at="2021-09-22T11:20:42 IST" finished-at="2021-09-22T11:20:42 IST">
          <params>
            <param index="0">
              <value>
                <![CDATA[[TestResult name=VerifyDisplayOfArchivedContracts status=FAILURE method=ContractTest.VerifyDisplayOfArchivedContracts()[pri:3, instance:com.md.testcases.ContractTest@528931cf] output={null}]]]>
              </value>
            </param>
          </params>
          <reporter-output>
          </reporter-output>
        </test-method> <!-- tearDown -->
        <test-method status="PASS" signature="VerifyAlertMsgOnSearchingContracts()[pri:4, instance:com.md.testcases.ContractTest@528931cf]" name="VerifyAlertMsgOnSearchingContracts" duration-ms="29509" started-at="2021-09-22T11:20:42 IST" finished-at="2021-09-22T11:21:12 IST">
          <reporter-output>
          </reporter-output>
        </test-method> <!-- VerifyAlertMsgOnSearchingContracts -->
        <test-method status="PASS" signature="tearDown(org.testng.ITestResult)[pri:0, instance:com.md.testcases.ContractTest@528931cf]" name="tearDown" is-config="true" duration-ms="1" started-at="2021-09-22T11:21:12 IST" finished-at="2021-09-22T11:21:12 IST">
          <params>
            <param index="0">
              <value>
                <![CDATA[[TestResult name=VerifyAlertMsgOnSearchingContracts status=SUCCESS method=ContractTest.VerifyAlertMsgOnSearchingContracts()[pri:4, instance:com.md.testcases.ContractTest@528931cf] output={null}]]]>
              </value>
            </param>
          </params>
          <reporter-output>
          </reporter-output>
        </test-method> <!-- tearDown -->
        <test-method status="PASS" signature="VerifySearchContractUsingTitle()[pri:5, instance:com.md.testcases.ContractTest@528931cf]" name="VerifySearchContractUsingTitle" duration-ms="29012" started-at="2021-09-22T11:21:12 IST" finished-at="2021-09-22T11:21:41 IST">
          <reporter-output>
          </reporter-output>
        </test-method> <!-- VerifySearchContractUsingTitle -->
        <test-method status="PASS" signature="tearDown(org.testng.ITestResult)[pri:0, instance:com.md.testcases.ContractTest@528931cf]" name="tearDown" is-config="true" duration-ms="0" started-at="2021-09-22T11:21:41 IST" finished-at="2021-09-22T11:21:41 IST">
          <params>
            <param index="0">
              <value>
                <![CDATA[[TestResult name=VerifySearchContractUsingTitle status=SUCCESS method=ContractTest.VerifySearchContractUsingTitle()[pri:5, instance:com.md.testcases.ContractTest@528931cf] output={null}]]]>
              </value>
            </param>
          </params>
          <reporter-output>
          </reporter-output>
        </test-method> <!-- tearDown -->
        <test-method status="PASS" signature="VerifySearchContractUsingStartDate()[pri:6, instance:com.md.testcases.ContractTest@528931cf]" name="VerifySearchContractUsingStartDate" duration-ms="30712" started-at="2021-09-22T11:21:41 IST" finished-at="2021-09-22T11:22:12 IST">
          <reporter-output>
          </reporter-output>
        </test-method> <!-- VerifySearchContractUsingStartDate -->
        <test-method status="PASS" signature="VerifySearchContractUsingExpiryDate()[pri:7, instance:com.md.testcases.ContractTest@528931cf]" name="VerifySearchContractUsingExpiryDate" duration-ms="29825" started-at="2021-09-22T11:22:12 IST" finished-at="2021-09-22T11:22:41 IST">
          <reporter-output>
          </reporter-output>
        </test-method> <!-- VerifySearchContractUsingExpiryDate -->
        <test-method status="PASS" signature="tearDown(org.testng.ITestResult)[pri:0, instance:com.md.testcases.ContractTest@528931cf]" name="tearDown" is-config="true" duration-ms="0" started-at="2021-09-22T11:22:12 IST" finished-at="2021-09-22T11:22:12 IST">
          <params>
            <param index="0">
              <value>
                <![CDATA[[TestResult name=VerifySearchContractUsingStartDate status=SUCCESS method=ContractTest.VerifySearchContractUsingStartDate()[pri:6, instance:com.md.testcases.ContractTest@528931cf] output={null}]]]>
              </value>
            </param>
          </params>
          <reporter-output>
          </reporter-output>
        </test-method> <!-- tearDown -->
        <test-method status="PASS" signature="tearDown(org.testng.ITestResult)[pri:0, instance:com.md.testcases.ContractTest@528931cf]" name="tearDown" is-config="true" duration-ms="0" started-at="2021-09-22T11:22:41 IST" finished-at="2021-09-22T11:22:41 IST">
          <params>
            <param index="0">
              <value>
                <![CDATA[[TestResult name=VerifySearchContractUsingExpiryDate status=SUCCESS method=ContractTest.VerifySearchContractUsingExpiryDate()[pri:7, instance:com.md.testcases.ContractTest@528931cf] output={null}]]]>
              </value>
            </param>
          </params>
          <reporter-output>
          </reporter-output>
        </test-method> <!-- tearDown -->
        <test-method status="PASS" signature="VerifySearchContractUsingCategory()[pri:8, instance:com.md.testcases.ContractTest@528931cf]" name="VerifySearchContractUsingCategory" duration-ms="31871" started-at="2021-09-22T11:22:41 IST" finished-at="2021-09-22T11:23:13 IST">
          <reporter-output>
          </reporter-output>
        </test-method> <!-- VerifySearchContractUsingCategory -->
        <test-method status="PASS" signature="tearDown(org.testng.ITestResult)[pri:0, instance:com.md.testcases.ContractTest@528931cf]" name="tearDown" is-config="true" duration-ms="1" started-at="2021-09-22T11:23:13 IST" finished-at="2021-09-22T11:23:13 IST">
          <params>
            <param index="0">
              <value>
                <![CDATA[[TestResult name=VerifySearchContractUsingCategory status=SUCCESS method=ContractTest.VerifySearchContractUsingCategory()[pri:8, instance:com.md.testcases.ContractTest@528931cf] output={null}]]]>
              </value>
            </param>
          </params>
          <reporter-output>
          </reporter-output>
        </test-method> <!-- tearDown -->
        <test-method status="PASS" signature="VerifySearchContractUsingSupplier()[pri:9, instance:com.md.testcases.ContractTest@528931cf]" name="VerifySearchContractUsingSupplier" duration-ms="32454" started-at="2021-09-22T11:23:13 IST" finished-at="2021-09-22T11:23:46 IST">
          <reporter-output>
          </reporter-output>
        </test-method> <!-- VerifySearchContractUsingSupplier -->
        <test-method status="PASS" signature="tearDown(org.testng.ITestResult)[pri:0, instance:com.md.testcases.ContractTest@528931cf]" name="tearDown" is-config="true" duration-ms="0" started-at="2021-09-22T11:23:46 IST" finished-at="2021-09-22T11:23:46 IST">
          <params>
            <param index="0">
              <value>
                <![CDATA[[TestResult name=VerifySearchContractUsingSupplier status=SUCCESS method=ContractTest.VerifySearchContractUsingSupplier()[pri:9, instance:com.md.testcases.ContractTest@528931cf] output={null}]]]>
              </value>
            </param>
          </params>
          <reporter-output>
          </reporter-output>
        </test-method> <!-- tearDown -->
        <test-method status="PASS" signature="VerifySearchContractUsingValue()[pri:10, instance:com.md.testcases.ContractTest@528931cf]" name="VerifySearchContractUsingValue" duration-ms="33397" started-at="2021-09-22T11:23:46 IST" finished-at="2021-09-22T11:24:19 IST">
          <reporter-output>
          </reporter-output>
        </test-method> <!-- VerifySearchContractUsingValue -->
        <test-method status="PASS" signature="tearDown(org.testng.ITestResult)[pri:0, instance:com.md.testcases.ContractTest@528931cf]" name="tearDown" is-config="true" duration-ms="0" started-at="2021-09-22T11:24:19 IST" finished-at="2021-09-22T11:24:19 IST">
          <params>
            <param index="0">
              <value>
                <![CDATA[[TestResult name=VerifySearchContractUsingValue status=SUCCESS method=ContractTest.VerifySearchContractUsingValue()[pri:10, instance:com.md.testcases.ContractTest@528931cf] output={null}]]]>
              </value>
            </param>
          </params>
          <reporter-output>
          </reporter-output>
        </test-method> <!-- tearDown -->
        <test-method status="PASS" signature="VerifySearchContractUsingStakeHolder()[pri:11, instance:com.md.testcases.ContractTest@528931cf]" name="VerifySearchContractUsingStakeHolder" duration-ms="32225" started-at="2021-09-22T11:24:19 IST" finished-at="2021-09-22T11:24:51 IST">
          <reporter-output>
          </reporter-output>
        </test-method> <!-- VerifySearchContractUsingStakeHolder -->
        <test-method status="PASS" signature="tearDown(org.testng.ITestResult)[pri:0, instance:com.md.testcases.ContractTest@528931cf]" name="tearDown" is-config="true" duration-ms="0" started-at="2021-09-22T11:24:51 IST" finished-at="2021-09-22T11:24:51 IST">
          <params>
            <param index="0">
              <value>
                <![CDATA[[TestResult name=VerifySearchContractUsingStakeHolder status=SUCCESS method=ContractTest.VerifySearchContractUsingStakeHolder()[pri:11, instance:com.md.testcases.ContractTest@528931cf] output={null}]]]>
              </value>
            </param>
          </params>
          <reporter-output>
          </reporter-output>
        </test-method> <!-- tearDown -->
        <test-method status="PASS" signature="VerifyContractValidationMsg()[pri:12, instance:com.md.testcases.ContractTest@528931cf]" name="VerifyContractValidationMsg" duration-ms="59518" started-at="2021-09-22T11:24:51 IST" finished-at="2021-09-22T11:25:51 IST">
          <reporter-output>
          </reporter-output>
        </test-method> <!-- VerifyContractValidationMsg -->
        <test-method status="PASS" signature="tearDown(org.testng.ITestResult)[pri:0, instance:com.md.testcases.ContractTest@528931cf]" name="tearDown" is-config="true" duration-ms="1" started-at="2021-09-22T11:25:51 IST" finished-at="2021-09-22T11:25:51 IST">
          <params>
            <param index="0">
              <value>
                <![CDATA[[TestResult name=VerifyContractValidationMsg status=SUCCESS method=ContractTest.VerifyContractValidationMsg()[pri:12, instance:com.md.testcases.ContractTest@528931cf] output={null}]]]>
              </value>
            </param>
          </params>
          <reporter-output>
          </reporter-output>
        </test-method> <!-- tearDown -->
        <test-method status="PASS" signature="VerifyUserNavigationToContractForm()[pri:13, instance:com.md.testcases.ContractTest@528931cf]" name="VerifyUserNavigationToContractForm" duration-ms="52826" started-at="2021-09-22T11:25:51 IST" finished-at="2021-09-22T11:26:44 IST">
          <reporter-output>
          </reporter-output>
        </test-method> <!-- VerifyUserNavigationToContractForm -->
        <test-method status="PASS" signature="tearDown(org.testng.ITestResult)[pri:0, instance:com.md.testcases.ContractTest@528931cf]" name="tearDown" is-config="true" duration-ms="1" started-at="2021-09-22T11:26:44 IST" finished-at="2021-09-22T11:26:44 IST">
          <params>
            <param index="0">
              <value>
                <![CDATA[[TestResult name=VerifyUserNavigationToContractForm status=SUCCESS method=ContractTest.VerifyUserNavigationToContractForm()[pri:13, instance:com.md.testcases.ContractTest@528931cf] output={null}]]]>
              </value>
            </param>
          </params>
          <reporter-output>
          </reporter-output>
        </test-method> <!-- tearDown -->
        <test-method status="PASS" signature="VerifySearchContractUsingOwner()[pri:14, instance:com.md.testcases.ContractTest@528931cf]" name="VerifySearchContractUsingOwner" duration-ms="30642" started-at="2021-09-22T11:26:44 IST" finished-at="2021-09-22T11:27:14 IST">
          <reporter-output>
          </reporter-output>
        </test-method> <!-- VerifySearchContractUsingOwner -->
        <test-method status="PASS" signature="tearDown(org.testng.ITestResult)[pri:0, instance:com.md.testcases.ContractTest@528931cf]" name="tearDown" is-config="true" duration-ms="0" started-at="2021-09-22T11:27:14 IST" finished-at="2021-09-22T11:27:14 IST">
          <params>
            <param index="0">
              <value>
                <![CDATA[[TestResult name=VerifySearchContractUsingOwner status=SUCCESS method=ContractTest.VerifySearchContractUsingOwner()[pri:14, instance:com.md.testcases.ContractTest@528931cf] output={null}]]]>
              </value>
            </param>
          </params>
          <reporter-output>
          </reporter-output>
        </test-method> <!-- tearDown -->
        <test-method status="PASS" signature="VerifyOneMonthNoticePeriodIsSelectedByDefault()[pri:15, instance:com.md.testcases.ContractTest@528931cf]" name="VerifyOneMonthNoticePeriodIsSelectedByDefault" duration-ms="66243" started-at="2021-09-22T11:27:14 IST" finished-at="2021-09-22T11:28:21 IST">
          <reporter-output>
          </reporter-output>
        </test-method> <!-- VerifyOneMonthNoticePeriodIsSelectedByDefault -->
        <test-method status="PASS" signature="VerifyUserIsAbleToEditContract()[pri:16, instance:com.md.testcases.ContractTest@528931cf]" name="VerifyUserIsAbleToEditContract" duration-ms="55709" started-at="2021-09-22T11:28:21 IST" finished-at="2021-09-22T11:29:16 IST">
          <reporter-output>
          </reporter-output>
        </test-method> <!-- VerifyUserIsAbleToEditContract -->
        <test-method status="PASS" signature="tearDown(org.testng.ITestResult)[pri:0, instance:com.md.testcases.ContractTest@528931cf]" name="tearDown" is-config="true" duration-ms="0" started-at="2021-09-22T11:28:21 IST" finished-at="2021-09-22T11:28:21 IST">
          <params>
            <param index="0">
              <value>
                <![CDATA[[TestResult name=VerifyOneMonthNoticePeriodIsSelectedByDefault status=SUCCESS method=ContractTest.VerifyOneMonthNoticePeriodIsSelectedByDefault()[pri:15, instance:com.md.testcases.ContractTest@528931cf] output={null}]]]>
              </value>
            </param>
          </params>
          <reporter-output>
          </reporter-output>
        </test-method> <!-- tearDown -->
        <test-method status="PASS" signature="tearDown(org.testng.ITestResult)[pri:0, instance:com.md.testcases.ContractTest@528931cf]" name="tearDown" is-config="true" duration-ms="0" started-at="2021-09-22T11:29:16 IST" finished-at="2021-09-22T11:29:16 IST">
          <params>
            <param index="0">
              <value>
                <![CDATA[[TestResult name=VerifyUserIsAbleToEditContract status=SUCCESS method=ContractTest.VerifyUserIsAbleToEditContract()[pri:16, instance:com.md.testcases.ContractTest@528931cf] output={null}]]]>
              </value>
            </param>
          </params>
          <reporter-output>
          </reporter-output>
        </test-method> <!-- tearDown -->
        <test-method status="PASS" signature="VerifyDisplayOfCategoryInContractForm()[pri:17, instance:com.md.testcases.ContractTest@528931cf]" name="VerifyDisplayOfCategoryInContractForm" duration-ms="53061" started-at="2021-09-22T11:29:16 IST" finished-at="2021-09-22T11:30:09 IST">
          <reporter-output>
          </reporter-output>
        </test-method> <!-- VerifyDisplayOfCategoryInContractForm -->
        <test-method status="PASS" signature="tearDown(org.testng.ITestResult)[pri:0, instance:com.md.testcases.ContractTest@528931cf]" name="tearDown" is-config="true" duration-ms="1" started-at="2021-09-22T11:30:09 IST" finished-at="2021-09-22T11:30:09 IST">
          <params>
            <param index="0">
              <value>
                <![CDATA[[TestResult name=VerifyDisplayOfCategoryInContractForm status=SUCCESS method=ContractTest.VerifyDisplayOfCategoryInContractForm()[pri:17, instance:com.md.testcases.ContractTest@528931cf] output={null}]]]>
              </value>
            </param>
          </params>
          <reporter-output>
          </reporter-output>
        </test-method> <!-- tearDown -->
        <test-method status="PASS" signature="VerifyAutoSuggestionForSupplierContact()[pri:19, instance:com.md.testcases.ContractTest@528931cf]" name="VerifyAutoSuggestionForSupplierContact" duration-ms="60993" started-at="2021-09-22T11:30:09 IST" finished-at="2021-09-22T11:31:10 IST">
          <reporter-output>
          </reporter-output>
        </test-method> <!-- VerifyAutoSuggestionForSupplierContact -->
        <test-method status="PASS" signature="tearDown(org.testng.ITestResult)[pri:0, instance:com.md.testcases.ContractTest@528931cf]" name="tearDown" is-config="true" duration-ms="0" started-at="2021-09-22T11:31:10 IST" finished-at="2021-09-22T11:31:10 IST">
          <params>
            <param index="0">
              <value>
                <![CDATA[[TestResult name=VerifyAutoSuggestionForSupplierContact status=SUCCESS method=ContractTest.VerifyAutoSuggestionForSupplierContact()[pri:19, instance:com.md.testcases.ContractTest@528931cf] output={null}]]]>
              </value>
            </param>
          </params>
          <reporter-output>
          </reporter-output>
        </test-method> <!-- tearDown -->
        <test-method status="PASS" signature="VerifyAutoSuggestionForStakeHolder()[pri:20, instance:com.md.testcases.ContractTest@528931cf]" name="VerifyAutoSuggestionForStakeHolder" duration-ms="62031" started-at="2021-09-22T11:31:10 IST" finished-at="2021-09-22T11:32:12 IST">
          <reporter-output>
          </reporter-output>
        </test-method> <!-- VerifyAutoSuggestionForStakeHolder -->
        <test-method status="PASS" signature="tearDown(org.testng.ITestResult)[pri:0, instance:com.md.testcases.ContractTest@528931cf]" name="tearDown" is-config="true" duration-ms="1" started-at="2021-09-22T11:32:12 IST" finished-at="2021-09-22T11:32:12 IST">
          <params>
            <param index="0">
              <value>
                <![CDATA[[TestResult name=VerifyAutoSuggestionForStakeHolder status=SUCCESS method=ContractTest.VerifyAutoSuggestionForStakeHolder()[pri:20, instance:com.md.testcases.ContractTest@528931cf] output={null}]]]>
              </value>
            </param>
          </params>
          <reporter-output>
          </reporter-output>
        </test-method> <!-- tearDown -->
        <test-method status="PASS" signature="VerifyDisplayOfSupplierContactDetails()[pri:21, instance:com.md.testcases.ContractTest@528931cf]" name="VerifyDisplayOfSupplierContactDetails" duration-ms="60099" started-at="2021-09-22T11:32:12 IST" finished-at="2021-09-22T11:33:12 IST">
          <reporter-output>
          </reporter-output>
        </test-method> <!-- VerifyDisplayOfSupplierContactDetails -->
        <test-method status="PASS" signature="tearDown(org.testng.ITestResult)[pri:0, instance:com.md.testcases.ContractTest@528931cf]" name="tearDown" is-config="true" duration-ms="1" started-at="2021-09-22T11:33:12 IST" finished-at="2021-09-22T11:33:13 IST">
          <params>
            <param index="0">
              <value>
                <![CDATA[[TestResult name=VerifyDisplayOfSupplierContactDetails status=SUCCESS method=ContractTest.VerifyDisplayOfSupplierContactDetails()[pri:21, instance:com.md.testcases.ContractTest@528931cf] output={null}]]]>
              </value>
            </param>
          </params>
          <reporter-output>
          </reporter-output>
        </test-method> <!-- tearDown -->
        <test-method status="PASS" signature="VerifyAlertMsgIfHostAddedToSupplierContact()[pri:22, instance:com.md.testcases.ContractTest@528931cf]" name="VerifyAlertMsgIfHostAddedToSupplierContact" duration-ms="60525" started-at="2021-09-22T11:33:13 IST" finished-at="2021-09-22T11:34:13 IST">
          <reporter-output>
          </reporter-output>
        </test-method> <!-- VerifyAlertMsgIfHostAddedToSupplierContact -->
        <test-method status="PASS" signature="tearDown(org.testng.ITestResult)[pri:0, instance:com.md.testcases.ContractTest@528931cf]" name="tearDown" is-config="true" duration-ms="0" started-at="2021-09-22T11:34:13 IST" finished-at="2021-09-22T11:34:13 IST">
          <params>
            <param index="0">
              <value>
                <![CDATA[[TestResult name=VerifyAlertMsgIfHostAddedToSupplierContact status=SUCCESS method=ContractTest.VerifyAlertMsgIfHostAddedToSupplierContact()[pri:22, instance:com.md.testcases.ContractTest@528931cf] output={null}]]]>
              </value>
            </param>
          </params>
          <reporter-output>
          </reporter-output>
        </test-method> <!-- tearDown -->
        <test-method status="PASS" signature="VerifyRemovalOfSupplierContact()[pri:23, instance:com.md.testcases.ContractTest@528931cf]" name="VerifyRemovalOfSupplierContact" duration-ms="65697" started-at="2021-09-22T11:34:13 IST" finished-at="2021-09-22T11:35:19 IST">
          <reporter-output>
          </reporter-output>
        </test-method> <!-- VerifyRemovalOfSupplierContact -->
        <test-method status="PASS" signature="VerifyAtleastOneValueInSupplierContact()[pri:24, instance:com.md.testcases.ContractTest@528931cf]" name="VerifyAtleastOneValueInSupplierContact" duration-ms="66090" started-at="2021-09-22T11:35:19 IST" finished-at="2021-09-22T11:36:25 IST">
          <reporter-output>
          </reporter-output>
        </test-method> <!-- VerifyAtleastOneValueInSupplierContact -->
        <test-method status="PASS" signature="tearDown(org.testng.ITestResult)[pri:0, instance:com.md.testcases.ContractTest@528931cf]" name="tearDown" is-config="true" duration-ms="0" started-at="2021-09-22T11:35:19 IST" finished-at="2021-09-22T11:35:19 IST">
          <params>
            <param index="0">
              <value>
                <![CDATA[[TestResult name=VerifyRemovalOfSupplierContact status=SUCCESS method=ContractTest.VerifyRemovalOfSupplierContact()[pri:23, instance:com.md.testcases.ContractTest@528931cf] output={null}]]]>
              </value>
            </param>
          </params>
          <reporter-output>
          </reporter-output>
        </test-method> <!-- tearDown -->
        <test-method status="PASS" signature="tearDown(org.testng.ITestResult)[pri:0, instance:com.md.testcases.ContractTest@528931cf]" name="tearDown" is-config="true" duration-ms="0" started-at="2021-09-22T11:36:25 IST" finished-at="2021-09-22T11:36:25 IST">
          <params>
            <param index="0">
              <value>
                <![CDATA[[TestResult name=VerifyAtleastOneValueInSupplierContact status=SUCCESS method=ContractTest.VerifyAtleastOneValueInSupplierContact()[pri:24, instance:com.md.testcases.ContractTest@528931cf] output={null}]]]>
              </value>
            </param>
          </params>
          <reporter-output>
          </reporter-output>
        </test-method> <!-- tearDown -->
        <test-method status="PASS" signature="VerifyAlertMsgIfParticipantAddedToStakeHolder()[pri:25, instance:com.md.testcases.ContractTest@528931cf]" name="VerifyAlertMsgIfParticipantAddedToStakeHolder" duration-ms="61156" started-at="2021-09-22T11:36:25 IST" finished-at="2021-09-22T11:37:26 IST">
          <reporter-output>
          </reporter-output>
        </test-method> <!-- VerifyAlertMsgIfParticipantAddedToStakeHolder -->
        <test-method status="PASS" signature="tearDown(org.testng.ITestResult)[pri:0, instance:com.md.testcases.ContractTest@528931cf]" name="tearDown" is-config="true" duration-ms="0" started-at="2021-09-22T11:37:26 IST" finished-at="2021-09-22T11:37:26 IST">
          <params>
            <param index="0">
              <value>
                <![CDATA[[TestResult name=VerifyAlertMsgIfParticipantAddedToStakeHolder status=SUCCESS method=ContractTest.VerifyAlertMsgIfParticipantAddedToStakeHolder()[pri:25, instance:com.md.testcases.ContractTest@528931cf] output={null}]]]>
              </value>
            </param>
          </params>
          <reporter-output>
          </reporter-output>
        </test-method> <!-- tearDown -->
        <test-method status="PASS" signature="VerifyDisplayOfDropbox()[pri:26, instance:com.md.testcases.ContractTest@528931cf]" name="VerifyDisplayOfDropbox" duration-ms="55105" started-at="2021-09-22T11:37:26 IST" finished-at="2021-09-22T11:38:21 IST">
          <reporter-output>
          </reporter-output>
        </test-method> <!-- VerifyDisplayOfDropbox -->
        <test-method status="PASS" signature="tearDown(org.testng.ITestResult)[pri:0, instance:com.md.testcases.ContractTest@528931cf]" name="tearDown" is-config="true" duration-ms="0" started-at="2021-09-22T11:38:21 IST" finished-at="2021-09-22T11:38:21 IST">
          <params>
            <param index="0">
              <value>
                <![CDATA[[TestResult name=VerifyDisplayOfDropbox status=SUCCESS method=ContractTest.VerifyDisplayOfDropbox()[pri:26, instance:com.md.testcases.ContractTest@528931cf] output={null}]]]>
              </value>
            </param>
          </params>
          <reporter-output>
          </reporter-output>
        </test-method> <!-- tearDown -->
        <test-method status="PASS" signature="VerifyNoticePeriodChangeAccordingToPeriodSelected()[pri:27, instance:com.md.testcases.ContractTest@528931cf]" name="VerifyNoticePeriodChangeAccordingToPeriodSelected" duration-ms="73378" started-at="2021-09-22T11:38:21 IST" finished-at="2021-09-22T11:39:34 IST">
          <reporter-output>
          </reporter-output>
        </test-method> <!-- VerifyNoticePeriodChangeAccordingToPeriodSelected -->
        <test-method status="PASS" signature="tearDown(org.testng.ITestResult)[pri:0, instance:com.md.testcases.ContractTest@528931cf]" name="tearDown" is-config="true" duration-ms="0" started-at="2021-09-22T11:39:34 IST" finished-at="2021-09-22T11:39:34 IST">
          <params>
            <param index="0">
              <value>
                <![CDATA[[TestResult name=VerifyNoticePeriodChangeAccordingToPeriodSelected status=SUCCESS method=ContractTest.VerifyNoticePeriodChangeAccordingToPeriodSelected()[pri:27, instance:com.md.testcases.ContractTest@528931cf] output={null}]]]>
              </value>
            </param>
          </params>
          <reporter-output>
          </reporter-output>
        </test-method> <!-- tearDown -->
        <test-method status="PASS" signature="VerifyDisplayOfExpiryNotiticationLink()[pri:28, instance:com.md.testcases.ContractTest@528931cf]" name="VerifyDisplayOfExpiryNotiticationLink" duration-ms="65839" started-at="2021-09-22T11:39:34 IST" finished-at="2021-09-22T11:40:40 IST">
          <reporter-output>
          </reporter-output>
        </test-method> <!-- VerifyDisplayOfExpiryNotiticationLink -->
        <test-method status="PASS" signature="tearDown(org.testng.ITestResult)[pri:0, instance:com.md.testcases.ContractTest@528931cf]" name="tearDown" is-config="true" duration-ms="1" started-at="2021-09-22T11:40:40 IST" finished-at="2021-09-22T11:40:40 IST">
          <params>
            <param index="0">
              <value>
                <![CDATA[[TestResult name=VerifyDisplayOfExpiryNotiticationLink status=SUCCESS method=ContractTest.VerifyDisplayOfExpiryNotiticationLink()[pri:28, instance:com.md.testcases.ContractTest@528931cf] output={null}]]]>
              </value>
            </param>
          </params>
          <reporter-output>
          </reporter-output>
        </test-method> <!-- tearDown -->
        <test-method status="PASS" signature="VerifySupplierAndStakeHolderInRecipientPopup()[pri:29, instance:com.md.testcases.ContractTest@528931cf]" name="VerifySupplierAndStakeHolderInRecipientPopup" duration-ms="64204" started-at="2021-09-22T11:40:40 IST" finished-at="2021-09-22T11:41:45 IST">
          <reporter-output>
          </reporter-output>
        </test-method> <!-- VerifySupplierAndStakeHolderInRecipientPopup -->
        <test-method status="PASS" signature="tearDown(org.testng.ITestResult)[pri:0, instance:com.md.testcases.ContractTest@528931cf]" name="tearDown" is-config="true" duration-ms="1" started-at="2021-09-22T11:41:45 IST" finished-at="2021-09-22T11:41:45 IST">
          <params>
            <param index="0">
              <value>
                <![CDATA[[TestResult name=VerifySupplierAndStakeHolderInRecipientPopup status=SUCCESS method=ContractTest.VerifySupplierAndStakeHolderInRecipientPopup()[pri:29, instance:com.md.testcases.ContractTest@528931cf] output={null}]]]>
              </value>
            </param>
          </params>
          <reporter-output>
          </reporter-output>
        </test-method> <!-- tearDown -->
        <test-method status="FAIL" signature="VerifyDisplayOfCustomNotiticationLink()[pri:30, instance:com.md.testcases.ContractTest@528931cf]" name="VerifyDisplayOfCustomNotiticationLink" duration-ms="63524" started-at="2021-09-22T11:41:45 IST" finished-at="2021-09-22T11:42:48 IST">
          <exception class="org.openqa.selenium.ElementNotInteractableException">
            <message>
              <![CDATA[element not interactable: Element is not currently visible and may not be manipulated
  (Session info: chrome=92.0.4515.159)
Build info: version: '3.141.59', revision: 'e82be7d358', time: '2018-11-14T08:17:03'
System info: host: 'CISM-I-458', ip: '192.168.2.203', os.name: 'Windows 10', os.arch: 'amd64', os.version: '10.0', java.version: '1.8.0_281'
Driver info: org.openqa.selenium.chrome.ChromeDriver
Capabilities {acceptInsecureCerts: false, browserName: chrome, browserVersion: 92.0.4515.159, chrome: {chromedriverVersion: 91.0.4472.19 (1bf021f248676..., userDataDir: C:\Users\cis\AppData\Local\...}, goog:chromeOptions: {debuggerAddress: localhost:58676}, javascriptEnabled: true, networkConnectionEnabled: false, pageLoadStrategy: normal, platform: WINDOWS, platformName: WINDOWS, proxy: Proxy(), setWindowRect: true, strictFileInteractability: false, timeouts: {implicit: 0, pageLoad: 300000, script: 30000}, unhandledPromptBehavior: dismiss and notify, webauthn:extension:largeBlob: true, webauthn:virtualAuthenticators: true}
Session ID: d8048c1eca19ddbbca4880f272c55e73]]>
            </message>
            <full-stacktrace>
              <![CDATA[org.openqa.selenium.ElementNotInteractableException: element not interactable: Element is not currently visible and may not be manipulated
  (Session info: chrome=92.0.4515.159)
Build info: version: '3.141.59', revision: 'e82be7d358', time: '2018-11-14T08:17:03'
System info: host: 'CISM-I-458', ip: '192.168.2.203', os.name: 'Windows 10', os.arch: 'amd64', os.version: '10.0', java.version: '1.8.0_281'
Driver info: org.openqa.selenium.chrome.ChromeDriver
Capabilities {acceptInsecureCerts: false, browserName: chrome, browserVersion: 92.0.4515.159, chrome: {chromedriverVersion: 91.0.4472.19 (1bf021f248676..., userDataDir: C:\Users\cis\AppData\Local\...}, goog:chromeOptions: {debuggerAddress: localhost:58676}, javascriptEnabled: true, networkConnectionEnabled: false, pageLoadStrategy: normal, platform: WINDOWS, platformName: WINDOWS, proxy: Proxy(), setWindowRect: true, strictFileInteractability: false, timeouts: {implicit: 0, pageLoad: 300000, script: 30000}, unhandledPromptBehavior: dismiss and notify, webauthn:extension:largeBlob: true, webauthn:virtualAuthenticators: true}
Session ID: d8048c1eca19ddbbca4880f272c55e73
at sun.reflect.NativeConstructorAccessorImpl.newInstance0(Native Method)
at sun.reflect.NativeConstructorAccessorImpl.newInstance(NativeConstructorAccessorImpl.java:62)
at sun.reflect.DelegatingConstructorAccessorImpl.newInstance(DelegatingConstructorAccessorImpl.java:45)
at java.lang.reflect.Constructor.newInstance(Constructor.java:423)
at org.openqa.selenium.remote.http.W3CHttpResponseCodec.createException(W3CHttpResponseCodec.java:187)
at org.openqa.selenium.remote.http.W3CHttpResponseCodec.decode(W3CHttpResponseCodec.java:122)
at org.openqa.selenium.remote.http.W3CHttpResponseCodec.decode(W3CHttpResponseCodec.java:49)
at org.openqa.selenium.remote.HttpCommandExecutor.execute(HttpCommandExecutor.java:158)
at org.openqa.selenium.remote.service.DriverCommandExecutor.execute(DriverCommandExecutor.java:83)
at org.openqa.selenium.remote.RemoteWebDriver.execute(RemoteWebDriver.java:552)
at org.openqa.selenium.remote.RemoteWebElement.execute(RemoteWebElement.java:285)
at org.openqa.selenium.remote.RemoteWebElement.click(RemoteWebElement.java:84)
at org.openqa.selenium.support.ui.Select.setSelected(Select.java:311)
at org.openqa.selenium.support.ui.Select.selectByVisibleText(Select.java:116)
at com.md.pages.Contract.VerifyDisplayOfCustomNotiticationLink(Contract.java:2001)
at com.md.testcases.ContractTest.VerifyDisplayOfCustomNotiticationLink(ContractTest.java:230)
at sun.reflect.NativeMethodAccessorImpl.invoke0(Native Method)
at sun.reflect.NativeMethodAccessorImpl.invoke(NativeMethodAccessorImpl.java:62)
at sun.reflect.DelegatingMethodAccessorImpl.invoke(DelegatingMethodAccessorImpl.java:43)
at java.lang.reflect.Method.invoke(Method.java:498)
at org.testng.internal.MethodInvocationHelper.invokeMethod(MethodInvocationHelper.java:132)
at org.testng.internal.TestInvoker.invokeMethod(TestInvoker.java:599)
at org.testng.internal.TestInvoker.invokeTestMethod(TestInvoker.java:174)
at org.testng.internal.MethodRunner.runInSequence(MethodRunner.java:46)
at org.testng.internal.TestInvoker$MethodInvocationAgent.invoke(TestInvoker.java:822)
at org.testng.internal.TestInvoker.invokeTestMethods(TestInvoker.java:147)
at org.testng.internal.TestMethodWorker.invokeTestMethods(TestMethodWorker.java:146)
at org.testng.internal.TestMethodWorker.run(TestMethodWorker.java:128)
at java.util.ArrayList.forEach(ArrayList.java:1259)
at org.testng.TestRunner.privateRun(TestRunner.java:764)
at org.testng.TestRunner.run(TestRunner.java:585)
at org.testng.SuiteRunner.runTest(SuiteRunner.java:384)
at org.testng.SuiteRunner.runSequentially(SuiteRunner.java:378)
at org.testng.SuiteRunner.privateRun(SuiteRunner.java:337)
at org.testng.SuiteRunner.run(SuiteRunner.java:286)
at org.testng.SuiteRunnerWorker.runSuite(SuiteRunnerWorker.java:53)
at org.testng.SuiteRunnerWorker.run(SuiteRunnerWorker.java:96)
at org.testng.TestNG.runSuitesSequentially(TestNG.java:1218)
at org.testng.TestNG.runSuitesLocally(TestNG.java:1140)
at org.testng.TestNG.runSuites(TestNG.java:1069)
at org.testng.TestNG.run(TestNG.java:1037)
at org.testng.remote.AbstractRemoteTestNG.run(AbstractRemoteTestNG.java:115)
at org.testng.remote.RemoteTestNG.initAndRun(RemoteTestNG.java:251)
at org.testng.remote.RemoteTestNG.main(RemoteTestNG.java:77)
]]>
            </full-stacktrace>
          </exception> <!-- org.openqa.selenium.ElementNotInteractableException -->
          <reporter-output>
          </reporter-output>
        </test-method> <!-- VerifyDisplayOfCustomNotiticationLink -->
        <test-method status="PASS" signature="tearDown(org.testng.ITestResult)[pri:0, instance:com.md.testcases.ContractTest@528931cf]" name="tearDown" is-config="true" duration-ms="1" started-at="2021-09-22T11:42:48 IST" finished-at="2021-09-22T11:42:48 IST">
          <params>
            <param index="0">
              <value>
                <![CDATA[[TestResult name=VerifyDisplayOfCustomNotiticationLink status=FAILURE method=ContractTest.VerifyDisplayOfCustomNotiticationLink()[pri:30, instance:com.md.testcases.ContractTest@528931cf] output={null}]]]>
              </value>
            </param>
          </params>
          <reporter-output>
          </reporter-output>
        </test-method> <!-- tearDown -->
        <test-method status="PASS" signature="VerifyDisplayOfParentHeirarchyDropdown()[pri:31, instance:com.md.testcases.ContractTest@528931cf]" name="VerifyDisplayOfParentHeirarchyDropdown" duration-ms="55127" started-at="2021-09-22T11:42:48 IST" finished-at="2021-09-22T11:43:43 IST">
          <reporter-output>
          </reporter-output>
        </test-method> <!-- VerifyDisplayOfParentHeirarchyDropdown -->
        <test-method status="PASS" signature="tearDown(org.testng.ITestResult)[pri:0, instance:com.md.testcases.ContractTest@528931cf]" name="tearDown" is-config="true" duration-ms="0" started-at="2021-09-22T11:43:43 IST" finished-at="2021-09-22T11:43:43 IST">
          <params>
            <param index="0">
              <value>
                <![CDATA[[TestResult name=VerifyDisplayOfParentHeirarchyDropdown status=SUCCESS method=ContractTest.VerifyDisplayOfParentHeirarchyDropdown()[pri:31, instance:com.md.testcases.ContractTest@528931cf] output={null}]]]>
              </value>
            </param>
          </params>
          <reporter-output>
          </reporter-output>
        </test-method> <!-- tearDown -->
        <test-method status="PASS" signature="VerifySelectedParentNotDisplayInChildDropdown()[pri:32, instance:com.md.testcases.ContractTest@528931cf]" name="VerifySelectedParentNotDisplayInChildDropdown" duration-ms="80278" started-at="2021-09-22T11:43:43 IST" finished-at="2021-09-22T11:45:03 IST">
          <reporter-output>
          </reporter-output>
        </test-method> <!-- VerifySelectedParentNotDisplayInChildDropdown -->
        <test-method status="PASS" signature="tearDown(org.testng.ITestResult)[pri:0, instance:com.md.testcases.ContractTest@528931cf]" name="tearDown" is-config="true" duration-ms="1" started-at="2021-09-22T11:45:03 IST" finished-at="2021-09-22T11:45:03 IST">
          <params>
            <param index="0">
              <value>
                <![CDATA[[TestResult name=VerifySelectedParentNotDisplayInChildDropdown status=SUCCESS method=ContractTest.VerifySelectedParentNotDisplayInChildDropdown()[pri:32, instance:com.md.testcases.ContractTest@528931cf] output={null}]]]>
              </value>
            </param>
          </params>
          <reporter-output>
          </reporter-output>
        </test-method> <!-- tearDown -->
        <test-method status="FAIL" signature="VerifySelectedChildNotDisplayInParentDropdown()[pri:33, instance:com.md.testcases.ContractTest@528931cf]" name="VerifySelectedChildNotDisplayInParentDropdown" duration-ms="102609" started-at="2021-09-22T11:45:03 IST" finished-at="2021-09-22T11:46:46 IST">
          <exception class="org.openqa.selenium.TimeoutException">
            <message>
              <![CDATA[Expected condition failed: waiting for visibility of Proxy element for: DefaultElementLocator 'By.xpath: //div[contains(text(),'Basic Details')]' (tried for 60 second(s) with 500 milliseconds interval)]]>
            </message>
            <full-stacktrace>
              <![CDATA[org.openqa.selenium.TimeoutException: Expected condition failed: waiting for visibility of Proxy element for: DefaultElementLocator 'By.xpath: //div[contains(text(),'Basic Details')]' (tried for 60 second(s) with 500 milliseconds interval)
at org.openqa.selenium.support.ui.WebDriverWait.timeoutException(WebDriverWait.java:95)
at org.openqa.selenium.support.ui.FluentWait.until(FluentWait.java:272)
at com.md.pages.Contract.VerifySelectedChildNotDisplayInParentDropdown(Contract.java:2100)
at com.md.testcases.ContractTest.VerifySelectedChildNotDisplayInParentDropdown(ContractTest.java:251)
at sun.reflect.NativeMethodAccessorImpl.invoke0(Native Method)
at sun.reflect.NativeMethodAccessorImpl.invoke(NativeMethodAccessorImpl.java:62)
at sun.reflect.DelegatingMethodAccessorImpl.invoke(DelegatingMethodAccessorImpl.java:43)
at java.lang.reflect.Method.invoke(Method.java:498)
at org.testng.internal.MethodInvocationHelper.invokeMethod(MethodInvocationHelper.java:132)
at org.testng.internal.TestInvoker.invokeMethod(TestInvoker.java:599)
at org.testng.internal.TestInvoker.invokeTestMethod(TestInvoker.java:174)
at org.testng.internal.MethodRunner.runInSequence(MethodRunner.java:46)
at org.testng.internal.TestInvoker$MethodInvocationAgent.invoke(TestInvoker.java:822)
at org.testng.internal.TestInvoker.invokeTestMethods(TestInvoker.java:147)
at org.testng.internal.TestMethodWorker.invokeTestMethods(TestMethodWorker.java:146)
at org.testng.internal.TestMethodWorker.run(TestMethodWorker.java:128)
at java.util.ArrayList.forEach(ArrayList.java:1259)
at org.testng.TestRunner.privateRun(TestRunner.java:764)
at org.testng.TestRunner.run(TestRunner.java:585)
at org.testng.SuiteRunner.runTest(SuiteRunner.java:384)
at org.testng.SuiteRunner.runSequentially(SuiteRunner.java:378)
at org.testng.SuiteRunner.privateRun(SuiteRunner.java:337)
at org.testng.SuiteRunner.run(SuiteRunner.java:286)
at org.testng.SuiteRunnerWorker.runSuite(SuiteRunnerWorker.java:53)
at org.testng.SuiteRunnerWorker.run(SuiteRunnerWorker.java:96)
at org.testng.TestNG.runSuitesSequentially(TestNG.java:1218)
at org.testng.TestNG.runSuitesLocally(TestNG.java:1140)
at org.testng.TestNG.runSuites(TestNG.java:1069)
at org.testng.TestNG.run(TestNG.java:1037)
at org.testng.remote.AbstractRemoteTestNG.run(AbstractRemoteTestNG.java:115)
at org.testng.remote.RemoteTestNG.initAndRun(RemoteTestNG.java:251)
at org.testng.remote.RemoteTestNG.main(RemoteTestNG.java:77)
Caused by: org.openqa.selenium.NoSuchElementException: no such element: Unable to locate element: {"method":"xpath","selector":"//div[contains(text(),'Basic Details')]"}
  (Session info: chrome=92.0.4515.159)
For documentation on this error, please visit: https://www.seleniumhq.org/exceptions/no_such_element.html
Build info: version: '3.141.59', revision: 'e82be7d358', time: '2018-11-14T08:17:03'
System info: host: 'CISM-I-458', ip: '192.168.2.203', os.name: 'Windows 10', os.arch: 'amd64', os.version: '10.0', java.version: '1.8.0_281'
Driver info: org.openqa.selenium.chrome.ChromeDriver
Capabilities {acceptInsecureCerts: false, browserName: chrome, browserVersion: 92.0.4515.159, chrome: {chromedriverVersion: 91.0.4472.19 (1bf021f248676..., userDataDir: C:\Users\cis\AppData\Local\...}, goog:chromeOptions: {debuggerAddress: localhost:58676}, javascriptEnabled: true, networkConnectionEnabled: false, pageLoadStrategy: normal, platform: WINDOWS, platformName: WINDOWS, proxy: Proxy(), setWindowRect: true, strictFileInteractability: false, timeouts: {implicit: 0, pageLoad: 300000, script: 30000}, unhandledPromptBehavior: dismiss and notify, webauthn:extension:largeBlob: true, webauthn:virtualAuthenticators: true}
Session ID: d8048c1eca19ddbbca4880f272c55e73
*** Element info: {Using=xpath, value=//div[contains(text(),'Basic Details')]}
at sun.reflect.NativeConstructorAccessorImpl.newInstance0(Native Method)
at sun.reflect.NativeConstructorAccessorImpl.newInstance(NativeConstructorAccessorImpl.java:62)
at sun.reflect.DelegatingConstructorAccessorImpl.newInstance(DelegatingConstructorAccessorImpl.java:45)
at java.lang.reflect.Constructor.newInstance(Constructor.java:423)
at org.openqa.selenium.remote.http.W3CHttpResponseCodec.createException(W3CHttpResponseCodec.java:187)
at org.openqa.selenium.remote.http.W3CHttpResponseCodec.decode(W3CHttpResponseCodec.java:122)
at org.openqa.selenium.remote.http.W3CHttpResponseCodec.decode(W3CHttpResponseCodec.java:49)
at org.openqa.selenium.remote.HttpCommandExecutor.execute(HttpCommandExecutor.java:158)
at org.openqa.selenium.remote.service.DriverCommandExecutor.execute(DriverCommandExecutor.java:83)
at org.openqa.selenium.remote.RemoteWebDriver.execute(RemoteWebDriver.java:552)
at org.openqa.selenium.remote.RemoteWebDriver.findElement(RemoteWebDriver.java:323)
at org.openqa.selenium.remote.RemoteWebDriver.findElementByXPath(RemoteWebDriver.java:428)
at org.openqa.selenium.By$ByXPath.findElement(By.java:353)
at org.openqa.selenium.remote.RemoteWebDriver.findElement(RemoteWebDriver.java:315)
at org.openqa.selenium.support.pagefactory.DefaultElementLocator.findElement(DefaultElementLocator.java:69)
at org.openqa.selenium.support.pagefactory.internal.LocatingElementHandler.invoke(LocatingElementHandler.java:38)
at com.sun.proxy.$Proxy12.isDisplayed(Unknown Source)
at org.openqa.selenium.support.ui.ExpectedConditions.elementIfVisible(ExpectedConditions.java:314)
at org.openqa.selenium.support.ui.ExpectedConditions.access$000(ExpectedConditions.java:43)
at org.openqa.selenium.support.ui.ExpectedConditions$10.apply(ExpectedConditions.java:300)
at org.openqa.selenium.support.ui.ExpectedConditions$10.apply(ExpectedConditions.java:297)
at org.openqa.selenium.support.ui.FluentWait.until(FluentWait.java:249)
... 30 more
]]>
            </full-stacktrace>
          </exception> <!-- org.openqa.selenium.TimeoutException -->
          <reporter-output>
          </reporter-output>
        </test-method> <!-- VerifySelectedChildNotDisplayInParentDropdown -->
        <test-method status="PASS" signature="tearDown(org.testng.ITestResult)[pri:0, instance:com.md.testcases.ContractTest@528931cf]" name="tearDown" is-config="true" duration-ms="0" started-at="2021-09-22T11:46:46 IST" finished-at="2021-09-22T11:46:46 IST">
          <params>
            <param index="0">
              <value>
                <![CDATA[[TestResult name=VerifySelectedChildNotDisplayInParentDropdown status=FAILURE method=ContractTest.VerifySelectedChildNotDisplayInParentDropdown()[pri:33, instance:com.md.testcases.ContractTest@528931cf] output={null}]]]>
              </value>
            </param>
          </params>
          <reporter-output>
          </reporter-output>
        </test-method> <!-- tearDown -->
        <test-method status="PASS" signature="VerifyLanguageChange()[pri:34, instance:com.md.testcases.ContractTest@528931cf]" name="VerifyLanguageChange" duration-ms="88554" started-at="2021-09-22T11:46:46 IST" finished-at="2021-09-22T11:48:15 IST">
          <reporter-output>
          </reporter-output>
        </test-method> <!-- VerifyLanguageChange -->
        <test-method status="PASS" signature="tearDown(org.testng.ITestResult)[pri:0, instance:com.md.testcases.ContractTest@528931cf]" name="tearDown" is-config="true" duration-ms="0" started-at="2021-09-22T11:48:15 IST" finished-at="2021-09-22T11:48:15 IST">
          <params>
            <param index="0">
              <value>
                <![CDATA[[TestResult name=VerifyLanguageChange status=SUCCESS method=ContractTest.VerifyLanguageChange()[pri:34, instance:com.md.testcases.ContractTest@528931cf] output={null}]]]>
              </value>
            </param>
          </params>
          <reporter-output>
          </reporter-output>
        </test-method> <!-- tearDown -->
        <test-method status="PASS" signature="VerifyActiveHeadingsDisplayInContractForm()[pri:35, instance:com.md.testcases.ContractTest@528931cf]" name="VerifyActiveHeadingsDisplayInContractForm" duration-ms="203654" started-at="2021-09-22T11:48:15 IST" finished-at="2021-09-22T11:51:38 IST">
          <reporter-output>
          </reporter-output>
        </test-method> <!-- VerifyActiveHeadingsDisplayInContractForm -->
        <test-method status="PASS" signature="VerifyActiveHeadingsDisplayInContractListingPage()[pri:36, instance:com.md.testcases.ContractTest@528931cf]" name="VerifyActiveHeadingsDisplayInContractListingPage" duration-ms="144347" started-at="2021-09-22T11:51:38 IST" finished-at="2021-09-22T11:54:03 IST">
          <reporter-output>
          </reporter-output>
        </test-method> <!-- VerifyActiveHeadingsDisplayInContractListingPage -->
        <test-method status="PASS" signature="tearDown(org.testng.ITestResult)[pri:0, instance:com.md.testcases.ContractTest@528931cf]" name="tearDown" is-config="true" duration-ms="0" started-at="2021-09-22T11:51:38 IST" finished-at="2021-09-22T11:51:38 IST">
          <params>
            <param index="0">
              <value>
                <![CDATA[[TestResult name=VerifyActiveHeadingsDisplayInContractForm status=SUCCESS method=ContractTest.VerifyActiveHeadingsDisplayInContractForm()[pri:35, instance:com.md.testcases.ContractTest@528931cf] output={null}]]]>
              </value>
            </param>
          </params>
          <reporter-output>
          </reporter-output>
        </test-method> <!-- tearDown -->
        <test-method status="PASS" signature="tearDown(org.testng.ITestResult)[pri:0, instance:com.md.testcases.ContractTest@528931cf]" name="tearDown" is-config="true" duration-ms="0" started-at="2021-09-22T11:54:03 IST" finished-at="2021-09-22T11:54:03 IST">
          <params>
            <param index="0">
              <value>
                <![CDATA[[TestResult name=VerifyActiveHeadingsDisplayInContractListingPage status=SUCCESS method=ContractTest.VerifyActiveHeadingsDisplayInContractListingPage()[pri:36, instance:com.md.testcases.ContractTest@528931cf] output={null}]]]>
              </value>
            </param>
          </params>
          <reporter-output>
          </reporter-output>
        </test-method> <!-- tearDown -->
        <test-method status="PASS" signature="VerifyContractListingOnLanguageChange()[pri:37, instance:com.md.testcases.ContractTest@528931cf]" name="VerifyContractListingOnLanguageChange" duration-ms="90150" started-at="2021-09-22T11:54:03 IST" finished-at="2021-09-22T11:55:33 IST">
          <reporter-output>
          </reporter-output>
        </test-method> <!-- VerifyContractListingOnLanguageChange -->
        <test-method status="PASS" signature="VerifyCustomFieldDisplayInContractForm()[pri:38, instance:com.md.testcases.ContractTest@528931cf]" name="VerifyCustomFieldDisplayInContractForm" duration-ms="194907" started-at="2021-09-22T11:55:33 IST" finished-at="2021-09-22T11:58:48 IST">
          <reporter-output>
          </reporter-output>
        </test-method> <!-- VerifyCustomFieldDisplayInContractForm -->
        <test-method status="PASS" signature="tearDown(org.testng.ITestResult)[pri:0, instance:com.md.testcases.ContractTest@528931cf]" name="tearDown" is-config="true" duration-ms="0" started-at="2021-09-22T11:55:33 IST" finished-at="2021-09-22T11:55:33 IST">
          <params>
            <param index="0">
              <value>
                <![CDATA[[TestResult name=VerifyContractListingOnLanguageChange status=SUCCESS method=ContractTest.VerifyContractListingOnLanguageChange()[pri:37, instance:com.md.testcases.ContractTest@528931cf] output={null}]]]>
              </value>
            </param>
          </params>
          <reporter-output>
          </reporter-output>
        </test-method> <!-- tearDown -->
        <test-method status="PASS" signature="tearDown(org.testng.ITestResult)[pri:0, instance:com.md.testcases.ContractTest@528931cf]" name="tearDown" is-config="true" duration-ms="0" started-at="2021-09-22T11:58:48 IST" finished-at="2021-09-22T11:58:48 IST">
          <params>
            <param index="0">
              <value>
                <![CDATA[[TestResult name=VerifyCustomFieldDisplayInContractForm status=SUCCESS method=ContractTest.VerifyCustomFieldDisplayInContractForm()[pri:38, instance:com.md.testcases.ContractTest@528931cf] output={null}]]]>
              </value>
            </param>
          </params>
          <reporter-output>
          </reporter-output>
        </test-method> <!-- tearDown -->
        <test-method status="PASS" signature="Teardown()[pri:0, instance:com.md.testcases.ContractTest@528931cf]" name="Teardown" is-config="true" duration-ms="438" started-at="2021-09-22T11:58:48 IST" finished-at="2021-09-22T11:58:48 IST">
          <reporter-output>
          </reporter-output>
        </test-method> <!-- Teardown -->
        <test-method status="PASS" signature="reportTeardown()[pri:0, instance:com.md.testcases.ContractTest@528931cf]" name="reportTeardown" is-config="true" duration-ms="419" started-at="2021-09-22T11:58:48 IST" finished-at="2021-09-22T11:58:49 IST">
          <reporter-output>
          </reporter-output>
        </test-method> <!-- reportTeardown -->
      </class> <!-- com.md.testcases.ContractTest -->
    </test> <!-- Default test -->
  </suite> <!-- Default suite -->
</testng-results>
