<?xml version="1.0" encoding="UTF-8"?>
<testng-results skipped="0" failed="0" ignored="0" total="1" passed="1">
  <reporter-output>
  </reporter-output>
  <suite name="Default suite" duration-ms="75257" started-at="2021-06-10T15:52:59 IST" finished-at="2021-06-10T15:54:14 IST">
    <groups>
    </groups>
    <test name="Default test" duration-ms="75257" started-at="2021-06-10T15:52:59 IST" finished-at="2021-06-10T15:54:14 IST">
      <class name="com.md.testcases.QuickQuotesTest">
        <test-method status="PASS" signature="createReport()[pri:0, instance:com.md.testcases.QuickQuotesTest@34cd072c]" name="createReport" is-config="true" duration-ms="163" started-at="2021-06-10T15:52:58 IST" finished-at="2021-06-10T15:52:59 IST">
          <reporter-output>
          </reporter-output>
        </test-method> <!-- createReport -->
        <test-method status="PASS" signature="setUp()[pri:0, instance:com.md.testcases.QuickQuotesTest@34cd072c]" name="setUp" is-config="true" duration-ms="61886" started-at="2021-06-10T15:52:59 IST" finished-at="2021-06-10T15:54:00 IST">
          <reporter-output>
          </reporter-output>
        </test-method> <!-- setUp -->
        <test-method status="PASS" signature="verifyValidationMessageOnNamefield()[pri:1, instance:com.md.testcases.QuickQuotesTest@34cd072c]" name="verifyValidationMessageOnNamefield" duration-ms="13302" started-at="2021-06-10T15:54:00 IST" finished-at="2021-06-10T15:54:14 IST">
          <reporter-output>
          </reporter-output>
        </test-method> <!-- verifyValidationMessageOnNamefield -->
        <test-method status="PASS" signature="tearDown(org.testng.ITestResult)[pri:0, instance:com.md.testcases.QuickQuotesTest@34cd072c]" name="tearDown" is-config="true" duration-ms="3" started-at="2021-06-10T15:54:14 IST" finished-at="2021-06-10T15:54:14 IST">
          <params>
            <param index="0">
              <value>
                <![CDATA[[TestResult name=verifyValidationMessageOnNamefield status=SUCCESS method=QuickQuotesTest.verifyValidationMessageOnNamefield()[pri:1, instance:com.md.testcases.QuickQuotesTest@34cd072c] output={null}]]]>
              </value>
            </param>
          </params>
          <reporter-output>
          </reporter-output>
        </test-method> <!-- tearDown -->
        <test-method status="PASS" signature="reportTeardown()[pri:0, instance:com.md.testcases.QuickQuotesTest@34cd072c]" name="reportTeardown" is-config="true" duration-ms="1" started-at="2021-06-10T15:54:14 IST" finished-at="2021-06-10T15:54:14 IST">
          <reporter-output>
          </reporter-output>
        </test-method> <!-- reportTeardown -->
      </class> <!-- com.md.testcases.QuickQuotesTest -->
    </test> <!-- Default test -->
  </suite> <!-- Default suite -->
</testng-results>
