<?xml version="1.0" encoding="UTF-8"?>
<testng-results skipped="0" failed="0" ignored="0" total="1" passed="1">
  <reporter-output>
  </reporter-output>
  <suite name="Default suite" duration-ms="45534" started-at="2021-07-09T18:28:11 IST" finished-at="2021-07-09T18:28:56 IST">
    <groups>
    </groups>
    <test name="Default test" duration-ms="45534" started-at="2021-07-09T18:28:11 IST" finished-at="2021-07-09T18:28:56 IST">
      <class name="com.md.testcases.QuickQuotesTest">
        <test-method status="PASS" signature="createReport()[pri:0, instance:com.md.testcases.QuickQuotesTest@7a1ebcd8]" name="createReport" is-config="true" duration-ms="126" started-at="2021-07-09T18:28:11 IST" finished-at="2021-07-09T18:28:11 IST">
          <reporter-output>
          </reporter-output>
        </test-method> <!-- createReport -->
        <test-method status="PASS" signature="setUp()[pri:0, instance:com.md.testcases.QuickQuotesTest@7a1ebcd8]" name="setUp" is-config="true" duration-ms="20551" started-at="2021-07-09T18:28:11 IST" finished-at="2021-07-09T18:28:31 IST">
          <reporter-output>
          </reporter-output>
        </test-method> <!-- setUp -->
        <test-method status="PASS" signature="verfiyQQEventWithAllDetails()[pri:5, instance:com.md.testcases.QuickQuotesTest@7a1ebcd8]" name="verfiyQQEventWithAllDetails" duration-ms="24246" started-at="2021-07-09T18:28:31 IST" finished-at="2021-07-09T18:28:55 IST">
          <reporter-output>
          </reporter-output>
        </test-method> <!-- verfiyQQEventWithAllDetails -->
        <test-method status="PASS" signature="tearDown(org.testng.ITestResult)[pri:0, instance:com.md.testcases.QuickQuotesTest@7a1ebcd8]" name="tearDown" is-config="true" duration-ms="2" started-at="2021-07-09T18:28:55 IST" finished-at="2021-07-09T18:28:55 IST">
          <params>
            <param index="0">
              <value>
                <![CDATA[[TestResult name=verfiyQQEventWithAllDetails status=SUCCESS method=QuickQuotesTest.verfiyQQEventWithAllDetails()[pri:5, instance:com.md.testcases.QuickQuotesTest@7a1ebcd8] output={null}]]]>
              </value>
            </param>
          </params>
          <reporter-output>
          </reporter-output>
        </test-method> <!-- tearDown -->
        <test-method status="PASS" signature="Teardown()[pri:0, instance:com.md.testcases.QuickQuotesTest@7a1ebcd8]" name="Teardown" is-config="true" duration-ms="730" started-at="2021-07-09T18:28:55 IST" finished-at="2021-07-09T18:28:56 IST">
          <reporter-output>
          </reporter-output>
        </test-method> <!-- Teardown -->
        <test-method status="PASS" signature="reportTeardown()[pri:0, instance:com.md.testcases.QuickQuotesTest@7a1ebcd8]" name="reportTeardown" is-config="true" duration-ms="263" started-at="2021-07-09T18:28:56 IST" finished-at="2021-07-09T18:28:57 IST">
          <reporter-output>
          </reporter-output>
        </test-method> <!-- reportTeardown -->
      </class> <!-- com.md.testcases.QuickQuotesTest -->
    </test> <!-- Default test -->
  </suite> <!-- Default suite -->
</testng-results>
