<?xml version="1.0" encoding="UTF-8"?>
<testng-results skipped="0" failed="1" ignored="0" total="5" passed="4">
  <reporter-output>
  </reporter-output>
  <suite name="Default suite" duration-ms="727809" started-at="2021-07-13T16:21:33 IST" finished-at="2021-07-13T16:33:41 IST">
    <groups>
    </groups>
    <test name="Default test" duration-ms="727809" started-at="2021-07-13T16:21:33 IST" finished-at="2021-07-13T16:33:41 IST">
      <class name="com.md.testcases.ContractTest">
        <test-method status="PASS" signature="createReport()[pri:0, instance:com.md.testcases.ContractTest@7a1ebcd8]" name="createReport" is-config="true" duration-ms="117" started-at="2021-07-13T16:21:33 IST" finished-at="2021-07-13T16:21:33 IST">
          <reporter-output>
          </reporter-output>
        </test-method> <!-- createReport -->
        <test-method status="PASS" signature="setUp()[pri:0, instance:com.md.testcases.ContractTest@7a1ebcd8]" name="setUp" is-config="true" duration-ms="49547" started-at="2021-07-13T16:21:33 IST" finished-at="2021-07-13T16:22:23 IST">
          <reporter-output>
          </reporter-output>
        </test-method> <!-- setUp -->
        <test-method status="FAIL" signature="VerifySearchContractUsingState()[pri:0, instance:com.md.testcases.ContractTest@7a1ebcd8]" name="VerifySearchContractUsingState" duration-ms="34865" started-at="2021-07-13T16:22:23 IST" finished-at="2021-07-13T16:22:57 IST">
          <exception class="org.openqa.selenium.ElementClickInterceptedException">
            <message>
              <![CDATA[element click intercepted: Element <input type="text" class="searchBox" id="search_input" placeholder="Select" autocomplete="off" value=""> is not clickable at point (1181, 213). Other element would receive the click: <i class="fa fa-search"></i>
  (Session info: chrome=91.0.4472.124)
Build info: version: '3.141.59', revision: 'e82be7d358', time: '2018-11-14T08:17:03'
System info: host: 'CISM-I-458', ip: '192.168.2.203', os.name: 'Windows 10', os.arch: 'amd64', os.version: '10.0', java.version: '1.8.0_281'
Driver info: org.openqa.selenium.chrome.ChromeDriver
Capabilities {acceptInsecureCerts: false, browserName: chrome, browserVersion: 91.0.4472.124, chrome: {chromedriverVersion: 91.0.4472.19 (1bf021f248676..., userDataDir: C:\Users\cis\AppData\Local\...}, goog:chromeOptions: {debuggerAddress: localhost:49381}, javascriptEnabled: true, networkConnectionEnabled: false, pageLoadStrategy: normal, platform: WINDOWS, platformName: WINDOWS, proxy: Proxy(), setWindowRect: true, strictFileInteractability: false, timeouts: {implicit: 0, pageLoad: 300000, script: 30000}, unhandledPromptBehavior: dismiss and notify, webauthn:extension:largeBlob: true, webauthn:virtualAuthenticators: true}
Session ID: d131222395fc183c8ab7157ec5c95530]]>
            </message>
            <full-stacktrace>
              <![CDATA[org.openqa.selenium.ElementClickInterceptedException: element click intercepted: Element <input type="text" class="searchBox" id="search_input" placeholder="Select" autocomplete="off" value=""> is not clickable at point (1181, 213). Other element would receive the click: <i class="fa fa-search"></i>
  (Session info: chrome=91.0.4472.124)
Build info: version: '3.141.59', revision: 'e82be7d358', time: '2018-11-14T08:17:03'
System info: host: 'CISM-I-458', ip: '192.168.2.203', os.name: 'Windows 10', os.arch: 'amd64', os.version: '10.0', java.version: '1.8.0_281'
Driver info: org.openqa.selenium.chrome.ChromeDriver
Capabilities {acceptInsecureCerts: false, browserName: chrome, browserVersion: 91.0.4472.124, chrome: {chromedriverVersion: 91.0.4472.19 (1bf021f248676..., userDataDir: C:\Users\cis\AppData\Local\...}, goog:chromeOptions: {debuggerAddress: localhost:49381}, javascriptEnabled: true, networkConnectionEnabled: false, pageLoadStrategy: normal, platform: WINDOWS, platformName: WINDOWS, proxy: Proxy(), setWindowRect: true, strictFileInteractability: false, timeouts: {implicit: 0, pageLoad: 300000, script: 30000}, unhandledPromptBehavior: dismiss and notify, webauthn:extension:largeBlob: true, webauthn:virtualAuthenticators: true}
Session ID: d131222395fc183c8ab7157ec5c95530
at sun.reflect.NativeConstructorAccessorImpl.newInstance0(Native Method)
at sun.reflect.NativeConstructorAccessorImpl.newInstance(NativeConstructorAccessorImpl.java:62)
at sun.reflect.DelegatingConstructorAccessorImpl.newInstance(DelegatingConstructorAccessorImpl.java:45)
at java.lang.reflect.Constructor.newInstance(Constructor.java:423)
at org.openqa.selenium.remote.http.W3CHttpResponseCodec.createException(W3CHttpResponseCodec.java:187)
at org.openqa.selenium.remote.http.W3CHttpResponseCodec.decode(W3CHttpResponseCodec.java:122)
at org.openqa.selenium.remote.http.W3CHttpResponseCodec.decode(W3CHttpResponseCodec.java:49)
at org.openqa.selenium.remote.HttpCommandExecutor.execute(HttpCommandExecutor.java:158)
at org.openqa.selenium.remote.service.DriverCommandExecutor.execute(DriverCommandExecutor.java:83)
at org.openqa.selenium.remote.RemoteWebDriver.execute(RemoteWebDriver.java:552)
at org.openqa.selenium.remote.RemoteWebElement.execute(RemoteWebElement.java:285)
at org.openqa.selenium.remote.RemoteWebElement.click(RemoteWebElement.java:84)
at sun.reflect.NativeMethodAccessorImpl.invoke0(Native Method)
at sun.reflect.NativeMethodAccessorImpl.invoke(NativeMethodAccessorImpl.java:62)
at sun.reflect.DelegatingMethodAccessorImpl.invoke(DelegatingMethodAccessorImpl.java:43)
at java.lang.reflect.Method.invoke(Method.java:498)
at org.openqa.selenium.support.pagefactory.internal.LocatingElementHandler.invoke(LocatingElementHandler.java:51)
at com.sun.proxy.$Proxy12.click(Unknown Source)
at com.md.pages.Contract.VerifySearchContractUsingState(Contract.java:922)
at com.md.testcases.ContractTest.VerifySearchContractUsingState(ContractTest.java:317)
at sun.reflect.NativeMethodAccessorImpl.invoke0(Native Method)
at sun.reflect.NativeMethodAccessorImpl.invoke(NativeMethodAccessorImpl.java:62)
at sun.reflect.DelegatingMethodAccessorImpl.invoke(DelegatingMethodAccessorImpl.java:43)
at java.lang.reflect.Method.invoke(Method.java:498)
at org.testng.internal.MethodInvocationHelper.invokeMethod(MethodInvocationHelper.java:132)
at org.testng.internal.TestInvoker.invokeMethod(TestInvoker.java:599)
at org.testng.internal.TestInvoker.invokeTestMethod(TestInvoker.java:174)
at org.testng.internal.MethodRunner.runInSequence(MethodRunner.java:46)
at org.testng.internal.TestInvoker$MethodInvocationAgent.invoke(TestInvoker.java:822)
at org.testng.internal.TestInvoker.invokeTestMethods(TestInvoker.java:147)
at org.testng.internal.TestMethodWorker.invokeTestMethods(TestMethodWorker.java:146)
at org.testng.internal.TestMethodWorker.run(TestMethodWorker.java:128)
at java.util.ArrayList.forEach(ArrayList.java:1259)
at org.testng.TestRunner.privateRun(TestRunner.java:764)
at org.testng.TestRunner.run(TestRunner.java:585)
at org.testng.SuiteRunner.runTest(SuiteRunner.java:384)
at org.testng.SuiteRunner.runSequentially(SuiteRunner.java:378)
at org.testng.SuiteRunner.privateRun(SuiteRunner.java:337)
at org.testng.SuiteRunner.run(SuiteRunner.java:286)
at org.testng.SuiteRunnerWorker.runSuite(SuiteRunnerWorker.java:53)
at org.testng.SuiteRunnerWorker.run(SuiteRunnerWorker.java:96)
at org.testng.TestNG.runSuitesSequentially(TestNG.java:1218)
at org.testng.TestNG.runSuitesLocally(TestNG.java:1140)
at org.testng.TestNG.runSuites(TestNG.java:1069)
at org.testng.TestNG.run(TestNG.java:1037)
at org.testng.remote.AbstractRemoteTestNG.run(AbstractRemoteTestNG.java:115)
at org.testng.remote.RemoteTestNG.initAndRun(RemoteTestNG.java:251)
at org.testng.remote.RemoteTestNG.main(RemoteTestNG.java:77)
]]>
            </full-stacktrace>
          </exception> <!-- org.openqa.selenium.ElementClickInterceptedException -->
          <reporter-output>
          </reporter-output>
        </test-method> <!-- VerifySearchContractUsingState -->
        <test-method status="PASS" signature="tearDown(org.testng.ITestResult)[pri:0, instance:com.md.testcases.ContractTest@7a1ebcd8]" name="tearDown" is-config="true" duration-ms="11" started-at="2021-07-13T16:22:57 IST" finished-at="2021-07-13T16:22:58 IST">
          <params>
            <param index="0">
              <value>
                <![CDATA[[TestResult name=VerifySearchContractUsingState status=FAILURE method=ContractTest.VerifySearchContractUsingState()[pri:0, instance:com.md.testcases.ContractTest@7a1ebcd8] output={null}]]]>
              </value>
            </param>
          </params>
          <reporter-output>
          </reporter-output>
        </test-method> <!-- tearDown -->
        <test-method status="PASS" signature="VerifyActiveHeadingsDisplayInContractForm()[pri:38, instance:com.md.testcases.ContractTest@7a1ebcd8]" name="VerifyActiveHeadingsDisplayInContractForm" duration-ms="195576" started-at="2021-07-13T16:22:58 IST" finished-at="2021-07-13T16:26:13 IST">
          <reporter-output>
          </reporter-output>
        </test-method> <!-- VerifyActiveHeadingsDisplayInContractForm -->
        <test-method status="PASS" signature="tearDown(org.testng.ITestResult)[pri:0, instance:com.md.testcases.ContractTest@7a1ebcd8]" name="tearDown" is-config="true" duration-ms="1" started-at="2021-07-13T16:26:13 IST" finished-at="2021-07-13T16:26:13 IST">
          <params>
            <param index="0">
              <value>
                <![CDATA[[TestResult name=VerifyActiveHeadingsDisplayInContractForm status=SUCCESS method=ContractTest.VerifyActiveHeadingsDisplayInContractForm()[pri:38, instance:com.md.testcases.ContractTest@7a1ebcd8] output={null}]]]>
              </value>
            </param>
          </params>
          <reporter-output>
          </reporter-output>
        </test-method> <!-- tearDown -->
        <test-method status="PASS" signature="VerifyActiveHeadingsDisplayInContractListingPage()[pri:39, instance:com.md.testcases.ContractTest@7a1ebcd8]" name="VerifyActiveHeadingsDisplayInContractListingPage" duration-ms="148367" started-at="2021-07-13T16:26:13 IST" finished-at="2021-07-13T16:28:41 IST">
          <reporter-output>
          </reporter-output>
        </test-method> <!-- VerifyActiveHeadingsDisplayInContractListingPage -->
        <test-method status="PASS" signature="tearDown(org.testng.ITestResult)[pri:0, instance:com.md.testcases.ContractTest@7a1ebcd8]" name="tearDown" is-config="true" duration-ms="0" started-at="2021-07-13T16:28:41 IST" finished-at="2021-07-13T16:28:41 IST">
          <params>
            <param index="0">
              <value>
                <![CDATA[[TestResult name=VerifyActiveHeadingsDisplayInContractListingPage status=SUCCESS method=ContractTest.VerifyActiveHeadingsDisplayInContractListingPage()[pri:39, instance:com.md.testcases.ContractTest@7a1ebcd8] output={null}]]]>
              </value>
            </param>
          </params>
          <reporter-output>
          </reporter-output>
        </test-method> <!-- tearDown -->
        <test-method status="PASS" signature="VerifyContractListingOnLanguageChange()[pri:40, instance:com.md.testcases.ContractTest@7a1ebcd8]" name="VerifyContractListingOnLanguageChange" duration-ms="95166" started-at="2021-07-13T16:28:41 IST" finished-at="2021-07-13T16:30:17 IST">
          <reporter-output>
          </reporter-output>
        </test-method> <!-- VerifyContractListingOnLanguageChange -->
        <test-method status="PASS" signature="tearDown(org.testng.ITestResult)[pri:0, instance:com.md.testcases.ContractTest@7a1ebcd8]" name="tearDown" is-config="true" duration-ms="1" started-at="2021-07-13T16:30:17 IST" finished-at="2021-07-13T16:30:17 IST">
          <params>
            <param index="0">
              <value>
                <![CDATA[[TestResult name=VerifyContractListingOnLanguageChange status=SUCCESS method=ContractTest.VerifyContractListingOnLanguageChange()[pri:40, instance:com.md.testcases.ContractTest@7a1ebcd8] output={null}]]]>
              </value>
            </param>
          </params>
          <reporter-output>
          </reporter-output>
        </test-method> <!-- tearDown -->
        <test-method status="PASS" signature="VerifyCustomFieldDisplayInContractForm()[pri:41, instance:com.md.testcases.ContractTest@7a1ebcd8]" name="VerifyCustomFieldDisplayInContractForm" duration-ms="204237" started-at="2021-07-13T16:30:17 IST" finished-at="2021-07-13T16:33:41 IST">
          <reporter-output>
          </reporter-output>
        </test-method> <!-- VerifyCustomFieldDisplayInContractForm -->
        <test-method status="PASS" signature="tearDown(org.testng.ITestResult)[pri:0, instance:com.md.testcases.ContractTest@7a1ebcd8]" name="tearDown" is-config="true" duration-ms="1" started-at="2021-07-13T16:33:41 IST" finished-at="2021-07-13T16:33:41 IST">
          <params>
            <param index="0">
              <value>
                <![CDATA[[TestResult name=VerifyCustomFieldDisplayInContractForm status=SUCCESS method=ContractTest.VerifyCustomFieldDisplayInContractForm()[pri:41, instance:com.md.testcases.ContractTest@7a1ebcd8] output={null}]]]>
              </value>
            </param>
          </params>
          <reporter-output>
          </reporter-output>
        </test-method> <!-- tearDown -->
        <test-method status="PASS" signature="Teardown()[pri:0, instance:com.md.testcases.ContractTest@7a1ebcd8]" name="Teardown" is-config="true" duration-ms="0" started-at="2021-07-13T16:33:41 IST" finished-at="2021-07-13T16:33:41 IST">
          <reporter-output>
          </reporter-output>
        </test-method> <!-- Teardown -->
        <test-method status="PASS" signature="reportTeardown()[pri:0, instance:com.md.testcases.ContractTest@7a1ebcd8]" name="reportTeardown" is-config="true" duration-ms="294" started-at="2021-07-13T16:33:41 IST" finished-at="2021-07-13T16:33:41 IST">
          <reporter-output>
          </reporter-output>
        </test-method> <!-- reportTeardown -->
      </class> <!-- com.md.testcases.ContractTest -->
    </test> <!-- Default test -->
  </suite> <!-- Default suite -->
</testng-results>
