<?xml version="1.0" encoding="UTF-8"?>
<testng-results skipped="0" failed="0" ignored="0" total="4" passed="4">
  <reporter-output>
  </reporter-output>
  <suite name="Default suite" duration-ms="480394" started-at="2021-12-23T17:32:03 IST" finished-at="2021-12-23T17:40:03 IST">
    <groups>
    </groups>
    <test name="Default test" duration-ms="480394" started-at="2021-12-23T17:32:03 IST" finished-at="2021-12-23T17:40:03 IST">
      <class name="com.md.testcases.QuickQuotesTest">
        <test-method status="PASS" signature="QQSetUp()[pri:0, instance:com.md.testcases.QuickQuotesTest@b7dd107]" name="QQSetUp" is-config="true" duration-ms="30030" started-at="2021-12-23T17:32:03 IST" finished-at="2021-12-23T17:32:33 IST">
          <reporter-output>
          </reporter-output>
        </test-method> <!-- QQSetUp -->
        <test-method status="PASS" signature="Test()[pri:0, instance:com.md.testcases.QuickQuotesTest@b7dd107]" name="Test" is-config="true" duration-ms="4410" started-at="2021-12-23T17:32:33 IST" finished-at="2021-12-23T17:32:37 IST">
          <reporter-output>
          </reporter-output>
        </test-method> <!-- Test -->
        <test-method status="PASS" signature="qq_VerifyCreateMessageinSandpit()[pri:9, instance:com.md.testcases.QuickQuotesTest@b7dd107]" name="qq_VerifyCreateMessageinSandpit" duration-ms="151873" started-at="2021-12-23T17:32:37 IST" finished-at="2021-12-23T17:35:09 IST">
          <reporter-output>
          </reporter-output>
        </test-method> <!-- qq_VerifyCreateMessageinSandpit -->
        <test-method status="PASS" signature="Test()[pri:0, instance:com.md.testcases.QuickQuotesTest@b7dd107]" name="Test" is-config="true" duration-ms="4321" started-at="2021-12-23T17:35:09 IST" finished-at="2021-12-23T17:35:13 IST">
          <reporter-output>
          </reporter-output>
        </test-method> <!-- Test -->
        <test-method status="PASS" signature="qq_VerfiyEditQQEvent()[pri:10, instance:com.md.testcases.QuickQuotesTest@b7dd107]" name="qq_VerfiyEditQQEvent" duration-ms="32276" started-at="2021-12-23T17:35:13 IST" finished-at="2021-12-23T17:35:45 IST">
          <reporter-output>
          </reporter-output>
        </test-method> <!-- qq_VerfiyEditQQEvent -->
        <test-method status="PASS" signature="Test()[pri:0, instance:com.md.testcases.QuickQuotesTest@b7dd107]" name="Test" is-config="true" duration-ms="4429" started-at="2021-12-23T17:35:45 IST" finished-at="2021-12-23T17:35:50 IST">
          <reporter-output>
          </reporter-output>
        </test-method> <!-- Test -->
        <test-method status="PASS" signature="qq_VerifySearchQuote()[pri:11, instance:com.md.testcases.QuickQuotesTest@b7dd107]" name="qq_VerifySearchQuote" duration-ms="10545" started-at="2021-12-23T17:35:50 IST" finished-at="2021-12-23T17:36:00 IST">
          <reporter-output>
          </reporter-output>
        </test-method> <!-- qq_VerifySearchQuote -->
        <test-method status="PASS" signature="Test()[pri:0, instance:com.md.testcases.QuickQuotesTest@b7dd107]" name="Test" is-config="true" duration-ms="4300" started-at="2021-12-23T17:36:00 IST" finished-at="2021-12-23T17:36:05 IST">
          <reporter-output>
          </reporter-output>
        </test-method> <!-- Test -->
        <test-method status="PASS" signature="qq_VerifyQuestionnaireAndAllowResubmissioninSandpit()[pri:12, instance:com.md.testcases.QuickQuotesTest@b7dd107]" name="qq_VerifyQuestionnaireAndAllowResubmissioninSandpit" duration-ms="237737" started-at="2021-12-23T17:36:05 IST" finished-at="2021-12-23T17:40:03 IST">
          <reporter-output>
          </reporter-output>
        </test-method> <!-- qq_VerifyQuestionnaireAndAllowResubmissioninSandpit -->
        <test-method status="PASS" signature="Teardown()[pri:0, instance:com.md.testcases.QuickQuotesTest@b7dd107]" name="Teardown" is-config="true" duration-ms="430" started-at="2021-12-23T17:40:03 IST" finished-at="2021-12-23T17:40:03 IST">
          <reporter-output>
          </reporter-output>
        </test-method> <!-- Teardown -->
      </class> <!-- com.md.testcases.QuickQuotesTest -->
    </test> <!-- Default test -->
  </suite> <!-- Default suite -->
</testng-results>
