<?xml version="1.0" encoding="UTF-8"?>
<testng-results skipped="0" failed="0" ignored="0" total="19" passed="19">
  <reporter-output>
  </reporter-output>
  <suite name="Default suite" duration-ms="843340" started-at="2022-04-06T20:10:07 IST" finished-at="2022-04-06T20:24:10 IST">
    <groups>
    </groups>
    <test name="Default test" duration-ms="843340" started-at="2022-04-06T20:10:07 IST" finished-at="2022-04-06T20:24:10 IST">
      <class name="com.md.testcases.QuickQuotesTest">
        <test-method status="PASS" signature="QQSetUp()[pri:0, instance:com.md.testcases.QuickQuotesTest@64485a47]" name="QQSetUp" is-config="true" duration-ms="31554" started-at="2022-04-06T20:10:07 IST" finished-at="2022-04-06T20:10:38 IST">
          <reporter-output>
          </reporter-output>
        </test-method> <!-- QQSetUp -->
        <test-method status="PASS" signature="Test()[pri:0, instance:com.md.testcases.QuickQuotesTest@64485a47]" name="Test" is-config="true" duration-ms="5414" started-at="2022-04-06T20:10:38 IST" finished-at="2022-04-06T20:10:44 IST">
          <reporter-output>
          </reporter-output>
        </test-method> <!-- Test -->
        <test-method status="PASS" signature="qq_VerifyTitleTest()[pri:1, instance:com.md.testcases.QuickQuotesTest@64485a47]" name="qq_VerifyTitleTest" duration-ms="29" started-at="2022-04-06T20:10:44 IST" finished-at="2022-04-06T20:10:44 IST">
          <reporter-output>
          </reporter-output>
        </test-method> <!-- qq_VerifyTitleTest -->
        <test-method status="PASS" signature="Test()[pri:0, instance:com.md.testcases.QuickQuotesTest@64485a47]" name="Test" is-config="true" duration-ms="5470" started-at="2022-04-06T20:10:44 IST" finished-at="2022-04-06T20:10:49 IST">
          <reporter-output>
          </reporter-output>
        </test-method> <!-- Test -->
        <test-method status="PASS" signature="qq_VerifyUserName()[pri:2, instance:com.md.testcases.QuickQuotesTest@64485a47]" name="qq_VerifyUserName" duration-ms="67" started-at="2022-04-06T20:10:49 IST" finished-at="2022-04-06T20:10:49 IST">
          <reporter-output>
          </reporter-output>
        </test-method> <!-- qq_VerifyUserName -->
        <test-method status="PASS" signature="Test()[pri:0, instance:com.md.testcases.QuickQuotesTest@64485a47]" name="Test" is-config="true" duration-ms="5392" started-at="2022-04-06T20:10:49 IST" finished-at="2022-04-06T20:10:55 IST">
          <reporter-output>
          </reporter-output>
        </test-method> <!-- Test -->
        <test-method status="PASS" signature="qq_VerifyCompanyLogo()[pri:3, instance:com.md.testcases.QuickQuotesTest@64485a47]" name="qq_VerifyCompanyLogo" duration-ms="39" started-at="2022-04-06T20:10:55 IST" finished-at="2022-04-06T20:10:55 IST">
          <reporter-output>
          </reporter-output>
        </test-method> <!-- qq_VerifyCompanyLogo -->
        <test-method status="PASS" signature="Test()[pri:0, instance:com.md.testcases.QuickQuotesTest@64485a47]" name="Test" is-config="true" duration-ms="5392" started-at="2022-04-06T20:10:55 IST" finished-at="2022-04-06T20:11:00 IST">
          <reporter-output>
          </reporter-output>
        </test-method> <!-- Test -->
        <test-method status="PASS" signature="qq_VerifyValidationMessageOnNamefield()[pri:4, instance:com.md.testcases.QuickQuotesTest@64485a47]" name="qq_VerifyValidationMessageOnNamefield" duration-ms="15247" started-at="2022-04-06T20:11:00 IST" finished-at="2022-04-06T20:11:15 IST">
          <reporter-output>
          </reporter-output>
        </test-method> <!-- qq_VerifyValidationMessageOnNamefield -->
        <test-method status="PASS" signature="Test()[pri:0, instance:com.md.testcases.QuickQuotesTest@64485a47]" name="Test" is-config="true" duration-ms="5596" started-at="2022-04-06T20:11:15 IST" finished-at="2022-04-06T20:11:21 IST">
          <reporter-output>
          </reporter-output>
        </test-method> <!-- Test -->
        <test-method status="PASS" signature="qq_VerifyGetQuoteButtonIsDisable()[pri:5, instance:com.md.testcases.QuickQuotesTest@64485a47]" name="qq_VerifyGetQuoteButtonIsDisable" duration-ms="2297" started-at="2022-04-06T20:11:21 IST" finished-at="2022-04-06T20:11:23 IST">
          <reporter-output>
          </reporter-output>
        </test-method> <!-- qq_VerifyGetQuoteButtonIsDisable -->
        <test-method status="PASS" signature="Test()[pri:0, instance:com.md.testcases.QuickQuotesTest@64485a47]" name="Test" is-config="true" duration-ms="5377" started-at="2022-04-06T20:11:23 IST" finished-at="2022-04-06T20:11:29 IST">
          <reporter-output>
          </reporter-output>
        </test-method> <!-- Test -->
        <test-method status="PASS" signature="qq_VerifyToasterMessage()[pri:6, instance:com.md.testcases.QuickQuotesTest@64485a47]" name="qq_VerifyToasterMessage" duration-ms="4502" started-at="2022-04-06T20:11:29 IST" finished-at="2022-04-06T20:11:33 IST">
          <reporter-output>
          </reporter-output>
        </test-method> <!-- qq_VerifyToasterMessage -->
        <test-method status="PASS" signature="Test()[pri:0, instance:com.md.testcases.QuickQuotesTest@64485a47]" name="Test" is-config="true" duration-ms="5436" started-at="2022-04-06T20:11:33 IST" finished-at="2022-04-06T20:11:39 IST">
          <reporter-output>
          </reporter-output>
        </test-method> <!-- Test -->
        <test-method status="PASS" signature="qq_VerifyQuotebyName()[pri:7, instance:com.md.testcases.QuickQuotesTest@64485a47]" name="qq_VerifyQuotebyName" duration-ms="6093" started-at="2022-04-06T20:11:39 IST" finished-at="2022-04-06T20:11:45 IST">
          <reporter-output>
          </reporter-output>
        </test-method> <!-- qq_VerifyQuotebyName -->
        <test-method status="PASS" signature="Test()[pri:0, instance:com.md.testcases.QuickQuotesTest@64485a47]" name="Test" is-config="true" duration-ms="5336" started-at="2022-04-06T20:11:45 IST" finished-at="2022-04-06T20:11:50 IST">
          <reporter-output>
          </reporter-output>
        </test-method> <!-- Test -->
        <test-method status="PASS" signature="qq_VerifyEditContent()[pri:8, instance:com.md.testcases.QuickQuotesTest@64485a47]" name="qq_VerifyEditContent" duration-ms="12971" started-at="2022-04-06T20:11:50 IST" finished-at="2022-04-06T20:12:03 IST">
          <reporter-output>
          </reporter-output>
        </test-method> <!-- qq_VerifyEditContent -->
        <test-method status="PASS" signature="Test()[pri:0, instance:com.md.testcases.QuickQuotesTest@64485a47]" name="Test" is-config="true" duration-ms="5474" started-at="2022-04-06T20:12:03 IST" finished-at="2022-04-06T20:12:08 IST">
          <reporter-output>
          </reporter-output>
        </test-method> <!-- Test -->
        <test-method status="PASS" signature="qq_VerifyDeleteQuote()[pri:9, instance:com.md.testcases.QuickQuotesTest@64485a47]" name="qq_VerifyDeleteQuote" duration-ms="12635" started-at="2022-04-06T20:12:08 IST" finished-at="2022-04-06T20:12:21 IST">
          <reporter-output>
          </reporter-output>
        </test-method> <!-- qq_VerifyDeleteQuote -->
        <test-method status="PASS" signature="Test()[pri:0, instance:com.md.testcases.QuickQuotesTest@64485a47]" name="Test" is-config="true" duration-ms="5371" started-at="2022-04-06T20:12:21 IST" finished-at="2022-04-06T20:12:26 IST">
          <reporter-output>
          </reporter-output>
        </test-method> <!-- Test -->
        <test-method status="PASS" signature="qq_VerifyParticpantAddedFromGroup()[pri:10, instance:com.md.testcases.QuickQuotesTest@64485a47]" name="qq_VerifyParticpantAddedFromGroup" duration-ms="11956" started-at="2022-04-06T20:12:26 IST" finished-at="2022-04-06T20:12:38 IST">
          <reporter-output>
          </reporter-output>
        </test-method> <!-- qq_VerifyParticpantAddedFromGroup -->
        <test-method status="PASS" signature="Test()[pri:0, instance:com.md.testcases.QuickQuotesTest@64485a47]" name="Test" is-config="true" duration-ms="5443" started-at="2022-04-06T20:12:38 IST" finished-at="2022-04-06T20:12:44 IST">
          <reporter-output>
          </reporter-output>
        </test-method> <!-- Test -->
        <test-method status="PASS" signature="qq_VerfiyQQEventWithAllDetails()[pri:11, instance:com.md.testcases.QuickQuotesTest@64485a47]" name="qq_VerfiyQQEventWithAllDetails" duration-ms="17477" started-at="2022-04-06T20:12:44 IST" finished-at="2022-04-06T20:13:01 IST">
          <reporter-output>
          </reporter-output>
        </test-method> <!-- qq_VerfiyQQEventWithAllDetails -->
        <test-method status="PASS" signature="Test()[pri:0, instance:com.md.testcases.QuickQuotesTest@64485a47]" name="Test" is-config="true" duration-ms="5430" started-at="2022-04-06T20:13:01 IST" finished-at="2022-04-06T20:13:07 IST">
          <reporter-output>
          </reporter-output>
        </test-method> <!-- Test -->
        <test-method status="PASS" signature="qq_VerifyCreateMessageinSandpit()[pri:12, instance:com.md.testcases.QuickQuotesTest@64485a47]" name="qq_VerifyCreateMessageinSandpit" duration-ms="172890" started-at="2022-04-06T20:13:07 IST" finished-at="2022-04-06T20:16:00 IST">
          <reporter-output>
          </reporter-output>
        </test-method> <!-- qq_VerifyCreateMessageinSandpit -->
        <test-method status="PASS" signature="Test()[pri:0, instance:com.md.testcases.QuickQuotesTest@64485a47]" name="Test" is-config="true" duration-ms="5395" started-at="2022-04-06T20:16:00 IST" finished-at="2022-04-06T20:16:05 IST">
          <reporter-output>
          </reporter-output>
        </test-method> <!-- Test -->
        <test-method status="PASS" signature="qq_VerfiyEditQQEvent()[pri:13, instance:com.md.testcases.QuickQuotesTest@64485a47]" name="qq_VerfiyEditQQEvent" duration-ms="123490" started-at="2022-04-06T20:16:05 IST" finished-at="2022-04-06T20:18:09 IST">
          <reporter-output>
          </reporter-output>
        </test-method> <!-- qq_VerfiyEditQQEvent -->
        <test-method status="PASS" signature="Test()[pri:0, instance:com.md.testcases.QuickQuotesTest@64485a47]" name="Test" is-config="true" duration-ms="5454" started-at="2022-04-06T20:18:09 IST" finished-at="2022-04-06T20:18:14 IST">
          <reporter-output>
          </reporter-output>
        </test-method> <!-- Test -->
        <test-method status="PASS" signature="qq_VerifySearchQuote()[pri:14, instance:com.md.testcases.QuickQuotesTest@64485a47]" name="qq_VerifySearchQuote" duration-ms="11573" started-at="2022-04-06T20:18:14 IST" finished-at="2022-04-06T20:18:26 IST">
          <reporter-output>
          </reporter-output>
        </test-method> <!-- qq_VerifySearchQuote -->
        <test-method status="PASS" signature="Test()[pri:0, instance:com.md.testcases.QuickQuotesTest@64485a47]" name="Test" is-config="true" duration-ms="5333" started-at="2022-04-06T20:18:26 IST" finished-at="2022-04-06T20:18:31 IST">
          <reporter-output>
          </reporter-output>
        </test-method> <!-- Test -->
        <test-method status="PASS" signature="qq_VerifyQuestionnaireAndAllowResubmissioninSandpit()[pri:15, instance:com.md.testcases.QuickQuotesTest@64485a47]" name="qq_VerifyQuestionnaireAndAllowResubmissioninSandpit" duration-ms="244218" started-at="2022-04-06T20:18:31 IST" finished-at="2022-04-06T20:22:35 IST">
          <reporter-output>
          </reporter-output>
        </test-method> <!-- qq_VerifyQuestionnaireAndAllowResubmissioninSandpit -->
        <test-method status="PASS" signature="Test()[pri:0, instance:com.md.testcases.QuickQuotesTest@64485a47]" name="Test" is-config="true" duration-ms="5470" started-at="2022-04-06T20:22:35 IST" finished-at="2022-04-06T20:22:41 IST">
          <reporter-output>
          </reporter-output>
        </test-method> <!-- Test -->
        <test-method status="PASS" signature="qq_VerifyClosedReopenEvent()[pri:16, instance:com.md.testcases.QuickQuotesTest@64485a47]" name="qq_VerifyClosedReopenEvent" duration-ms="19610" started-at="2022-04-06T20:22:41 IST" finished-at="2022-04-06T20:23:00 IST">
          <reporter-output>
          </reporter-output>
        </test-method> <!-- qq_VerifyClosedReopenEvent -->
        <test-method status="PASS" signature="Test()[pri:0, instance:com.md.testcases.QuickQuotesTest@64485a47]" name="Test" is-config="true" duration-ms="5480" started-at="2022-04-06T20:23:00 IST" finished-at="2022-04-06T20:23:06 IST">
          <reporter-output>
          </reporter-output>
        </test-method> <!-- Test -->
        <test-method status="PASS" signature="qq_VerifyCKEditor()[pri:17, instance:com.md.testcases.QuickQuotesTest@64485a47]" name="qq_VerifyCKEditor" duration-ms="7181" started-at="2022-04-06T20:23:06 IST" finished-at="2022-04-06T20:23:13 IST">
          <reporter-output>
          </reporter-output>
        </test-method> <!-- qq_VerifyCKEditor -->
        <test-method status="PASS" signature="Test()[pri:0, instance:com.md.testcases.QuickQuotesTest@64485a47]" name="Test" is-config="true" duration-ms="5466" started-at="2022-04-06T20:23:13 IST" finished-at="2022-04-06T20:23:18 IST">
          <reporter-output>
          </reporter-output>
        </test-method> <!-- Test -->
        <test-method status="PASS" signature="qq_VerifyAwardLotPopup()[pri:18, instance:com.md.testcases.QuickQuotesTest@64485a47]" name="qq_VerifyAwardLotPopup" duration-ms="21681" started-at="2022-04-06T20:23:18 IST" finished-at="2022-04-06T20:23:40 IST">
          <reporter-output>
          </reporter-output>
        </test-method> <!-- qq_VerifyAwardLotPopup -->
        <test-method status="PASS" signature="Test()[pri:0, instance:com.md.testcases.QuickQuotesTest@64485a47]" name="Test" is-config="true" duration-ms="5482" started-at="2022-04-06T20:23:40 IST" finished-at="2022-04-06T20:23:45 IST">
          <reporter-output>
          </reporter-output>
        </test-method> <!-- Test -->
        <test-method status="PASS" signature="qq_VerifyCurrencySymbol()[pri:19, instance:com.md.testcases.QuickQuotesTest@64485a47]" name="qq_VerifyCurrencySymbol" duration-ms="24086" started-at="2022-04-06T20:23:45 IST" finished-at="2022-04-06T20:24:10 IST">
          <reporter-output>
          </reporter-output>
        </test-method> <!-- qq_VerifyCurrencySymbol -->
        <test-method status="PASS" signature="Teardown()[pri:0, instance:com.md.testcases.QuickQuotesTest@64485a47]" name="Teardown" is-config="true" duration-ms="461" started-at="2022-04-06T20:24:10 IST" finished-at="2022-04-06T20:24:10 IST">
          <reporter-output>
          </reporter-output>
        </test-method> <!-- Teardown -->
      </class> <!-- com.md.testcases.QuickQuotesTest -->
    </test> <!-- Default test -->
  </suite> <!-- Default suite -->
</testng-results>
