<?xml version="1.0" encoding="UTF-8"?>
<testng-results skipped="0" failed="0" ignored="0" total="1" passed="1">
  <reporter-output>
  </reporter-output>
  <suite name="Default suite" duration-ms="288942" started-at="2022-01-12T18:45:22 IST" finished-at="2022-01-12T18:50:11 IST">
    <groups>
    </groups>
    <test name="Default test" duration-ms="288942" started-at="2022-01-12T18:45:22 IST" finished-at="2022-01-12T18:50:11 IST">
      <class name="com.md.testcases.QuickQuotesTest">
        <test-method status="PASS" signature="QQSetUp()[pri:0, instance:com.md.testcases.QuickQuotesTest@6950e31]" name="QQSetUp" is-config="true" duration-ms="39970" started-at="2022-01-12T18:45:22 IST" finished-at="2022-01-12T18:46:02 IST">
          <reporter-output>
          </reporter-output>
        </test-method> <!-- QQSetUp -->
        <test-method status="PASS" signature="Test()[pri:0, instance:com.md.testcases.QuickQuotesTest@6950e31]" name="Test" is-config="true" duration-ms="4900" started-at="2022-01-12T18:46:02 IST" finished-at="2022-01-12T18:46:07 IST">
          <reporter-output>
          </reporter-output>
        </test-method> <!-- Test -->
        <test-method status="PASS" signature="qq_VerifyQuestionnaireAndAllowResubmissioninSandpit()[pri:15, instance:com.md.testcases.QuickQuotesTest@6950e31]" name="qq_VerifyQuestionnaireAndAllowResubmissioninSandpit" duration-ms="244016" started-at="2022-01-12T18:46:07 IST" finished-at="2022-01-12T18:50:11 IST">
          <reporter-output>
          </reporter-output>
        </test-method> <!-- qq_VerifyQuestionnaireAndAllowResubmissioninSandpit -->
      </class> <!-- com.md.testcases.QuickQuotesTest -->
    </test> <!-- Default test -->
  </suite> <!-- Default suite -->
</testng-results>
