<?xml version="1.0" encoding="UTF-8"?>
<testng-results skipped="0" failed="0" ignored="0" total="18" passed="18">
  <reporter-output>
  </reporter-output>
  <suite name="Default suite" duration-ms="627090" started-at="2022-05-17T16:54:46 IST" finished-at="2022-05-17T17:05:13 IST">
    <groups>
    </groups>
    <test name="Default test" duration-ms="627090" started-at="2022-05-17T16:54:46 IST" finished-at="2022-05-17T17:05:13 IST">
      <class name="com.md.testcases.QuickQuotesTest">
        <test-method status="PASS" signature="QQSetUp()[pri:0, instance:com.md.testcases.QuickQuotesTest@6babf3bf]" name="QQSetUp" is-config="true" duration-ms="29495" started-at="2022-05-17T16:54:46 IST" finished-at="2022-05-17T16:55:16 IST">
          <reporter-output>
          </reporter-output>
        </test-method> <!-- QQSetUp -->
        <test-method status="PASS" signature="Test()[pri:0, instance:com.md.testcases.QuickQuotesTest@6babf3bf]" name="Test" is-config="true" duration-ms="5445" started-at="2022-05-17T16:55:16 IST" finished-at="2022-05-17T16:55:21 IST">
          <reporter-output>
          </reporter-output>
        </test-method> <!-- Test -->
        <test-method status="PASS" signature="qq_VerifyTitleTest()[pri:1, instance:com.md.testcases.QuickQuotesTest@6babf3bf]" name="qq_VerifyTitleTest" duration-ms="28" started-at="2022-05-17T16:55:21 IST" finished-at="2022-05-17T16:55:21 IST">
          <reporter-output>
          </reporter-output>
        </test-method> <!-- qq_VerifyTitleTest -->
        <test-method status="PASS" signature="Test()[pri:0, instance:com.md.testcases.QuickQuotesTest@6babf3bf]" name="Test" is-config="true" duration-ms="5406" started-at="2022-05-17T16:55:21 IST" finished-at="2022-05-17T16:55:27 IST">
          <reporter-output>
          </reporter-output>
        </test-method> <!-- Test -->
        <test-method status="PASS" signature="qq_VerifyUserName()[pri:2, instance:com.md.testcases.QuickQuotesTest@6babf3bf]" name="qq_VerifyUserName" duration-ms="42" started-at="2022-05-17T16:55:27 IST" finished-at="2022-05-17T16:55:27 IST">
          <reporter-output>
          </reporter-output>
        </test-method> <!-- qq_VerifyUserName -->
        <test-method status="PASS" signature="Test()[pri:0, instance:com.md.testcases.QuickQuotesTest@6babf3bf]" name="Test" is-config="true" duration-ms="5364" started-at="2022-05-17T16:55:27 IST" finished-at="2022-05-17T16:55:32 IST">
          <reporter-output>
          </reporter-output>
        </test-method> <!-- Test -->
        <test-method status="PASS" signature="qq_VerifyCompanyLogo()[pri:3, instance:com.md.testcases.QuickQuotesTest@6babf3bf]" name="qq_VerifyCompanyLogo" duration-ms="42" started-at="2022-05-17T16:55:32 IST" finished-at="2022-05-17T16:55:32 IST">
          <reporter-output>
          </reporter-output>
        </test-method> <!-- qq_VerifyCompanyLogo -->
        <test-method status="PASS" signature="Test()[pri:0, instance:com.md.testcases.QuickQuotesTest@6babf3bf]" name="Test" is-config="true" duration-ms="5372" started-at="2022-05-17T16:55:32 IST" finished-at="2022-05-17T16:55:37 IST">
          <reporter-output>
          </reporter-output>
        </test-method> <!-- Test -->
        <test-method status="PASS" signature="qq_VerifyValidationMessageOnNamefield()[pri:4, instance:com.md.testcases.QuickQuotesTest@6babf3bf]" name="qq_VerifyValidationMessageOnNamefield" duration-ms="15323" started-at="2022-05-17T16:55:37 IST" finished-at="2022-05-17T16:55:53 IST">
          <reporter-output>
          </reporter-output>
        </test-method> <!-- qq_VerifyValidationMessageOnNamefield -->
        <test-method status="PASS" signature="Test()[pri:0, instance:com.md.testcases.QuickQuotesTest@6babf3bf]" name="Test" is-config="true" duration-ms="5585" started-at="2022-05-17T16:55:53 IST" finished-at="2022-05-17T16:55:58 IST">
          <reporter-output>
          </reporter-output>
        </test-method> <!-- Test -->
        <test-method status="PASS" signature="qq_VerifyGetQuoteButtonIsDisable()[pri:5, instance:com.md.testcases.QuickQuotesTest@6babf3bf]" name="qq_VerifyGetQuoteButtonIsDisable" duration-ms="2246" started-at="2022-05-17T16:55:58 IST" finished-at="2022-05-17T16:56:01 IST">
          <reporter-output>
          </reporter-output>
        </test-method> <!-- qq_VerifyGetQuoteButtonIsDisable -->
        <test-method status="PASS" signature="Test()[pri:0, instance:com.md.testcases.QuickQuotesTest@6babf3bf]" name="Test" is-config="true" duration-ms="5443" started-at="2022-05-17T16:56:01 IST" finished-at="2022-05-17T16:56:06 IST">
          <reporter-output>
          </reporter-output>
        </test-method> <!-- Test -->
        <test-method status="PASS" signature="qq_VerifyToasterMessage()[pri:6, instance:com.md.testcases.QuickQuotesTest@6babf3bf]" name="qq_VerifyToasterMessage" duration-ms="4204" started-at="2022-05-17T16:56:06 IST" finished-at="2022-05-17T16:56:10 IST">
          <reporter-output>
          </reporter-output>
        </test-method> <!-- qq_VerifyToasterMessage -->
        <test-method status="PASS" signature="Test()[pri:0, instance:com.md.testcases.QuickQuotesTest@6babf3bf]" name="Test" is-config="true" duration-ms="5406" started-at="2022-05-17T16:56:10 IST" finished-at="2022-05-17T16:56:16 IST">
          <reporter-output>
          </reporter-output>
        </test-method> <!-- Test -->
        <test-method status="PASS" signature="qq_VerifyQuotebyName()[pri:7, instance:com.md.testcases.QuickQuotesTest@6babf3bf]" name="qq_VerifyQuotebyName" duration-ms="5753" started-at="2022-05-17T16:56:16 IST" finished-at="2022-05-17T16:56:21 IST">
          <reporter-output>
          </reporter-output>
        </test-method> <!-- qq_VerifyQuotebyName -->
        <test-method status="PASS" signature="Test()[pri:0, instance:com.md.testcases.QuickQuotesTest@6babf3bf]" name="Test" is-config="true" duration-ms="5351" started-at="2022-05-17T16:56:21 IST" finished-at="2022-05-17T16:56:27 IST">
          <reporter-output>
          </reporter-output>
        </test-method> <!-- Test -->
        <test-method status="PASS" signature="qq_VerifyEditContent()[pri:8, instance:com.md.testcases.QuickQuotesTest@6babf3bf]" name="qq_VerifyEditContent" duration-ms="12878" started-at="2022-05-17T16:56:27 IST" finished-at="2022-05-17T16:56:40 IST">
          <reporter-output>
          </reporter-output>
        </test-method> <!-- qq_VerifyEditContent -->
        <test-method status="PASS" signature="Test()[pri:0, instance:com.md.testcases.QuickQuotesTest@6babf3bf]" name="Test" is-config="true" duration-ms="5454" started-at="2022-05-17T16:56:40 IST" finished-at="2022-05-17T16:56:45 IST">
          <reporter-output>
          </reporter-output>
        </test-method> <!-- Test -->
        <test-method status="PASS" signature="qq_VerifyDeleteQuote()[pri:9, instance:com.md.testcases.QuickQuotesTest@6babf3bf]" name="qq_VerifyDeleteQuote" duration-ms="12689" started-at="2022-05-17T16:56:45 IST" finished-at="2022-05-17T16:56:58 IST">
          <reporter-output>
          </reporter-output>
        </test-method> <!-- qq_VerifyDeleteQuote -->
        <test-method status="PASS" signature="Test()[pri:0, instance:com.md.testcases.QuickQuotesTest@6babf3bf]" name="Test" is-config="true" duration-ms="5493" started-at="2022-05-17T16:56:58 IST" finished-at="2022-05-17T16:57:03 IST">
          <reporter-output>
          </reporter-output>
        </test-method> <!-- Test -->
        <test-method status="PASS" signature="qq_VerifyParticpantAddedFromGroup()[pri:10, instance:com.md.testcases.QuickQuotesTest@6babf3bf]" name="qq_VerifyParticpantAddedFromGroup" duration-ms="11974" started-at="2022-05-17T16:57:03 IST" finished-at="2022-05-17T16:57:15 IST">
          <reporter-output>
          </reporter-output>
        </test-method> <!-- qq_VerifyParticpantAddedFromGroup -->
        <test-method status="PASS" signature="Test()[pri:0, instance:com.md.testcases.QuickQuotesTest@6babf3bf]" name="Test" is-config="true" duration-ms="5428" started-at="2022-05-17T16:57:15 IST" finished-at="2022-05-17T16:57:21 IST">
          <reporter-output>
          </reporter-output>
        </test-method> <!-- Test -->
        <test-method status="PASS" signature="qq_VerifyCKEditor()[pri:11, instance:com.md.testcases.QuickQuotesTest@6babf3bf]" name="qq_VerifyCKEditor" duration-ms="6864" started-at="2022-05-17T16:57:21 IST" finished-at="2022-05-17T16:57:28 IST">
          <reporter-output>
          </reporter-output>
        </test-method> <!-- qq_VerifyCKEditor -->
        <test-method status="PASS" signature="Test()[pri:0, instance:com.md.testcases.QuickQuotesTest@6babf3bf]" name="Test" is-config="true" duration-ms="5435" started-at="2022-05-17T16:57:28 IST" finished-at="2022-05-17T16:57:33 IST">
          <reporter-output>
          </reporter-output>
        </test-method> <!-- Test -->
        <test-method status="PASS" signature="qq_VerfiyEditQQEvent()[pri:12, instance:com.md.testcases.QuickQuotesTest@6babf3bf]" name="qq_VerfiyEditQQEvent" duration-ms="51218" started-at="2022-05-17T16:57:33 IST" finished-at="2022-05-17T16:58:24 IST">
          <reporter-output>
          </reporter-output>
        </test-method> <!-- qq_VerfiyEditQQEvent -->
        <test-method status="PASS" signature="Test()[pri:0, instance:com.md.testcases.QuickQuotesTest@6babf3bf]" name="Test" is-config="true" duration-ms="5455" started-at="2022-05-17T16:58:24 IST" finished-at="2022-05-17T16:58:30 IST">
          <reporter-output>
          </reporter-output>
        </test-method> <!-- Test -->
        <test-method status="PASS" signature="qq_VerifyQuestionnaireAndAllowResubmissioninSandpit()[pri:13, instance:com.md.testcases.QuickQuotesTest@6babf3bf]" name="qq_VerifyQuestionnaireAndAllowResubmissioninSandpit" duration-ms="280025" started-at="2022-05-17T16:58:30 IST" finished-at="2022-05-17T17:03:10 IST">
          <reporter-output>
          </reporter-output>
        </test-method> <!-- qq_VerifyQuestionnaireAndAllowResubmissioninSandpit -->
        <test-method status="PASS" signature="Test()[pri:0, instance:com.md.testcases.QuickQuotesTest@6babf3bf]" name="Test" is-config="true" duration-ms="5454" started-at="2022-05-17T17:03:10 IST" finished-at="2022-05-17T17:03:15 IST">
          <reporter-output>
          </reporter-output>
        </test-method> <!-- Test -->
        <test-method status="PASS" signature="qq_VerifyCurrencySymbol()[pri:14, instance:com.md.testcases.QuickQuotesTest@6babf3bf]" name="qq_VerifyCurrencySymbol" duration-ms="23911" started-at="2022-05-17T17:03:15 IST" finished-at="2022-05-17T17:03:39 IST">
          <reporter-output>
          </reporter-output>
        </test-method> <!-- qq_VerifyCurrencySymbol -->
        <test-method status="PASS" signature="Test()[pri:0, instance:com.md.testcases.QuickQuotesTest@6babf3bf]" name="Test" is-config="true" duration-ms="5392" started-at="2022-05-17T17:03:39 IST" finished-at="2022-05-17T17:03:44 IST">
          <reporter-output>
          </reporter-output>
        </test-method> <!-- Test -->
        <test-method status="PASS" signature="qq_VerfiyQQEventWithAllDetails()[pri:15, instance:com.md.testcases.QuickQuotesTest@6babf3bf]" name="qq_VerfiyQQEventWithAllDetails" duration-ms="17178" started-at="2022-05-17T17:03:44 IST" finished-at="2022-05-17T17:04:02 IST">
          <reporter-output>
          </reporter-output>
        </test-method> <!-- qq_VerfiyQQEventWithAllDetails -->
        <test-method status="PASS" signature="Test()[pri:0, instance:com.md.testcases.QuickQuotesTest@6babf3bf]" name="Test" is-config="true" duration-ms="5355" started-at="2022-05-17T17:04:02 IST" finished-at="2022-05-17T17:04:07 IST">
          <reporter-output>
          </reporter-output>
        </test-method> <!-- Test -->
        <test-method status="PASS" signature="qq_VerifyClosedReopenEvent()[pri:16, instance:com.md.testcases.QuickQuotesTest@6babf3bf]" name="qq_VerifyClosedReopenEvent" duration-ms="20338" started-at="2022-05-17T17:04:07 IST" finished-at="2022-05-17T17:04:27 IST">
          <reporter-output>
          </reporter-output>
        </test-method> <!-- qq_VerifyClosedReopenEvent -->
        <test-method status="PASS" signature="Test()[pri:0, instance:com.md.testcases.QuickQuotesTest@6babf3bf]" name="Test" is-config="true" duration-ms="5383" started-at="2022-05-17T17:04:27 IST" finished-at="2022-05-17T17:04:33 IST">
          <reporter-output>
          </reporter-output>
        </test-method> <!-- Test -->
        <test-method status="PASS" signature="qq_VerifyAwardLotPopup()[pri:17, instance:com.md.testcases.QuickQuotesTest@6babf3bf]" name="qq_VerifyAwardLotPopup" duration-ms="23133" started-at="2022-05-17T17:04:33 IST" finished-at="2022-05-17T17:04:56 IST">
          <reporter-output>
          </reporter-output>
        </test-method> <!-- qq_VerifyAwardLotPopup -->
        <test-method status="PASS" signature="Test()[pri:0, instance:com.md.testcases.QuickQuotesTest@6babf3bf]" name="Test" is-config="true" duration-ms="5424" started-at="2022-05-17T17:04:56 IST" finished-at="2022-05-17T17:05:01 IST">
          <reporter-output>
          </reporter-output>
        </test-method> <!-- Test -->
        <test-method status="PASS" signature="qq_VerifySearchQuote()[pri:18, instance:com.md.testcases.QuickQuotesTest@6babf3bf]" name="qq_VerifySearchQuote" duration-ms="11603" started-at="2022-05-17T17:05:01 IST" finished-at="2022-05-17T17:05:13 IST">
          <reporter-output>
          </reporter-output>
        </test-method> <!-- qq_VerifySearchQuote -->
        <test-method status="PASS" signature="Teardown()[pri:0, instance:com.md.testcases.QuickQuotesTest@6babf3bf]" name="Teardown" is-config="true" duration-ms="422" started-at="2022-05-17T17:05:13 IST" finished-at="2022-05-17T17:05:13 IST">
          <reporter-output>
          </reporter-output>
        </test-method> <!-- Teardown -->
      </class> <!-- com.md.testcases.QuickQuotesTest -->
    </test> <!-- Default test -->
  </suite> <!-- Default suite -->
</testng-results>
