<?xml version="1.0" encoding="UTF-8"?>
<testng-results skipped="0" failed="0" ignored="0" total="5" passed="5">
  <reporter-output>
  </reporter-output>
  <suite name="Suite" duration-ms="345062" started-at="2021-10-19T17:08:20 IST" finished-at="2021-10-19T17:14:05 IST">
    <groups>
    </groups>
    <test name="Test" duration-ms="345062" started-at="2021-10-19T17:08:20 IST" finished-at="2021-10-19T17:14:05 IST">
      <class name="com.md.testcases.ContractTest">
        <test-method status="PASS" signature="setUp()[pri:0, instance:com.md.testcases.ContractTest@5cee5251]" name="setUp" is-config="true" duration-ms="50689" started-at="2021-10-19T17:08:20 IST" finished-at="2021-10-19T17:09:11 IST">
          <reporter-output>
          </reporter-output>
        </test-method> <!-- setUp -->
        <test-method status="PASS" signature="contract_VerifyUserIsAbleToAddContract()[pri:11, instance:com.md.testcases.ContractTest@5cee5251]" name="contract_VerifyUserIsAbleToAddContract" duration-ms="135101" started-at="2021-10-19T17:09:11 IST" finished-at="2021-10-19T17:11:26 IST">
          <reporter-output>
          </reporter-output>
        </test-method> <!-- contract_VerifyUserIsAbleToAddContract -->
        <test-method status="PASS" signature="contract_VerifyHeadingOnContractListingPage()[pri:12, instance:com.md.testcases.ContractTest@5cee5251]" name="contract_VerifyHeadingOnContractListingPage" duration-ms="37592" started-at="2021-10-19T17:11:26 IST" finished-at="2021-10-19T17:12:03 IST">
          <reporter-output>
          </reporter-output>
        </test-method> <!-- contract_VerifyHeadingOnContractListingPage -->
        <test-method status="PASS" signature="contract_VerifyUserIsAbleToSearchContract()[pri:13, instance:com.md.testcases.ContractTest@5cee5251]" name="contract_VerifyUserIsAbleToSearchContract" duration-ms="37979" started-at="2021-10-19T17:12:03 IST" finished-at="2021-10-19T17:12:41 IST">
          <reporter-output>
          </reporter-output>
        </test-method> <!-- contract_VerifyUserIsAbleToSearchContract -->
        <test-method status="PASS" signature="contract_VerifyAlertMsgOnSearchingContracts()[pri:14, instance:com.md.testcases.ContractTest@5cee5251]" name="contract_VerifyAlertMsgOnSearchingContracts" duration-ms="42312" started-at="2021-10-19T17:12:41 IST" finished-at="2021-10-19T17:13:24 IST">
          <reporter-output>
          </reporter-output>
        </test-method> <!-- contract_VerifyAlertMsgOnSearchingContracts -->
        <test-method status="PASS" signature="contract_VerifySearchContractUsingTitle()[pri:15, instance:com.md.testcases.ContractTest@5cee5251]" name="contract_VerifySearchContractUsingTitle" duration-ms="40925" started-at="2021-10-19T17:13:24 IST" finished-at="2021-10-19T17:14:04 IST">
          <reporter-output>
          </reporter-output>
        </test-method> <!-- contract_VerifySearchContractUsingTitle -->
        <test-method status="PASS" signature="Teardown()[pri:0, instance:com.md.testcases.ContractTest@5cee5251]" name="Teardown" is-config="true" duration-ms="423" started-at="2021-10-19T17:14:04 IST" finished-at="2021-10-19T17:14:05 IST">
          <reporter-output>
          </reporter-output>
        </test-method> <!-- Teardown -->
      </class> <!-- com.md.testcases.ContractTest -->
    </test> <!-- Test -->
  </suite> <!-- Suite -->
</testng-results>
