<?xml version="1.0" encoding="UTF-8"?>
<testng-results skipped="0" failed="0" ignored="0" total="3" passed="3">
  <reporter-output>
  </reporter-output>
  <suite name="Suite" duration-ms="315998" started-at="2021-10-25T14:40:02 IST" finished-at="2021-10-25T14:45:18 IST">
    <groups>
    </groups>
    <test name="Test" duration-ms="315998" started-at="2021-10-25T14:40:02 IST" finished-at="2021-10-25T14:45:18 IST">
      <class name="com.md.testcases.ContractTest">
        <test-method status="PASS" signature="setUp()[pri:0, instance:com.md.testcases.ContractTest@7ed7259e]" name="setUp" is-config="true" duration-ms="73927" started-at="2021-10-25T14:41:36 IST" finished-at="2021-10-25T14:42:50 IST">
          <reporter-output>
          </reporter-output>
        </test-method> <!-- setUp -->
        <test-method status="PASS" signature="contract_VerifyUserIsAbleToAddContract()[pri:11, instance:com.md.testcases.ContractTest@7ed7259e]" name="contract_VerifyUserIsAbleToAddContract" duration-ms="113841" started-at="2021-10-25T14:42:50 IST" finished-at="2021-10-25T14:44:44 IST">
          <reporter-output>
          </reporter-output>
        </test-method> <!-- contract_VerifyUserIsAbleToAddContract -->
        <test-method status="PASS" signature="contract_VerifyHeadingOnContractListingPage()[pri:12, instance:com.md.testcases.ContractTest@7ed7259e]" name="contract_VerifyHeadingOnContractListingPage" duration-ms="33598" started-at="2021-10-25T14:44:44 IST" finished-at="2021-10-25T14:45:18 IST">
          <reporter-output>
          </reporter-output>
        </test-method> <!-- contract_VerifyHeadingOnContractListingPage -->
        <test-method status="PASS" signature="Teardown()[pri:0, instance:com.md.testcases.ContractTest@7ed7259e]" name="Teardown" is-config="true" duration-ms="159" started-at="2021-10-25T14:45:18 IST" finished-at="2021-10-25T14:45:18 IST">
          <reporter-output>
          </reporter-output>
        </test-method> <!-- Teardown -->
      </class> <!-- com.md.testcases.ContractTest -->
      <class name="com.md.testcases.QuickQuotesTest">
        <test-method status="PASS" signature="QQSetUp()[pri:0, instance:com.md.testcases.QuickQuotesTest@3d51f06e]" name="QQSetUp" is-config="true" duration-ms="76488" started-at="2021-10-25T14:40:02 IST" finished-at="2021-10-25T14:41:18 IST">
          <reporter-output>
          </reporter-output>
        </test-method> <!-- QQSetUp -->
        <test-method status="PASS" signature="qq_VerifyValidationMessageOnNamefield()[pri:1, instance:com.md.testcases.QuickQuotesTest@3d51f06e]" name="qq_VerifyValidationMessageOnNamefield" duration-ms="17816" started-at="2021-10-25T14:41:18 IST" finished-at="2021-10-25T14:41:36 IST">
          <reporter-output>
          </reporter-output>
        </test-method> <!-- qq_VerifyValidationMessageOnNamefield -->
        <test-method status="PASS" signature="Teardown()[pri:0, instance:com.md.testcases.QuickQuotesTest@3d51f06e]" name="Teardown" is-config="true" duration-ms="110" started-at="2021-10-25T14:41:36 IST" finished-at="2021-10-25T14:41:36 IST">
          <reporter-output>
          </reporter-output>
        </test-method> <!-- Teardown -->
      </class> <!-- com.md.testcases.QuickQuotesTest -->
    </test> <!-- Test -->
  </suite> <!-- Suite -->
</testng-results>
