<?xml version="1.0" encoding="UTF-8"?>
<testng-results skipped="0" failed="3" ignored="12" total="38" passed="23">
  <reporter-output>
  </reporter-output>
  <suite name="Default suite" duration-ms="1502404" started-at="2022-04-29T18:48:06 IST" finished-at="2022-04-29T19:13:09 IST">
    <groups>
    </groups>
    <test name="Default test" duration-ms="1502404" started-at="2022-04-29T18:48:06 IST" finished-at="2022-04-29T19:13:09 IST">
      <class name="com.md.testcases.ContractTest">
        <test-method status="PASS" signature="setUp()[pri:0, instance:com.md.testcases.ContractTest@1990a65e]" name="setUp" is-config="true" duration-ms="20986" started-at="2022-04-29T18:48:06 IST" finished-at="2022-04-29T18:48:27 IST">
          <reporter-output>
          </reporter-output>
        </test-method> <!-- setUp -->
        <test-method status="PASS" signature="contract_VerifyHeadingOnContractListingPage()[pri:1, instance:com.md.testcases.ContractTest@1990a65e]" name="contract_VerifyHeadingOnContractListingPage" duration-ms="29037" started-at="2022-04-29T18:48:27 IST" finished-at="2022-04-29T18:48:56 IST">
          <reporter-output>
          </reporter-output>
        </test-method> <!-- contract_VerifyHeadingOnContractListingPage -->
        <test-method status="PASS" signature="contract_VerifyUserIsAbleToAddContract()[pri:2, instance:com.md.testcases.ContractTest@1990a65e]" name="contract_VerifyUserIsAbleToAddContract" duration-ms="102228" started-at="2022-04-29T18:48:56 IST" finished-at="2022-04-29T18:50:38 IST">
          <reporter-output>
          </reporter-output>
        </test-method> <!-- contract_VerifyUserIsAbleToAddContract -->
        <test-method status="PASS" signature="contract_VerifyUserIsAbleToSearchContract()[pri:3, instance:com.md.testcases.ContractTest@1990a65e]" name="contract_VerifyUserIsAbleToSearchContract" duration-ms="28504" started-at="2022-04-29T18:50:38 IST" finished-at="2022-04-29T18:51:07 IST">
          <reporter-output>
          </reporter-output>
        </test-method> <!-- contract_VerifyUserIsAbleToSearchContract -->
        <test-method status="PASS" signature="contract_VerifyAlertMsgOnSearchingContracts()[pri:4, instance:com.md.testcases.ContractTest@1990a65e]" name="contract_VerifyAlertMsgOnSearchingContracts" duration-ms="32414" started-at="2022-04-29T18:51:07 IST" finished-at="2022-04-29T18:51:39 IST">
          <reporter-output>
          </reporter-output>
        </test-method> <!-- contract_VerifyAlertMsgOnSearchingContracts -->
        <test-method status="PASS" signature="contract_VerifySearchContractUsingTitle()[pri:5, instance:com.md.testcases.ContractTest@1990a65e]" name="contract_VerifySearchContractUsingTitle" duration-ms="28261" started-at="2022-04-29T18:51:39 IST" finished-at="2022-04-29T18:52:08 IST">
          <reporter-output>
          </reporter-output>
        </test-method> <!-- contract_VerifySearchContractUsingTitle -->
        <test-method status="PASS" signature="contract_VerifySearchContractUsingStartDate()[pri:6, instance:com.md.testcases.ContractTest@1990a65e]" name="contract_VerifySearchContractUsingStartDate" duration-ms="32821" started-at="2022-04-29T18:52:08 IST" finished-at="2022-04-29T18:52:40 IST">
          <reporter-output>
          </reporter-output>
        </test-method> <!-- contract_VerifySearchContractUsingStartDate -->
        <test-method status="PASS" signature="contract_VerifySearchContractUsingExpiryDate()[pri:7, instance:com.md.testcases.ContractTest@1990a65e]" name="contract_VerifySearchContractUsingExpiryDate" duration-ms="33693" started-at="2022-04-29T18:52:40 IST" finished-at="2022-04-29T18:53:14 IST">
          <reporter-output>
          </reporter-output>
        </test-method> <!-- contract_VerifySearchContractUsingExpiryDate -->
        <test-method status="FAIL" signature="contract_VerifySearchContractUsingSupplier()[pri:9, instance:com.md.testcases.ContractTest@1990a65e]" name="contract_VerifySearchContractUsingSupplier" duration-ms="60710" started-at="2022-04-29T18:53:14 IST" finished-at="2022-04-29T18:54:15 IST">
          <exception class="org.openqa.selenium.json.JsonException">
            <message>
              <![CDATA[java.lang.reflect.InvocationTargetException
Build info: version: '3.141.59', revision: 'e82be7d358', time: '2018-11-14T08:25:53'
System info: host: 'CISM-I-458', ip: '192.168.2.203', os.name: 'Windows 10', os.arch: 'amd64', os.version: '10.0', java.version: '1.8.0_281'
Driver info: driver.version: RemoteWebDriver]]>
            </message>
            <full-stacktrace>
              <![CDATA[org.openqa.selenium.json.JsonException: java.lang.reflect.InvocationTargetException
Build info: version: '3.141.59', revision: 'e82be7d358', time: '2018-11-14T08:25:53'
System info: host: 'CISM-I-458', ip: '192.168.2.203', os.name: 'Windows 10', os.arch: 'amd64', os.version: '10.0', java.version: '1.8.0_281'
Driver info: driver.version: RemoteWebDriver
at org.openqa.selenium.json.JsonOutput.convertUsingMethod(JsonOutput.java:332)
at org.openqa.selenium.json.JsonOutput.lambda$new$16(JsonOutput.java:155)
at org.openqa.selenium.json.JsonOutput.write(JsonOutput.java:264)
at org.openqa.selenium.json.JsonOutput.lambda$null$21(JsonOutput.java:168)
at java.util.LinkedHashMap$LinkedValues.forEach(LinkedHashMap.java:608)
at org.openqa.selenium.json.JsonOutput.lambda$new$22(JsonOutput.java:168)
at org.openqa.selenium.json.JsonOutput.write(JsonOutput.java:264)
at org.openqa.selenium.json.JsonOutput.lambda$null$23(JsonOutput.java:177)
at com.google.common.collect.SingletonImmutableBiMap.forEach(SingletonImmutableBiMap.java:65)
at org.openqa.selenium.json.JsonOutput.lambda$new$24(JsonOutput.java:176)
at org.openqa.selenium.json.JsonOutput.write(JsonOutput.java:264)
at org.openqa.selenium.json.JsonOutput.write(JsonOutput.java:255)
at org.openqa.selenium.json.Json.toJson(Json.java:42)
at org.openqa.selenium.remote.http.AbstractHttpCommandCodec.encode(AbstractHttpCommandCodec.java:227)
at org.openqa.selenium.remote.http.AbstractHttpCommandCodec.encode(AbstractHttpCommandCodec.java:117)
at org.openqa.selenium.remote.HttpCommandExecutor.execute(HttpCommandExecutor.java:152)
at org.openqa.selenium.remote.service.DriverCommandExecutor.execute(DriverCommandExecutor.java:83)
at org.openqa.selenium.remote.RemoteWebDriver.execute(RemoteWebDriver.java:552)
at org.openqa.selenium.remote.RemoteWebDriver.perform(RemoteWebDriver.java:618)
at org.openqa.selenium.interactions.Actions$BuiltAction.perform(Actions.java:639)
at com.md.pages.ContractPage.VerifySearchContractUsingSupplier(ContractPage.java:657)
at com.md.testcases.ContractTest.contract_VerifySearchContractUsingSupplier(ContractTest.java:83)
at sun.reflect.NativeMethodAccessorImpl.invoke0(Native Method)
at sun.reflect.NativeMethodAccessorImpl.invoke(NativeMethodAccessorImpl.java:62)
at sun.reflect.DelegatingMethodAccessorImpl.invoke(DelegatingMethodAccessorImpl.java:43)
at java.lang.reflect.Method.invoke(Method.java:498)
at org.testng.internal.MethodInvocationHelper.invokeMethod(MethodInvocationHelper.java:132)
at org.testng.internal.TestInvoker.invokeMethod(TestInvoker.java:599)
at org.testng.internal.TestInvoker.invokeTestMethod(TestInvoker.java:174)
at org.testng.internal.MethodRunner.runInSequence(MethodRunner.java:46)
at org.testng.internal.TestInvoker$MethodInvocationAgent.invoke(TestInvoker.java:822)
at org.testng.internal.TestInvoker.invokeTestMethods(TestInvoker.java:147)
at org.testng.internal.TestMethodWorker.invokeTestMethods(TestMethodWorker.java:146)
at org.testng.internal.TestMethodWorker.run(TestMethodWorker.java:128)
at java.util.ArrayList.forEach(ArrayList.java:1259)
at org.testng.TestRunner.privateRun(TestRunner.java:764)
at org.testng.TestRunner.run(TestRunner.java:585)
at org.testng.SuiteRunner.runTest(SuiteRunner.java:384)
at org.testng.SuiteRunner.runSequentially(SuiteRunner.java:378)
at org.testng.SuiteRunner.privateRun(SuiteRunner.java:337)
at org.testng.SuiteRunner.run(SuiteRunner.java:286)
at org.testng.SuiteRunnerWorker.runSuite(SuiteRunnerWorker.java:53)
at org.testng.SuiteRunnerWorker.run(SuiteRunnerWorker.java:96)
at org.testng.TestNG.runSuitesSequentially(TestNG.java:1218)
at org.testng.TestNG.runSuitesLocally(TestNG.java:1140)
at org.testng.TestNG.runSuites(TestNG.java:1069)
at org.testng.TestNG.run(TestNG.java:1037)
at org.testng.remote.AbstractRemoteTestNG.run(AbstractRemoteTestNG.java:115)
at org.testng.remote.RemoteTestNG.initAndRun(RemoteTestNG.java:251)
at org.testng.remote.RemoteTestNG.main(RemoteTestNG.java:77)
Suppressed: org.openqa.selenium.json.JsonException: Attempting to close incomplete json stream
Build info: version: '3.141.59', revision: 'e82be7d358', time: '2018-11-14T08:25:53'
System info: host: 'CISM-I-458', ip: '192.168.2.203', os.name: 'Windows 10', os.arch: 'amd64', os.version: '10.0', java.version: '1.8.0_281'
Driver info: driver.version: RemoteWebDriver
at org.openqa.selenium.json.JsonOutput.close(JsonOutput.java:279)
at org.openqa.selenium.json.Json.toJson(Json.java:44)
... 37 more
Caused by: java.lang.reflect.InvocationTargetException
at sun.reflect.NativeMethodAccessorImpl.invoke0(Native Method)
at sun.reflect.NativeMethodAccessorImpl.invoke(NativeMethodAccessorImpl.java:62)
at sun.reflect.DelegatingMethodAccessorImpl.invoke(DelegatingMethodAccessorImpl.java:43)
at java.lang.reflect.Method.invoke(Method.java:498)
at org.openqa.selenium.json.JsonOutput.convertUsingMethod(JsonOutput.java:328)
... 49 more
Caused by: org.openqa.selenium.NoSuchElementException: no such element: Unable to locate element: {"method":"xpath","selector":"//tr[@class='search-row']/td[7]/div/div//input[@id='search_input']"}
  (Session info: chrome=99.0.4844.82)
For documentation on this error, please visit: https://www.seleniumhq.org/exceptions/no_such_element.html
Build info: version: '3.141.59', revision: 'e82be7d358', time: '2018-11-14T08:25:53'
System info: host: 'CISM-I-458', ip: '192.168.2.203', os.name: 'Windows 10', os.arch: 'amd64', os.version: '10.0', java.version: '1.8.0_281'
Driver info: org.openqa.selenium.chrome.ChromeDriver
Capabilities {acceptInsecureCerts: false, browserName: chrome, browserVersion: 99.0.4844.82, chrome: {chromedriverVersion: 99.0.4844.51 (d537ec02474b5..., userDataDir: C:\Users\cis\AppData\Local\...}, goog:chromeOptions: {debuggerAddress: localhost:60552}, javascriptEnabled: true, networkConnectionEnabled: false, pageLoadStrategy: normal, platform: WINDOWS, platformName: WINDOWS, proxy: Proxy(), setWindowRect: true, strictFileInteractability: false, timeouts: {implicit: 0, pageLoad: 300000, script: 30000}, unhandledPromptBehavior: dismiss and notify, webauthn:extension:credBlob: true, webauthn:extension:largeBlob: true, webauthn:virtualAuthenticators: true}
Session ID: aa74d8058882420e80efde1bf92ca84c
*** Element info: {Using=xpath, value=//tr[@class='search-row']/td[7]/div/div//input[@id='search_input']}
at sun.reflect.NativeConstructorAccessorImpl.newInstance0(Native Method)
at sun.reflect.NativeConstructorAccessorImpl.newInstance(NativeConstructorAccessorImpl.java:62)
at sun.reflect.DelegatingConstructorAccessorImpl.newInstance(DelegatingConstructorAccessorImpl.java:45)
at java.lang.reflect.Constructor.newInstance(Constructor.java:423)
at org.openqa.selenium.remote.http.W3CHttpResponseCodec.createException(W3CHttpResponseCodec.java:187)
at org.openqa.selenium.remote.http.W3CHttpResponseCodec.decode(W3CHttpResponseCodec.java:122)
at org.openqa.selenium.remote.http.W3CHttpResponseCodec.decode(W3CHttpResponseCodec.java:49)
at org.openqa.selenium.remote.HttpCommandExecutor.execute(HttpCommandExecutor.java:158)
at org.openqa.selenium.remote.service.DriverCommandExecutor.execute(DriverCommandExecutor.java:83)
at org.openqa.selenium.remote.RemoteWebDriver.execute(RemoteWebDriver.java:552)
at org.openqa.selenium.remote.RemoteWebDriver.findElement(RemoteWebDriver.java:323)
at org.openqa.selenium.remote.RemoteWebDriver.findElementByXPath(RemoteWebDriver.java:428)
at org.openqa.selenium.By$ByXPath.findElement(By.java:353)
at org.openqa.selenium.remote.RemoteWebDriver.findElement(RemoteWebDriver.java:315)
at org.openqa.selenium.support.pagefactory.DefaultElementLocator.findElement(DefaultElementLocator.java:69)
at org.openqa.selenium.support.pagefactory.internal.LocatingElementHandler.invoke(LocatingElementHandler.java:38)
at com.sun.proxy.$Proxy9.getWrappedElement(Unknown Source)
at org.openqa.selenium.interactions.PointerInput$Origin.asArg(PointerInput.java:204)
at org.openqa.selenium.interactions.PointerInput$Move.encode(PointerInput.java:155)
at org.openqa.selenium.interactions.Sequence.encode(Sequence.java:75)
at org.openqa.selenium.interactions.Sequence.toJson(Sequence.java:84)
... 54 more
]]>
            </full-stacktrace>
          </exception> <!-- org.openqa.selenium.json.JsonException -->
          <reporter-output>
          </reporter-output>
        </test-method> <!-- contract_VerifySearchContractUsingSupplier -->
        <test-method status="FAIL" signature="contract_VerifySearchContractUsingValue()[pri:10, instance:com.md.testcases.ContractTest@1990a65e]" name="contract_VerifySearchContractUsingValue" duration-ms="58845" started-at="2022-04-29T18:54:15 IST" finished-at="2022-04-29T18:55:14 IST">
          <exception class="org.openqa.selenium.json.JsonException">
            <message>
              <![CDATA[java.lang.reflect.InvocationTargetException
Build info: version: '3.141.59', revision: 'e82be7d358', time: '2018-11-14T08:25:53'
System info: host: 'CISM-I-458', ip: '192.168.2.203', os.name: 'Windows 10', os.arch: 'amd64', os.version: '10.0', java.version: '1.8.0_281'
Driver info: driver.version: RemoteWebDriver]]>
            </message>
            <full-stacktrace>
              <![CDATA[org.openqa.selenium.json.JsonException: java.lang.reflect.InvocationTargetException
Build info: version: '3.141.59', revision: 'e82be7d358', time: '2018-11-14T08:25:53'
System info: host: 'CISM-I-458', ip: '192.168.2.203', os.name: 'Windows 10', os.arch: 'amd64', os.version: '10.0', java.version: '1.8.0_281'
Driver info: driver.version: RemoteWebDriver
at org.openqa.selenium.json.JsonOutput.convertUsingMethod(JsonOutput.java:332)
at org.openqa.selenium.json.JsonOutput.lambda$new$16(JsonOutput.java:155)
at org.openqa.selenium.json.JsonOutput.write(JsonOutput.java:264)
at org.openqa.selenium.json.JsonOutput.lambda$null$21(JsonOutput.java:168)
at java.util.LinkedHashMap$LinkedValues.forEach(LinkedHashMap.java:608)
at org.openqa.selenium.json.JsonOutput.lambda$new$22(JsonOutput.java:168)
at org.openqa.selenium.json.JsonOutput.write(JsonOutput.java:264)
at org.openqa.selenium.json.JsonOutput.lambda$null$23(JsonOutput.java:177)
at com.google.common.collect.SingletonImmutableBiMap.forEach(SingletonImmutableBiMap.java:65)
at org.openqa.selenium.json.JsonOutput.lambda$new$24(JsonOutput.java:176)
at org.openqa.selenium.json.JsonOutput.write(JsonOutput.java:264)
at org.openqa.selenium.json.JsonOutput.write(JsonOutput.java:255)
at org.openqa.selenium.json.Json.toJson(Json.java:42)
at org.openqa.selenium.remote.http.AbstractHttpCommandCodec.encode(AbstractHttpCommandCodec.java:227)
at org.openqa.selenium.remote.http.AbstractHttpCommandCodec.encode(AbstractHttpCommandCodec.java:117)
at org.openqa.selenium.remote.HttpCommandExecutor.execute(HttpCommandExecutor.java:152)
at org.openqa.selenium.remote.service.DriverCommandExecutor.execute(DriverCommandExecutor.java:83)
at org.openqa.selenium.remote.RemoteWebDriver.execute(RemoteWebDriver.java:552)
at org.openqa.selenium.remote.RemoteWebDriver.perform(RemoteWebDriver.java:618)
at org.openqa.selenium.interactions.Actions$BuiltAction.perform(Actions.java:639)
at com.md.pages.ContractPage.VerifySearchContractUsingValue(ContractPage.java:722)
at com.md.testcases.ContractTest.contract_VerifySearchContractUsingValue(ContractTest.java:90)
at sun.reflect.NativeMethodAccessorImpl.invoke0(Native Method)
at sun.reflect.NativeMethodAccessorImpl.invoke(NativeMethodAccessorImpl.java:62)
at sun.reflect.DelegatingMethodAccessorImpl.invoke(DelegatingMethodAccessorImpl.java:43)
at java.lang.reflect.Method.invoke(Method.java:498)
at org.testng.internal.MethodInvocationHelper.invokeMethod(MethodInvocationHelper.java:132)
at org.testng.internal.TestInvoker.invokeMethod(TestInvoker.java:599)
at org.testng.internal.TestInvoker.invokeTestMethod(TestInvoker.java:174)
at org.testng.internal.MethodRunner.runInSequence(MethodRunner.java:46)
at org.testng.internal.TestInvoker$MethodInvocationAgent.invoke(TestInvoker.java:822)
at org.testng.internal.TestInvoker.invokeTestMethods(TestInvoker.java:147)
at org.testng.internal.TestMethodWorker.invokeTestMethods(TestMethodWorker.java:146)
at org.testng.internal.TestMethodWorker.run(TestMethodWorker.java:128)
at java.util.ArrayList.forEach(ArrayList.java:1259)
at org.testng.TestRunner.privateRun(TestRunner.java:764)
at org.testng.TestRunner.run(TestRunner.java:585)
at org.testng.SuiteRunner.runTest(SuiteRunner.java:384)
at org.testng.SuiteRunner.runSequentially(SuiteRunner.java:378)
at org.testng.SuiteRunner.privateRun(SuiteRunner.java:337)
at org.testng.SuiteRunner.run(SuiteRunner.java:286)
at org.testng.SuiteRunnerWorker.runSuite(SuiteRunnerWorker.java:53)
at org.testng.SuiteRunnerWorker.run(SuiteRunnerWorker.java:96)
at org.testng.TestNG.runSuitesSequentially(TestNG.java:1218)
at org.testng.TestNG.runSuitesLocally(TestNG.java:1140)
at org.testng.TestNG.runSuites(TestNG.java:1069)
at org.testng.TestNG.run(TestNG.java:1037)
at org.testng.remote.AbstractRemoteTestNG.run(AbstractRemoteTestNG.java:115)
at org.testng.remote.RemoteTestNG.initAndRun(RemoteTestNG.java:251)
at org.testng.remote.RemoteTestNG.main(RemoteTestNG.java:77)
Suppressed: org.openqa.selenium.json.JsonException: Attempting to close incomplete json stream
Build info: version: '3.141.59', revision: 'e82be7d358', time: '2018-11-14T08:25:53'
System info: host: 'CISM-I-458', ip: '192.168.2.203', os.name: 'Windows 10', os.arch: 'amd64', os.version: '10.0', java.version: '1.8.0_281'
Driver info: driver.version: RemoteWebDriver
at org.openqa.selenium.json.JsonOutput.close(JsonOutput.java:279)
at org.openqa.selenium.json.Json.toJson(Json.java:44)
... 37 more
Caused by: java.lang.reflect.InvocationTargetException
at sun.reflect.NativeMethodAccessorImpl.invoke0(Native Method)
at sun.reflect.NativeMethodAccessorImpl.invoke(NativeMethodAccessorImpl.java:62)
at sun.reflect.DelegatingMethodAccessorImpl.invoke(DelegatingMethodAccessorImpl.java:43)
at java.lang.reflect.Method.invoke(Method.java:498)
at org.openqa.selenium.json.JsonOutput.convertUsingMethod(JsonOutput.java:328)
... 49 more
Caused by: org.openqa.selenium.NoSuchElementException: no such element: Unable to locate element: {"method":"xpath","selector":"//tr[@class='search-row']/td[13]/div/div//input[@id='search_input']"}
  (Session info: chrome=99.0.4844.82)
For documentation on this error, please visit: https://www.seleniumhq.org/exceptions/no_such_element.html
Build info: version: '3.141.59', revision: 'e82be7d358', time: '2018-11-14T08:25:53'
System info: host: 'CISM-I-458', ip: '192.168.2.203', os.name: 'Windows 10', os.arch: 'amd64', os.version: '10.0', java.version: '1.8.0_281'
Driver info: org.openqa.selenium.chrome.ChromeDriver
Capabilities {acceptInsecureCerts: false, browserName: chrome, browserVersion: 99.0.4844.82, chrome: {chromedriverVersion: 99.0.4844.51 (d537ec02474b5..., userDataDir: C:\Users\cis\AppData\Local\...}, goog:chromeOptions: {debuggerAddress: localhost:60552}, javascriptEnabled: true, networkConnectionEnabled: false, pageLoadStrategy: normal, platform: WINDOWS, platformName: WINDOWS, proxy: Proxy(), setWindowRect: true, strictFileInteractability: false, timeouts: {implicit: 0, pageLoad: 300000, script: 30000}, unhandledPromptBehavior: dismiss and notify, webauthn:extension:credBlob: true, webauthn:extension:largeBlob: true, webauthn:virtualAuthenticators: true}
Session ID: aa74d8058882420e80efde1bf92ca84c
*** Element info: {Using=xpath, value=//tr[@class='search-row']/td[13]/div/div//input[@id='search_input']}
at sun.reflect.NativeConstructorAccessorImpl.newInstance0(Native Method)
at sun.reflect.NativeConstructorAccessorImpl.newInstance(NativeConstructorAccessorImpl.java:62)
at sun.reflect.DelegatingConstructorAccessorImpl.newInstance(DelegatingConstructorAccessorImpl.java:45)
at java.lang.reflect.Constructor.newInstance(Constructor.java:423)
at org.openqa.selenium.remote.http.W3CHttpResponseCodec.createException(W3CHttpResponseCodec.java:187)
at org.openqa.selenium.remote.http.W3CHttpResponseCodec.decode(W3CHttpResponseCodec.java:122)
at org.openqa.selenium.remote.http.W3CHttpResponseCodec.decode(W3CHttpResponseCodec.java:49)
at org.openqa.selenium.remote.HttpCommandExecutor.execute(HttpCommandExecutor.java:158)
at org.openqa.selenium.remote.service.DriverCommandExecutor.execute(DriverCommandExecutor.java:83)
at org.openqa.selenium.remote.RemoteWebDriver.execute(RemoteWebDriver.java:552)
at org.openqa.selenium.remote.RemoteWebDriver.findElement(RemoteWebDriver.java:323)
at org.openqa.selenium.remote.RemoteWebDriver.findElementByXPath(RemoteWebDriver.java:428)
at org.openqa.selenium.By$ByXPath.findElement(By.java:353)
at org.openqa.selenium.remote.RemoteWebDriver.findElement(RemoteWebDriver.java:315)
at org.openqa.selenium.support.pagefactory.DefaultElementLocator.findElement(DefaultElementLocator.java:69)
at org.openqa.selenium.support.pagefactory.internal.LocatingElementHandler.invoke(LocatingElementHandler.java:38)
at com.sun.proxy.$Proxy9.getWrappedElement(Unknown Source)
at org.openqa.selenium.interactions.PointerInput$Origin.asArg(PointerInput.java:204)
at org.openqa.selenium.interactions.PointerInput$Move.encode(PointerInput.java:155)
at org.openqa.selenium.interactions.Sequence.encode(Sequence.java:75)
at org.openqa.selenium.interactions.Sequence.toJson(Sequence.java:84)
... 54 more
]]>
            </full-stacktrace>
          </exception> <!-- org.openqa.selenium.json.JsonException -->
          <reporter-output>
          </reporter-output>
        </test-method> <!-- contract_VerifySearchContractUsingValue -->
        <test-method status="FAIL" signature="contract_VerifySearchContractUsingStakeHolder()[pri:11, instance:com.md.testcases.ContractTest@1990a65e]" name="contract_VerifySearchContractUsingStakeHolder" duration-ms="58717" started-at="2022-04-29T18:55:14 IST" finished-at="2022-04-29T18:56:12 IST">
          <exception class="org.openqa.selenium.json.JsonException">
            <message>
              <![CDATA[java.lang.reflect.InvocationTargetException
Build info: version: '3.141.59', revision: 'e82be7d358', time: '2018-11-14T08:25:53'
System info: host: 'CISM-I-458', ip: '192.168.2.203', os.name: 'Windows 10', os.arch: 'amd64', os.version: '10.0', java.version: '1.8.0_281'
Driver info: driver.version: RemoteWebDriver]]>
            </message>
            <full-stacktrace>
              <![CDATA[org.openqa.selenium.json.JsonException: java.lang.reflect.InvocationTargetException
Build info: version: '3.141.59', revision: 'e82be7d358', time: '2018-11-14T08:25:53'
System info: host: 'CISM-I-458', ip: '192.168.2.203', os.name: 'Windows 10', os.arch: 'amd64', os.version: '10.0', java.version: '1.8.0_281'
Driver info: driver.version: RemoteWebDriver
at org.openqa.selenium.json.JsonOutput.convertUsingMethod(JsonOutput.java:332)
at org.openqa.selenium.json.JsonOutput.lambda$new$16(JsonOutput.java:155)
at org.openqa.selenium.json.JsonOutput.write(JsonOutput.java:264)
at org.openqa.selenium.json.JsonOutput.lambda$null$21(JsonOutput.java:168)
at java.util.LinkedHashMap$LinkedValues.forEach(LinkedHashMap.java:608)
at org.openqa.selenium.json.JsonOutput.lambda$new$22(JsonOutput.java:168)
at org.openqa.selenium.json.JsonOutput.write(JsonOutput.java:264)
at org.openqa.selenium.json.JsonOutput.lambda$null$23(JsonOutput.java:177)
at com.google.common.collect.SingletonImmutableBiMap.forEach(SingletonImmutableBiMap.java:65)
at org.openqa.selenium.json.JsonOutput.lambda$new$24(JsonOutput.java:176)
at org.openqa.selenium.json.JsonOutput.write(JsonOutput.java:264)
at org.openqa.selenium.json.JsonOutput.write(JsonOutput.java:255)
at org.openqa.selenium.json.Json.toJson(Json.java:42)
at org.openqa.selenium.remote.http.AbstractHttpCommandCodec.encode(AbstractHttpCommandCodec.java:227)
at org.openqa.selenium.remote.http.AbstractHttpCommandCodec.encode(AbstractHttpCommandCodec.java:117)
at org.openqa.selenium.remote.HttpCommandExecutor.execute(HttpCommandExecutor.java:152)
at org.openqa.selenium.remote.service.DriverCommandExecutor.execute(DriverCommandExecutor.java:83)
at org.openqa.selenium.remote.RemoteWebDriver.execute(RemoteWebDriver.java:552)
at org.openqa.selenium.remote.RemoteWebDriver.perform(RemoteWebDriver.java:618)
at org.openqa.selenium.interactions.Actions$BuiltAction.perform(Actions.java:639)
at com.md.pages.ContractPage.VerifySearchContractUsingStakeHolder(ContractPage.java:746)
at com.md.testcases.ContractTest.contract_VerifySearchContractUsingStakeHolder(ContractTest.java:96)
at sun.reflect.NativeMethodAccessorImpl.invoke0(Native Method)
at sun.reflect.NativeMethodAccessorImpl.invoke(NativeMethodAccessorImpl.java:62)
at sun.reflect.DelegatingMethodAccessorImpl.invoke(DelegatingMethodAccessorImpl.java:43)
at java.lang.reflect.Method.invoke(Method.java:498)
at org.testng.internal.MethodInvocationHelper.invokeMethod(MethodInvocationHelper.java:132)
at org.testng.internal.TestInvoker.invokeMethod(TestInvoker.java:599)
at org.testng.internal.TestInvoker.invokeTestMethod(TestInvoker.java:174)
at org.testng.internal.MethodRunner.runInSequence(MethodRunner.java:46)
at org.testng.internal.TestInvoker$MethodInvocationAgent.invoke(TestInvoker.java:822)
at org.testng.internal.TestInvoker.invokeTestMethods(TestInvoker.java:147)
at org.testng.internal.TestMethodWorker.invokeTestMethods(TestMethodWorker.java:146)
at org.testng.internal.TestMethodWorker.run(TestMethodWorker.java:128)
at java.util.ArrayList.forEach(ArrayList.java:1259)
at org.testng.TestRunner.privateRun(TestRunner.java:764)
at org.testng.TestRunner.run(TestRunner.java:585)
at org.testng.SuiteRunner.runTest(SuiteRunner.java:384)
at org.testng.SuiteRunner.runSequentially(SuiteRunner.java:378)
at org.testng.SuiteRunner.privateRun(SuiteRunner.java:337)
at org.testng.SuiteRunner.run(SuiteRunner.java:286)
at org.testng.SuiteRunnerWorker.runSuite(SuiteRunnerWorker.java:53)
at org.testng.SuiteRunnerWorker.run(SuiteRunnerWorker.java:96)
at org.testng.TestNG.runSuitesSequentially(TestNG.java:1218)
at org.testng.TestNG.runSuitesLocally(TestNG.java:1140)
at org.testng.TestNG.runSuites(TestNG.java:1069)
at org.testng.TestNG.run(TestNG.java:1037)
at org.testng.remote.AbstractRemoteTestNG.run(AbstractRemoteTestNG.java:115)
at org.testng.remote.RemoteTestNG.initAndRun(RemoteTestNG.java:251)
at org.testng.remote.RemoteTestNG.main(RemoteTestNG.java:77)
Suppressed: org.openqa.selenium.json.JsonException: Attempting to close incomplete json stream
Build info: version: '3.141.59', revision: 'e82be7d358', time: '2018-11-14T08:25:53'
System info: host: 'CISM-I-458', ip: '192.168.2.203', os.name: 'Windows 10', os.arch: 'amd64', os.version: '10.0', java.version: '1.8.0_281'
Driver info: driver.version: RemoteWebDriver
at org.openqa.selenium.json.JsonOutput.close(JsonOutput.java:279)
at org.openqa.selenium.json.Json.toJson(Json.java:44)
... 37 more
Caused by: java.lang.reflect.InvocationTargetException
at sun.reflect.NativeMethodAccessorImpl.invoke0(Native Method)
at sun.reflect.NativeMethodAccessorImpl.invoke(NativeMethodAccessorImpl.java:62)
at sun.reflect.DelegatingMethodAccessorImpl.invoke(DelegatingMethodAccessorImpl.java:43)
at java.lang.reflect.Method.invoke(Method.java:498)
at org.openqa.selenium.json.JsonOutput.convertUsingMethod(JsonOutput.java:328)
... 49 more
Caused by: org.openqa.selenium.NoSuchElementException: no such element: Unable to locate element: {"method":"xpath","selector":"//tr[@class='search-row']/td[13]/div/div//input[@id='search_input']"}
  (Session info: chrome=99.0.4844.82)
For documentation on this error, please visit: https://www.seleniumhq.org/exceptions/no_such_element.html
Build info: version: '3.141.59', revision: 'e82be7d358', time: '2018-11-14T08:25:53'
System info: host: 'CISM-I-458', ip: '192.168.2.203', os.name: 'Windows 10', os.arch: 'amd64', os.version: '10.0', java.version: '1.8.0_281'
Driver info: org.openqa.selenium.chrome.ChromeDriver
Capabilities {acceptInsecureCerts: false, browserName: chrome, browserVersion: 99.0.4844.82, chrome: {chromedriverVersion: 99.0.4844.51 (d537ec02474b5..., userDataDir: C:\Users\cis\AppData\Local\...}, goog:chromeOptions: {debuggerAddress: localhost:60552}, javascriptEnabled: true, networkConnectionEnabled: false, pageLoadStrategy: normal, platform: WINDOWS, platformName: WINDOWS, proxy: Proxy(), setWindowRect: true, strictFileInteractability: false, timeouts: {implicit: 0, pageLoad: 300000, script: 30000}, unhandledPromptBehavior: dismiss and notify, webauthn:extension:credBlob: true, webauthn:extension:largeBlob: true, webauthn:virtualAuthenticators: true}
Session ID: aa74d8058882420e80efde1bf92ca84c
*** Element info: {Using=xpath, value=//tr[@class='search-row']/td[13]/div/div//input[@id='search_input']}
at sun.reflect.NativeConstructorAccessorImpl.newInstance0(Native Method)
at sun.reflect.NativeConstructorAccessorImpl.newInstance(NativeConstructorAccessorImpl.java:62)
at sun.reflect.DelegatingConstructorAccessorImpl.newInstance(DelegatingConstructorAccessorImpl.java:45)
at java.lang.reflect.Constructor.newInstance(Constructor.java:423)
at org.openqa.selenium.remote.http.W3CHttpResponseCodec.createException(W3CHttpResponseCodec.java:187)
at org.openqa.selenium.remote.http.W3CHttpResponseCodec.decode(W3CHttpResponseCodec.java:122)
at org.openqa.selenium.remote.http.W3CHttpResponseCodec.decode(W3CHttpResponseCodec.java:49)
at org.openqa.selenium.remote.HttpCommandExecutor.execute(HttpCommandExecutor.java:158)
at org.openqa.selenium.remote.service.DriverCommandExecutor.execute(DriverCommandExecutor.java:83)
at org.openqa.selenium.remote.RemoteWebDriver.execute(RemoteWebDriver.java:552)
at org.openqa.selenium.remote.RemoteWebDriver.findElement(RemoteWebDriver.java:323)
at org.openqa.selenium.remote.RemoteWebDriver.findElementByXPath(RemoteWebDriver.java:428)
at org.openqa.selenium.By$ByXPath.findElement(By.java:353)
at org.openqa.selenium.remote.RemoteWebDriver.findElement(RemoteWebDriver.java:315)
at org.openqa.selenium.support.pagefactory.DefaultElementLocator.findElement(DefaultElementLocator.java:69)
at org.openqa.selenium.support.pagefactory.internal.LocatingElementHandler.invoke(LocatingElementHandler.java:38)
at com.sun.proxy.$Proxy9.getWrappedElement(Unknown Source)
at org.openqa.selenium.interactions.PointerInput$Origin.asArg(PointerInput.java:204)
at org.openqa.selenium.interactions.PointerInput$Move.encode(PointerInput.java:155)
at org.openqa.selenium.interactions.Sequence.encode(Sequence.java:75)
at org.openqa.selenium.interactions.Sequence.toJson(Sequence.java:84)
... 54 more
]]>
            </full-stacktrace>
          </exception> <!-- org.openqa.selenium.json.JsonException -->
          <reporter-output>
          </reporter-output>
        </test-method> <!-- contract_VerifySearchContractUsingStakeHolder -->
        <test-method status="PASS" signature="contract_VerifyContractValidationMsg()[pri:12, instance:com.md.testcases.ContractTest@1990a65e]" name="contract_VerifyContractValidationMsg" duration-ms="56181" started-at="2022-04-29T18:56:12 IST" finished-at="2022-04-29T18:57:09 IST">
          <reporter-output>
          </reporter-output>
        </test-method> <!-- contract_VerifyContractValidationMsg -->
        <test-method status="PASS" signature="contract_VerifyUserNavigationToContractForm()[pri:13, instance:com.md.testcases.ContractTest@1990a65e]" name="contract_VerifyUserNavigationToContractForm" duration-ms="53142" started-at="2022-04-29T18:57:09 IST" finished-at="2022-04-29T18:58:02 IST">
          <reporter-output>
          </reporter-output>
        </test-method> <!-- contract_VerifyUserNavigationToContractForm -->
        <test-method status="PASS" signature="contract_VerifyOneMonthNoticePeriodIsSelectedByDefault()[pri:15, instance:com.md.testcases.ContractTest@1990a65e]" name="contract_VerifyOneMonthNoticePeriodIsSelectedByDefault" duration-ms="64382" started-at="2022-04-29T18:58:02 IST" finished-at="2022-04-29T18:59:06 IST">
          <reporter-output>
          </reporter-output>
        </test-method> <!-- contract_VerifyOneMonthNoticePeriodIsSelectedByDefault -->
        <test-method status="PASS" signature="contract_VerifyUserIsAbleToEditContract()[pri:16, instance:com.md.testcases.ContractTest@1990a65e]" name="contract_VerifyUserIsAbleToEditContract" duration-ms="55860" started-at="2022-04-29T18:59:06 IST" finished-at="2022-04-29T19:00:02 IST">
          <reporter-output>
          </reporter-output>
        </test-method> <!-- contract_VerifyUserIsAbleToEditContract -->
        <test-method status="PASS" signature="contract_VerifyAutoSuggestionForSupplierContact()[pri:18, instance:com.md.testcases.ContractTest@1990a65e]" name="contract_VerifyAutoSuggestionForSupplierContact" duration-ms="61779" started-at="2022-04-29T19:00:02 IST" finished-at="2022-04-29T19:01:04 IST">
          <reporter-output>
          </reporter-output>
        </test-method> <!-- contract_VerifyAutoSuggestionForSupplierContact -->
        <test-method status="PASS" signature="contract_VerifyAutoSuggestionForStakeHolder()[pri:19, instance:com.md.testcases.ContractTest@1990a65e]" name="contract_VerifyAutoSuggestionForStakeHolder" duration-ms="61482" started-at="2022-04-29T19:01:04 IST" finished-at="2022-04-29T19:02:05 IST">
          <reporter-output>
          </reporter-output>
        </test-method> <!-- contract_VerifyAutoSuggestionForStakeHolder -->
        <test-method status="PASS" signature="contract_VerifyDisplayOfSupplierContactDetails()[pri:20, instance:com.md.testcases.ContractTest@1990a65e]" name="contract_VerifyDisplayOfSupplierContactDetails" duration-ms="59085" started-at="2022-04-29T19:02:05 IST" finished-at="2022-04-29T19:03:04 IST">
          <reporter-output>
          </reporter-output>
        </test-method> <!-- contract_VerifyDisplayOfSupplierContactDetails -->
        <test-method status="PASS" signature="contract_VerifyAlertMsgIfHostAddedToSupplierContact()[pri:21, instance:com.md.testcases.ContractTest@1990a65e]" name="contract_VerifyAlertMsgIfHostAddedToSupplierContact" duration-ms="58272" started-at="2022-04-29T19:03:04 IST" finished-at="2022-04-29T19:04:03 IST">
          <reporter-output>
          </reporter-output>
        </test-method> <!-- contract_VerifyAlertMsgIfHostAddedToSupplierContact -->
        <test-method status="PASS" signature="contract_VerifyRemovalOfSupplierContact()[pri:22, instance:com.md.testcases.ContractTest@1990a65e]" name="contract_VerifyRemovalOfSupplierContact" duration-ms="63861" started-at="2022-04-29T19:04:03 IST" finished-at="2022-04-29T19:05:06 IST">
          <reporter-output>
          </reporter-output>
        </test-method> <!-- contract_VerifyRemovalOfSupplierContact -->
        <test-method status="PASS" signature="contract_VerifyAlertMsgIfParticipantAddedToStakeHolder()[pri:24, instance:com.md.testcases.ContractTest@1990a65e]" name="contract_VerifyAlertMsgIfParticipantAddedToStakeHolder" duration-ms="61582" started-at="2022-04-29T19:05:06 IST" finished-at="2022-04-29T19:06:08 IST">
          <reporter-output>
          </reporter-output>
        </test-method> <!-- contract_VerifyAlertMsgIfParticipantAddedToStakeHolder -->
        <test-method status="PASS" signature="contract_VerifyDisplayOfDropbox()[pri:25, instance:com.md.testcases.ContractTest@1990a65e]" name="contract_VerifyDisplayOfDropbox" duration-ms="54689" started-at="2022-04-29T19:06:08 IST" finished-at="2022-04-29T19:07:03 IST">
          <reporter-output>
          </reporter-output>
        </test-method> <!-- contract_VerifyDisplayOfDropbox -->
        <test-method status="PASS" signature="contract_VerifyNoticePeriodChangeAccordingToPeriodSelected()[pri:26, instance:com.md.testcases.ContractTest@1990a65e]" name="contract_VerifyNoticePeriodChangeAccordingToPeriodSelected" duration-ms="71951" started-at="2022-04-29T19:07:03 IST" finished-at="2022-04-29T19:08:15 IST">
          <reporter-output>
          </reporter-output>
        </test-method> <!-- contract_VerifyNoticePeriodChangeAccordingToPeriodSelected -->
        <test-method status="PASS" signature="contract_VerifySupplierAndStakeHolderInRecipientPopup()[pri:28, instance:com.md.testcases.ContractTest@1990a65e]" name="contract_VerifySupplierAndStakeHolderInRecipientPopup" duration-ms="63923" started-at="2022-04-29T19:08:15 IST" finished-at="2022-04-29T19:09:19 IST">
          <reporter-output>
          </reporter-output>
        </test-method> <!-- contract_VerifySupplierAndStakeHolderInRecipientPopup -->
        <test-method status="PASS" signature="contract_VerifyDisplayOfParentHeirarchyDropdown()[pri:30, instance:com.md.testcases.ContractTest@1990a65e]" name="contract_VerifyDisplayOfParentHeirarchyDropdown" duration-ms="54226" started-at="2022-04-29T19:09:19 IST" finished-at="2022-04-29T19:10:13 IST">
          <reporter-output>
          </reporter-output>
        </test-method> <!-- contract_VerifyDisplayOfParentHeirarchyDropdown -->
        <test-method status="PASS" signature="contract_VerifyLanguageChange()[pri:32, instance:com.md.testcases.ContractTest@1990a65e]" name="contract_VerifyLanguageChange" duration-ms="86846" started-at="2022-04-29T19:10:13 IST" finished-at="2022-04-29T19:11:40 IST">
          <reporter-output>
          </reporter-output>
        </test-method> <!-- contract_VerifyLanguageChange -->
        <test-method status="PASS" signature="contract_VerifyContractListingOnLanguageChange()[pri:35, instance:com.md.testcases.ContractTest@1990a65e]" name="contract_VerifyContractListingOnLanguageChange" duration-ms="88336" started-at="2022-04-29T19:11:40 IST" finished-at="2022-04-29T19:13:08 IST">
          <reporter-output>
          </reporter-output>
        </test-method> <!-- contract_VerifyContractListingOnLanguageChange -->
        <test-method status="PASS" signature="Teardown()[pri:0, instance:com.md.testcases.ContractTest@1990a65e]" name="Teardown" is-config="true" duration-ms="497" started-at="2022-04-29T19:13:08 IST" finished-at="2022-04-29T19:13:09 IST">
          <reporter-output>
          </reporter-output>
        </test-method> <!-- Teardown -->
      </class> <!-- com.md.testcases.ContractTest -->
    </test> <!-- Default test -->
  </suite> <!-- Default suite -->
</testng-results>
