<?xml version="1.0" encoding="UTF-8"?>
<testng-results skipped="0" failed="0" ignored="0" total="36" passed="36">
  <reporter-output>
  </reporter-output>
  <suite name="Default suite" duration-ms="2665539" started-at="2021-10-12T18:27:58 IST" finished-at="2021-10-12T19:12:23 IST">
    <groups>
    </groups>
    <test name="Default test" duration-ms="2665539" started-at="2021-10-12T18:27:58 IST" finished-at="2021-10-12T19:12:23 IST">
      <class name="com.md.testcases.ContractTest">
        <test-method status="PASS" signature="setUp()[pri:0, instance:com.md.testcases.ContractTest@53f65459]" name="setUp" is-config="true" duration-ms="47117" started-at="2021-10-12T18:27:58 IST" finished-at="2021-10-12T18:28:45 IST">
          <reporter-output>
          </reporter-output>
        </test-method> <!-- setUp -->
        <test-method status="PASS" signature="contract_VerifyUserIsAbleToAddContract()[pri:11, instance:com.md.testcases.ContractTest@53f65459]" name="contract_VerifyUserIsAbleToAddContract" duration-ms="127802" started-at="2021-10-12T18:28:45 IST" finished-at="2021-10-12T18:30:53 IST">
          <reporter-output>
          </reporter-output>
        </test-method> <!-- contract_VerifyUserIsAbleToAddContract -->
        <test-method status="PASS" signature="contract_VerifyHeadingOnContractListingPage()[pri:12, instance:com.md.testcases.ContractTest@53f65459]" name="contract_VerifyHeadingOnContractListingPage" duration-ms="37877" started-at="2021-10-12T18:30:53 IST" finished-at="2021-10-12T18:31:30 IST">
          <reporter-output>
          </reporter-output>
        </test-method> <!-- contract_VerifyHeadingOnContractListingPage -->
        <test-method status="PASS" signature="contract_VerifyUserIsAbleToSearchContract()[pri:13, instance:com.md.testcases.ContractTest@53f65459]" name="contract_VerifyUserIsAbleToSearchContract" duration-ms="41320" started-at="2021-10-12T18:31:30 IST" finished-at="2021-10-12T18:32:12 IST">
          <reporter-output>
          </reporter-output>
        </test-method> <!-- contract_VerifyUserIsAbleToSearchContract -->
        <test-method status="PASS" signature="contract_VerifyAlertMsgOnSearchingContracts()[pri:14, instance:com.md.testcases.ContractTest@53f65459]" name="contract_VerifyAlertMsgOnSearchingContracts" duration-ms="36880" started-at="2021-10-12T18:32:12 IST" finished-at="2021-10-12T18:32:49 IST">
          <reporter-output>
          </reporter-output>
        </test-method> <!-- contract_VerifyAlertMsgOnSearchingContracts -->
        <test-method status="PASS" signature="contract_VerifySearchContractUsingTitle()[pri:15, instance:com.md.testcases.ContractTest@53f65459]" name="contract_VerifySearchContractUsingTitle" duration-ms="36039" started-at="2021-10-12T18:32:49 IST" finished-at="2021-10-12T18:33:25 IST">
          <reporter-output>
          </reporter-output>
        </test-method> <!-- contract_VerifySearchContractUsingTitle -->
        <test-method status="PASS" signature="contract_VerifySearchContractUsingStartDate()[pri:16, instance:com.md.testcases.ContractTest@53f65459]" name="contract_VerifySearchContractUsingStartDate" duration-ms="32538" started-at="2021-10-12T18:33:25 IST" finished-at="2021-10-12T18:33:57 IST">
          <reporter-output>
          </reporter-output>
        </test-method> <!-- contract_VerifySearchContractUsingStartDate -->
        <test-method status="PASS" signature="contract_VerifySearchContractUsingExpiryDate()[pri:17, instance:com.md.testcases.ContractTest@53f65459]" name="contract_VerifySearchContractUsingExpiryDate" duration-ms="32219" started-at="2021-10-12T18:33:57 IST" finished-at="2021-10-12T18:34:29 IST">
          <reporter-output>
          </reporter-output>
        </test-method> <!-- contract_VerifySearchContractUsingExpiryDate -->
        <test-method status="PASS" signature="contract_VerifySearchContractUsingCategory()[pri:18, instance:com.md.testcases.ContractTest@53f65459]" name="contract_VerifySearchContractUsingCategory" duration-ms="33477" started-at="2021-10-12T18:34:29 IST" finished-at="2021-10-12T18:35:03 IST">
          <reporter-output>
          </reporter-output>
        </test-method> <!-- contract_VerifySearchContractUsingCategory -->
        <test-method status="PASS" signature="contract_VerifySearchContractUsingSupplier()[pri:19, instance:com.md.testcases.ContractTest@53f65459]" name="contract_VerifySearchContractUsingSupplier" duration-ms="33928" started-at="2021-10-12T18:35:03 IST" finished-at="2021-10-12T18:35:37 IST">
          <reporter-output>
          </reporter-output>
        </test-method> <!-- contract_VerifySearchContractUsingSupplier -->
        <test-method status="PASS" signature="contract_VerifySearchContractUsingValue()[pri:20, instance:com.md.testcases.ContractTest@53f65459]" name="contract_VerifySearchContractUsingValue" duration-ms="42233" started-at="2021-10-12T18:35:37 IST" finished-at="2021-10-12T18:36:19 IST">
          <reporter-output>
          </reporter-output>
        </test-method> <!-- contract_VerifySearchContractUsingValue -->
        <test-method status="PASS" signature="contract_VerifySearchContractUsingStakeHolder()[pri:21, instance:com.md.testcases.ContractTest@53f65459]" name="contract_VerifySearchContractUsingStakeHolder" duration-ms="39295" started-at="2021-10-12T18:36:19 IST" finished-at="2021-10-12T18:36:58 IST">
          <reporter-output>
          </reporter-output>
        </test-method> <!-- contract_VerifySearchContractUsingStakeHolder -->
        <test-method status="PASS" signature="contract_VerifyContractValidationMsg()[pri:22, instance:com.md.testcases.ContractTest@53f65459]" name="contract_VerifyContractValidationMsg" duration-ms="67108" started-at="2021-10-12T18:36:58 IST" finished-at="2021-10-12T18:38:05 IST">
          <reporter-output>
          </reporter-output>
        </test-method> <!-- contract_VerifyContractValidationMsg -->
        <test-method status="PASS" signature="contract_VerifyUserNavigationToContractForm()[pri:23, instance:com.md.testcases.ContractTest@53f65459]" name="contract_VerifyUserNavigationToContractForm" duration-ms="58245" started-at="2021-10-12T18:38:05 IST" finished-at="2021-10-12T18:39:04 IST">
          <reporter-output>
          </reporter-output>
        </test-method> <!-- contract_VerifyUserNavigationToContractForm -->
        <test-method status="PASS" signature="contract_VerifySearchContractUsingOwner()[pri:24, instance:com.md.testcases.ContractTest@53f65459]" name="contract_VerifySearchContractUsingOwner" duration-ms="35542" started-at="2021-10-12T18:39:04 IST" finished-at="2021-10-12T18:39:39 IST">
          <reporter-output>
          </reporter-output>
        </test-method> <!-- contract_VerifySearchContractUsingOwner -->
        <test-method status="PASS" signature="contract_VerifyOneMonthNoticePeriodIsSelectedByDefault()[pri:25, instance:com.md.testcases.ContractTest@53f65459]" name="contract_VerifyOneMonthNoticePeriodIsSelectedByDefault" duration-ms="90574" started-at="2021-10-12T18:39:39 IST" finished-at="2021-10-12T18:41:10 IST">
          <reporter-output>
          </reporter-output>
        </test-method> <!-- contract_VerifyOneMonthNoticePeriodIsSelectedByDefault -->
        <test-method status="PASS" signature="contract_VerifyUserIsAbleToEditContract()[pri:26, instance:com.md.testcases.ContractTest@53f65459]" name="contract_VerifyUserIsAbleToEditContract" duration-ms="57332" started-at="2021-10-12T18:41:10 IST" finished-at="2021-10-12T18:42:07 IST">
          <reporter-output>
          </reporter-output>
        </test-method> <!-- contract_VerifyUserIsAbleToEditContract -->
        <test-method status="PASS" signature="contract_VerifyDisplayOfCategoryInContractForm()[pri:27, instance:com.md.testcases.ContractTest@53f65459]" name="contract_VerifyDisplayOfCategoryInContractForm" duration-ms="63826" started-at="2021-10-12T18:42:07 IST" finished-at="2021-10-12T18:43:11 IST">
          <reporter-output>
          </reporter-output>
        </test-method> <!-- contract_VerifyDisplayOfCategoryInContractForm -->
        <test-method status="PASS" signature="contract_VerifyAutoSuggestionForSupplierContact()[pri:28, instance:com.md.testcases.ContractTest@53f65459]" name="contract_VerifyAutoSuggestionForSupplierContact" duration-ms="66183" started-at="2021-10-12T18:43:11 IST" finished-at="2021-10-12T18:44:17 IST">
          <reporter-output>
          </reporter-output>
        </test-method> <!-- contract_VerifyAutoSuggestionForSupplierContact -->
        <test-method status="PASS" signature="contract_VerifyAutoSuggestionForStakeHolder()[pri:29, instance:com.md.testcases.ContractTest@53f65459]" name="contract_VerifyAutoSuggestionForStakeHolder" duration-ms="68425" started-at="2021-10-12T18:44:17 IST" finished-at="2021-10-12T18:45:26 IST">
          <reporter-output>
          </reporter-output>
        </test-method> <!-- contract_VerifyAutoSuggestionForStakeHolder -->
        <test-method status="PASS" signature="contract_VerifyDisplayOfSupplierContactDetails()[pri:30, instance:com.md.testcases.ContractTest@53f65459]" name="contract_VerifyDisplayOfSupplierContactDetails" duration-ms="63504" started-at="2021-10-12T18:45:26 IST" finished-at="2021-10-12T18:46:29 IST">
          <reporter-output>
          </reporter-output>
        </test-method> <!-- contract_VerifyDisplayOfSupplierContactDetails -->
        <test-method status="PASS" signature="contract_VerifyAlertMsgIfHostAddedToSupplierContact()[pri:31, instance:com.md.testcases.ContractTest@53f65459]" name="contract_VerifyAlertMsgIfHostAddedToSupplierContact" duration-ms="64984" started-at="2021-10-12T18:46:29 IST" finished-at="2021-10-12T18:47:34 IST">
          <reporter-output>
          </reporter-output>
        </test-method> <!-- contract_VerifyAlertMsgIfHostAddedToSupplierContact -->
        <test-method status="PASS" signature="contract_VerifyRemovalOfSupplierContact()[pri:32, instance:com.md.testcases.ContractTest@53f65459]" name="contract_VerifyRemovalOfSupplierContact" duration-ms="73550" started-at="2021-10-12T18:47:34 IST" finished-at="2021-10-12T18:48:48 IST">
          <reporter-output>
          </reporter-output>
        </test-method> <!-- contract_VerifyRemovalOfSupplierContact -->
        <test-method status="PASS" signature="contract_VerifyAtleastOneValueInSupplierContact()[pri:33, instance:com.md.testcases.ContractTest@53f65459]" name="contract_VerifyAtleastOneValueInSupplierContact" duration-ms="73580" started-at="2021-10-12T18:48:48 IST" finished-at="2021-10-12T18:50:01 IST">
          <reporter-output>
          </reporter-output>
        </test-method> <!-- contract_VerifyAtleastOneValueInSupplierContact -->
        <test-method status="PASS" signature="contract_VerifyAlertMsgIfParticipantAddedToStakeHolder()[pri:34, instance:com.md.testcases.ContractTest@53f65459]" name="contract_VerifyAlertMsgIfParticipantAddedToStakeHolder" duration-ms="66208" started-at="2021-10-12T18:50:01 IST" finished-at="2021-10-12T18:51:07 IST">
          <reporter-output>
          </reporter-output>
        </test-method> <!-- contract_VerifyAlertMsgIfParticipantAddedToStakeHolder -->
        <test-method status="PASS" signature="contract_VerifyDisplayOfDropbox()[pri:35, instance:com.md.testcases.ContractTest@53f65459]" name="contract_VerifyDisplayOfDropbox" duration-ms="64044" started-at="2021-10-12T18:51:07 IST" finished-at="2021-10-12T18:52:11 IST">
          <reporter-output>
          </reporter-output>
        </test-method> <!-- contract_VerifyDisplayOfDropbox -->
        <test-method status="PASS" signature="contract_VerifyNoticePeriodChangeAccordingToPeriodSelected()[pri:36, instance:com.md.testcases.ContractTest@53f65459]" name="contract_VerifyNoticePeriodChangeAccordingToPeriodSelected" duration-ms="80429" started-at="2021-10-12T18:52:11 IST" finished-at="2021-10-12T18:53:32 IST">
          <reporter-output>
          </reporter-output>
        </test-method> <!-- contract_VerifyNoticePeriodChangeAccordingToPeriodSelected -->
        <test-method status="PASS" signature="contract_VerifyDisplayOfExpiryNotiticationLink()[pri:37, instance:com.md.testcases.ContractTest@53f65459]" name="contract_VerifyDisplayOfExpiryNotiticationLink" duration-ms="67913" started-at="2021-10-12T18:53:32 IST" finished-at="2021-10-12T18:54:40 IST">
          <reporter-output>
          </reporter-output>
        </test-method> <!-- contract_VerifyDisplayOfExpiryNotiticationLink -->
        <test-method status="PASS" signature="contract_VerifySupplierAndStakeHolderInRecipientPopup()[pri:38, instance:com.md.testcases.ContractTest@53f65459]" name="contract_VerifySupplierAndStakeHolderInRecipientPopup" duration-ms="70892" started-at="2021-10-12T18:54:40 IST" finished-at="2021-10-12T18:55:51 IST">
          <reporter-output>
          </reporter-output>
        </test-method> <!-- contract_VerifySupplierAndStakeHolderInRecipientPopup -->
        <test-method status="PASS" signature="contract_VerifyDisplayOfCustomNotiticationLink()[pri:39, instance:com.md.testcases.ContractTest@53f65459]" name="contract_VerifyDisplayOfCustomNotiticationLink" duration-ms="66150" started-at="2021-10-12T18:55:51 IST" finished-at="2021-10-12T18:56:57 IST">
          <reporter-output>
          </reporter-output>
        </test-method> <!-- contract_VerifyDisplayOfCustomNotiticationLink -->
        <test-method status="PASS" signature="contract_VerifyDisplayOfParentHeirarchyDropdown()[pri:40, instance:com.md.testcases.ContractTest@53f65459]" name="contract_VerifyDisplayOfParentHeirarchyDropdown" duration-ms="58633" started-at="2021-10-12T18:56:57 IST" finished-at="2021-10-12T18:57:56 IST">
          <reporter-output>
          </reporter-output>
        </test-method> <!-- contract_VerifyDisplayOfParentHeirarchyDropdown -->
        <test-method status="PASS" signature="contract_VerifySelectedParentNotDisplayInChildDropdown()[pri:41, instance:com.md.testcases.ContractTest@53f65459]" name="contract_VerifySelectedParentNotDisplayInChildDropdown" duration-ms="95471" started-at="2021-10-12T18:57:56 IST" finished-at="2021-10-12T18:59:31 IST">
          <reporter-output>
          </reporter-output>
        </test-method> <!-- contract_VerifySelectedParentNotDisplayInChildDropdown -->
        <test-method status="PASS" signature="contract_VerifyLanguageChange()[pri:42, instance:com.md.testcases.ContractTest@53f65459]" name="contract_VerifyLanguageChange" duration-ms="103995" started-at="2021-10-12T18:59:31 IST" finished-at="2021-10-12T19:01:15 IST">
          <reporter-output>
          </reporter-output>
        </test-method> <!-- contract_VerifyLanguageChange -->
        <test-method status="PASS" signature="contract_VerifyActiveHeadingsDisplayInContractForm()[pri:43, instance:com.md.testcases.ContractTest@53f65459]" name="contract_VerifyActiveHeadingsDisplayInContractForm" duration-ms="210005" started-at="2021-10-12T19:01:15 IST" finished-at="2021-10-12T19:04:45 IST">
          <reporter-output>
          </reporter-output>
        </test-method> <!-- contract_VerifyActiveHeadingsDisplayInContractForm -->
        <test-method status="PASS" signature="contract_VerifyActiveHeadingsDisplayInContractListingPage()[pri:44, instance:com.md.testcases.ContractTest@53f65459]" name="contract_VerifyActiveHeadingsDisplayInContractListingPage" duration-ms="137078" started-at="2021-10-12T19:04:45 IST" finished-at="2021-10-12T19:07:02 IST">
          <reporter-output>
          </reporter-output>
        </test-method> <!-- contract_VerifyActiveHeadingsDisplayInContractListingPage -->
        <test-method status="PASS" signature="contract_VerifyContractListingOnLanguageChange()[pri:45, instance:com.md.testcases.ContractTest@53f65459]" name="contract_VerifyContractListingOnLanguageChange" duration-ms="103305" started-at="2021-10-12T19:07:02 IST" finished-at="2021-10-12T19:08:45 IST">
          <reporter-output>
          </reporter-output>
        </test-method> <!-- contract_VerifyContractListingOnLanguageChange -->
        <test-method status="PASS" signature="contract_VerifyCustomFieldDisplayInContractForm()[pri:46, instance:com.md.testcases.ContractTest@53f65459]" name="contract_VerifyCustomFieldDisplayInContractForm" duration-ms="217281" started-at="2021-10-12T19:08:45 IST" finished-at="2021-10-12T19:12:23 IST">
          <reporter-output>
          </reporter-output>
        </test-method> <!-- contract_VerifyCustomFieldDisplayInContractForm -->
        <test-method status="PASS" signature="Teardown()[pri:0, instance:com.md.testcases.ContractTest@53f65459]" name="Teardown" is-config="true" duration-ms="473" started-at="2021-10-12T19:12:23 IST" finished-at="2021-10-12T19:12:23 IST">
          <reporter-output>
          </reporter-output>
        </test-method> <!-- Teardown -->
      </class> <!-- com.md.testcases.ContractTest -->
    </test> <!-- Default test -->
  </suite> <!-- Default suite -->
</testng-results>
