<?xml version="1.0" encoding="UTF-8"?>
<testng-results skipped="0" failed="0" ignored="0" total="1" passed="1">
  <reporter-output>
  </reporter-output>
  <suite name="Default suite" duration-ms="43515" started-at="2021-09-16T21:15:30 IST" finished-at="2021-09-16T21:16:13 IST">
    <groups>
    </groups>
    <test name="Default test" duration-ms="43515" started-at="2021-09-16T21:15:30 IST" finished-at="2021-09-16T21:16:13 IST">
      <class name="com.md.testcases.QuickQuotesTest">
        <test-method status="PASS" signature="createReport()[pri:0, instance:com.md.testcases.QuickQuotesTest@34cd072c]" name="createReport" is-config="true" duration-ms="98" started-at="2021-09-16T21:15:30 IST" finished-at="2021-09-16T21:15:30 IST">
          <reporter-output>
          </reporter-output>
        </test-method> <!-- createReport -->
        <test-method status="PASS" signature="setUp()[pri:0, instance:com.md.testcases.QuickQuotesTest@34cd072c]" name="setUp" is-config="true" duration-ms="26479" started-at="2021-09-16T21:15:30 IST" finished-at="2021-09-16T21:15:56 IST">
          <reporter-output>
          </reporter-output>
        </test-method> <!-- setUp -->
        <test-method status="PASS" signature="verifyMessage()[pri:8, instance:com.md.testcases.QuickQuotesTest@34cd072c]" name="verifyMessage" duration-ms="16994" started-at="2021-09-16T21:15:56 IST" finished-at="2021-09-16T21:16:13 IST">
          <reporter-output>
          </reporter-output>
        </test-method> <!-- verifyMessage -->
        <test-method status="PASS" signature="tearDown(org.testng.ITestResult)[pri:0, instance:com.md.testcases.QuickQuotesTest@34cd072c]" name="tearDown" is-config="true" duration-ms="9" started-at="2021-09-16T21:16:13 IST" finished-at="2021-09-16T21:16:13 IST">
          <params>
            <param index="0">
              <value>
                <![CDATA[[TestResult name=verifyMessage status=SUCCESS method=QuickQuotesTest.verifyMessage()[pri:8, instance:com.md.testcases.QuickQuotesTest@34cd072c] output={null}]]]>
              </value>
            </param>
          </params>
          <reporter-output>
          </reporter-output>
        </test-method> <!-- tearDown -->
        <test-method status="PASS" signature="reportTeardown()[pri:0, instance:com.md.testcases.QuickQuotesTest@34cd072c]" name="reportTeardown" is-config="true" duration-ms="382" started-at="2021-09-16T21:16:13 IST" finished-at="2021-09-16T21:16:14 IST">
          <reporter-output>
          </reporter-output>
        </test-method> <!-- reportTeardown -->
      </class> <!-- com.md.testcases.QuickQuotesTest -->
    </test> <!-- Default test -->
  </suite> <!-- Default suite -->
</testng-results>
