<?xml version="1.0" encoding="UTF-8"?>
<testng-results skipped="0" failed="0" ignored="0" total="5" passed="5">
  <reporter-output>
  </reporter-output>
  <suite name="Default suite" duration-ms="234516" started-at="2022-01-03T23:23:31 IST" finished-at="2022-01-03T23:27:25 IST">
    <groups>
    </groups>
    <test name="Default test" duration-ms="234516" started-at="2022-01-03T23:23:31 IST" finished-at="2022-01-03T23:27:25 IST">
      <class name="com.md.testcases.QuickQuotesTest">
        <test-method status="PASS" signature="QQSetUp()[pri:0, instance:com.md.testcases.QuickQuotesTest@b7dd107]" name="QQSetUp" is-config="true" duration-ms="97066" started-at="2022-01-03T23:23:31 IST" finished-at="2022-01-03T23:25:08 IST">
          <reporter-output>
          </reporter-output>
        </test-method> <!-- QQSetUp -->
        <test-method status="PASS" signature="Test()[pri:0, instance:com.md.testcases.QuickQuotesTest@b7dd107]" name="Test" is-config="true" duration-ms="4400" started-at="2022-01-03T23:25:08 IST" finished-at="2022-01-03T23:25:12 IST">
          <reporter-output>
          </reporter-output>
        </test-method> <!-- Test -->
        <test-method status="PASS" signature="qq_VerifyDeleteQuote()[pri:6, instance:com.md.testcases.QuickQuotesTest@b7dd107]" name="qq_VerifyDeleteQuote" duration-ms="23192" started-at="2022-01-03T23:25:12 IST" finished-at="2022-01-03T23:25:35 IST">
          <reporter-output>
          </reporter-output>
        </test-method> <!-- qq_VerifyDeleteQuote -->
        <test-method status="PASS" signature="Test()[pri:0, instance:com.md.testcases.QuickQuotesTest@b7dd107]" name="Test" is-config="true" duration-ms="4313" started-at="2022-01-03T23:25:35 IST" finished-at="2022-01-03T23:25:40 IST">
          <reporter-output>
          </reporter-output>
        </test-method> <!-- Test -->
        <test-method status="PASS" signature="qq_VerifyDeleteQuote()[pri:6, instance:com.md.testcases.QuickQuotesTest@b7dd107]" name="qq_VerifyDeleteQuote" duration-ms="23077" started-at="2022-01-03T23:25:40 IST" finished-at="2022-01-03T23:26:03 IST">
          <reporter-output>
          </reporter-output>
        </test-method> <!-- qq_VerifyDeleteQuote -->
        <test-method status="PASS" signature="Test()[pri:0, instance:com.md.testcases.QuickQuotesTest@b7dd107]" name="Test" is-config="true" duration-ms="4391" started-at="2022-01-03T23:26:03 IST" finished-at="2022-01-03T23:26:07 IST">
          <reporter-output>
          </reporter-output>
        </test-method> <!-- Test -->
        <test-method status="PASS" signature="qq_VerifyDeleteQuote()[pri:6, instance:com.md.testcases.QuickQuotesTest@b7dd107]" name="qq_VerifyDeleteQuote" duration-ms="23037" started-at="2022-01-03T23:26:07 IST" finished-at="2022-01-03T23:26:30 IST">
          <reporter-output>
          </reporter-output>
        </test-method> <!-- qq_VerifyDeleteQuote -->
        <test-method status="PASS" signature="Test()[pri:0, instance:com.md.testcases.QuickQuotesTest@b7dd107]" name="Test" is-config="true" duration-ms="4412" started-at="2022-01-03T23:26:30 IST" finished-at="2022-01-03T23:26:35 IST">
          <reporter-output>
          </reporter-output>
        </test-method> <!-- Test -->
        <test-method status="PASS" signature="qq_VerifyDeleteQuote()[pri:6, instance:com.md.testcases.QuickQuotesTest@b7dd107]" name="qq_VerifyDeleteQuote" duration-ms="23022" started-at="2022-01-03T23:26:35 IST" finished-at="2022-01-03T23:26:58 IST">
          <reporter-output>
          </reporter-output>
        </test-method> <!-- qq_VerifyDeleteQuote -->
        <test-method status="PASS" signature="Test()[pri:0, instance:com.md.testcases.QuickQuotesTest@b7dd107]" name="Test" is-config="true" duration-ms="4342" started-at="2022-01-03T23:26:58 IST" finished-at="2022-01-03T23:27:02 IST">
          <reporter-output>
          </reporter-output>
        </test-method> <!-- Test -->
        <test-method status="PASS" signature="qq_VerifyDeleteQuote()[pri:6, instance:com.md.testcases.QuickQuotesTest@b7dd107]" name="qq_VerifyDeleteQuote" duration-ms="23038" started-at="2022-01-03T23:27:02 IST" finished-at="2022-01-03T23:27:25 IST">
          <reporter-output>
          </reporter-output>
        </test-method> <!-- qq_VerifyDeleteQuote -->
        <test-method status="PASS" signature="Teardown()[pri:0, instance:com.md.testcases.QuickQuotesTest@b7dd107]" name="Teardown" is-config="true" duration-ms="181" started-at="2022-01-03T23:27:25 IST" finished-at="2022-01-03T23:27:25 IST">
          <reporter-output>
          </reporter-output>
        </test-method> <!-- Teardown -->
      </class> <!-- com.md.testcases.QuickQuotesTest -->
    </test> <!-- Default test -->
  </suite> <!-- Default suite -->
</testng-results>
