<?xml version="1.0" encoding="UTF-8"?>
<testng-results skipped="0" failed="0" ignored="0" total="1" passed="1">
  <reporter-output>
  </reporter-output>
  <suite name="Default suite" duration-ms="53424" started-at="2021-07-23T17:54:36 IST" finished-at="2021-07-23T17:55:30 IST">
    <groups>
    </groups>
    <test name="Default test" duration-ms="53424" started-at="2021-07-23T17:54:36 IST" finished-at="2021-07-23T17:55:30 IST">
      <class name="com.md.testcases.QuickQuotesTest">
        <test-method status="PASS" signature="createReport()[pri:0, instance:com.md.testcases.QuickQuotesTest@7a1ebcd8]" name="createReport" is-config="true" duration-ms="93" started-at="2021-07-23T17:54:36 IST" finished-at="2021-07-23T17:54:36 IST">
          <reporter-output>
          </reporter-output>
        </test-method> <!-- createReport -->
        <test-method status="PASS" signature="setUp()[pri:0, instance:com.md.testcases.QuickQuotesTest@7a1ebcd8]" name="setUp" is-config="true" duration-ms="51879" started-at="2021-07-23T17:54:36 IST" finished-at="2021-07-23T17:55:28 IST">
          <reporter-output>
          </reporter-output>
        </test-method> <!-- setUp -->
        <test-method status="PASS" signature="verifyGetQuoteButtonIsDisable()[pri:2, instance:com.md.testcases.QuickQuotesTest@7a1ebcd8]" name="verifyGetQuoteButtonIsDisable" duration-ms="1337" started-at="2021-07-23T17:55:28 IST" finished-at="2021-07-23T17:55:29 IST">
          <reporter-output>
          </reporter-output>
        </test-method> <!-- verifyGetQuoteButtonIsDisable -->
        <test-method status="PASS" signature="tearDown(org.testng.ITestResult)[pri:0, instance:com.md.testcases.QuickQuotesTest@7a1ebcd8]" name="tearDown" is-config="true" duration-ms="2" started-at="2021-07-23T17:55:29 IST" finished-at="2021-07-23T17:55:29 IST">
          <params>
            <param index="0">
              <value>
                <![CDATA[[TestResult name=verifyGetQuoteButtonIsDisable status=SUCCESS method=QuickQuotesTest.verifyGetQuoteButtonIsDisable()[pri:2, instance:com.md.testcases.QuickQuotesTest@7a1ebcd8] output={null}]]]>
              </value>
            </param>
          </params>
          <reporter-output>
          </reporter-output>
        </test-method> <!-- tearDown -->
        <test-method status="PASS" signature="Teardown()[pri:0, instance:com.md.testcases.QuickQuotesTest@7a1ebcd8]" name="Teardown" is-config="true" duration-ms="179" started-at="2021-07-23T17:55:29 IST" finished-at="2021-07-23T17:55:30 IST">
          <reporter-output>
          </reporter-output>
        </test-method> <!-- Teardown -->
        <test-method status="PASS" signature="reportTeardown()[pri:0, instance:com.md.testcases.QuickQuotesTest@7a1ebcd8]" name="reportTeardown" is-config="true" duration-ms="311" started-at="2021-07-23T17:55:30 IST" finished-at="2021-07-23T17:55:30 IST">
          <reporter-output>
          </reporter-output>
        </test-method> <!-- reportTeardown -->
      </class> <!-- com.md.testcases.QuickQuotesTest -->
    </test> <!-- Default test -->
  </suite> <!-- Default suite -->
</testng-results>
