<?xml version="1.0" encoding="UTF-8"?>
<testng-results skipped="0" failed="0" ignored="0" total="1" passed="1">
  <reporter-output>
  </reporter-output>
  <suite name="Default suite" duration-ms="80720" started-at="2022-02-24T10:36:58 IST" finished-at="2022-02-24T10:38:19 IST">
    <groups>
    </groups>
    <test name="Default test" duration-ms="80720" started-at="2022-02-24T10:36:58 IST" finished-at="2022-02-24T10:38:19 IST">
      <class name="com.md.testcases.QuickQuotesTest">
        <test-method status="PASS" signature="QQSetUp()[pri:0, instance:com.md.testcases.QuickQuotesTest@42607a4f]" name="QQSetUp" is-config="true" duration-ms="56595" started-at="2022-02-24T10:36:59 IST" finished-at="2022-02-24T10:37:55 IST">
          <reporter-output>
          </reporter-output>
        </test-method> <!-- QQSetUp -->
        <test-method status="PASS" signature="Test()[pri:0, instance:com.md.testcases.QuickQuotesTest@42607a4f]" name="Test" is-config="true" duration-ms="4507" started-at="2022-02-24T10:37:55 IST" finished-at="2022-02-24T10:38:00 IST">
          <reporter-output>
          </reporter-output>
        </test-method> <!-- Test -->
        <test-method status="PASS" signature="qq_VerifyCurrencySymbol()[pri:19, instance:com.md.testcases.QuickQuotesTest@42607a4f]" name="qq_VerifyCurrencySymbol" duration-ms="19584" started-at="2022-02-24T10:38:00 IST" finished-at="2022-02-24T10:38:19 IST">
          <reporter-output>
          </reporter-output>
        </test-method> <!-- qq_VerifyCurrencySymbol -->
      </class> <!-- com.md.testcases.QuickQuotesTest -->
    </test> <!-- Default test -->
  </suite> <!-- Default suite -->
</testng-results>
