<?xml version="1.0" encoding="UTF-8"?>
<testng-results skipped="0" failed="0" ignored="0" total="1" passed="1">
  <reporter-output>
  </reporter-output>
  <suite name="Default suite" duration-ms="34489" started-at="2022-04-01T11:34:15 IST" finished-at="2022-04-01T11:34:50 IST">
    <groups>
    </groups>
    <test name="Default test" duration-ms="34489" started-at="2022-04-01T11:34:15 IST" finished-at="2022-04-01T11:34:50 IST">
      <class name="com.md.testcases.MDEventTest">
        <test-method status="PASS" signature="setUp()[pri:0, instance:com.md.testcases.MDEventTest@4fb64261]" name="setUp" is-config="true" duration-ms="19217" started-at="2022-04-01T11:34:15 IST" finished-at="2022-04-01T11:34:34 IST">
          <reporter-output>
          </reporter-output>
        </test-method> <!-- setUp -->
        <test-method status="PASS" signature="hello()[pri:2, instance:com.md.testcases.MDEventTest@4fb64261]" name="hello" duration-ms="15238" started-at="2022-04-01T11:34:34 IST" finished-at="2022-04-01T11:34:50 IST">
          <reporter-output>
          </reporter-output>
        </test-method> <!-- hello -->
      </class> <!-- com.md.testcases.MDEventTest -->
    </test> <!-- Default test -->
  </suite> <!-- Default suite -->
</testng-results>
