<?xml version="1.0" encoding="UTF-8"?>
<testng-results skipped="0" failed="0" ignored="0" total="4" passed="4">
  <reporter-output>
  </reporter-output>
  <suite name="Suite" duration-ms="189530" started-at="2021-10-13T20:52:15 IST" finished-at="2021-10-13T20:55:25 IST">
    <groups>
    </groups>
    <test name="Test" duration-ms="189530" started-at="2021-10-13T20:52:15 IST" finished-at="2021-10-13T20:55:25 IST">
      <class name="com.md.testcases.ContractTest">
        <test-method status="PASS" signature="setUp()[pri:0, instance:com.md.testcases.ContractTest@12405818]" name="setUp" is-config="true" duration-ms="56176" started-at="2021-10-13T20:53:46 IST" finished-at="2021-10-13T20:54:42 IST">
          <reporter-output>
          </reporter-output>
        </test-method> <!-- setUp -->
        <test-method status="PASS" signature="contract_VerifyHeadingOnContractListingPage()[pri:12, instance:com.md.testcases.ContractTest@12405818]" name="contract_VerifyHeadingOnContractListingPage" duration-ms="38288" started-at="2021-10-13T20:54:42 IST" finished-at="2021-10-13T20:55:20 IST">
          <reporter-output>
          </reporter-output>
        </test-method> <!-- contract_VerifyHeadingOnContractListingPage -->
        <test-method status="PASS" signature="Teardown()[pri:0, instance:com.md.testcases.ContractTest@12405818]" name="Teardown" is-config="true" duration-ms="4091" started-at="2021-10-13T20:55:20 IST" finished-at="2021-10-13T20:55:25 IST">
          <reporter-output>
          </reporter-output>
        </test-method> <!-- Teardown -->
      </class> <!-- com.md.testcases.ContractTest -->
      <class name="com.md.testcases.QuickQuotesTest">
        <test-method status="PASS" signature="QQSetUp()[pri:0, instance:com.md.testcases.QuickQuotesTest@6c3f5566]" name="QQSetUp" is-config="true" duration-ms="65255" started-at="2021-10-13T20:52:15 IST" finished-at="2021-10-13T20:53:20 IST">
          <reporter-output>
          </reporter-output>
        </test-method> <!-- QQSetUp -->
        <test-method status="PASS" signature="qq_VerifyGetQuoteButtonIsDisable()[pri:2, instance:com.md.testcases.QuickQuotesTest@6c3f5566]" name="qq_VerifyGetQuoteButtonIsDisable" duration-ms="4148" started-at="2021-10-13T20:53:20 IST" finished-at="2021-10-13T20:53:24 IST">
          <reporter-output>
          </reporter-output>
        </test-method> <!-- qq_VerifyGetQuoteButtonIsDisable -->
        <test-method status="PASS" signature="qq_VerifyToasterMessage()[pri:3, instance:com.md.testcases.QuickQuotesTest@6c3f5566]" name="qq_VerifyToasterMessage" duration-ms="9726" started-at="2021-10-13T20:53:24 IST" finished-at="2021-10-13T20:53:34 IST">
          <reporter-output>
          </reporter-output>
        </test-method> <!-- qq_VerifyToasterMessage -->
        <test-method status="PASS" signature="qq_VerifyQuotebyName()[pri:4, instance:com.md.testcases.QuickQuotesTest@6c3f5566]" name="qq_VerifyQuotebyName" duration-ms="11639" started-at="2021-10-13T20:53:34 IST" finished-at="2021-10-13T20:53:46 IST">
          <reporter-output>
          </reporter-output>
        </test-method> <!-- qq_VerifyQuotebyName -->
        <test-method status="PASS" signature="Teardown()[pri:0, instance:com.md.testcases.QuickQuotesTest@6c3f5566]" name="Teardown" is-config="true" duration-ms="155" started-at="2021-10-13T20:53:46 IST" finished-at="2021-10-13T20:53:46 IST">
          <reporter-output>
          </reporter-output>
        </test-method> <!-- Teardown -->
      </class> <!-- com.md.testcases.QuickQuotesTest -->
    </test> <!-- Test -->
  </suite> <!-- Suite -->
</testng-results>
